SLF4J: Class path contains multiple SLF4J bindings.
SLF4J: Found binding in [jar:file:/home/peifeng/storm-0.10.0/lib/log4j-slf4j-impl-2.1.jar!/org/slf4j/impl/StaticLoggerBinder.class]
SLF4J: Found binding in [jar:file:/home/peifeng/storm-0.10.0/data/supervisor/stormdist/dnn_classification-1-1467756390/stormjar.jar!/org/slf4j/impl/StaticLoggerBinder.class]
SLF4J: See http://www.slf4j.org/codes.html#multiple_bindings for an explanation.
SLF4J: Actual binding is of type [org.apache.logging.slf4j.Log4jLoggerFactory]
[libprotobuf ERROR google/protobuf/text_format.cc:245] Error parsing text-format caffe.NetParameter: 6:15: Message type "caffe.LayerParameter" has no field named "input_param".
WARNING: Logging before InitGoogleLogging() is written to STDERR
F0705 18:06:52.291682 17424 upgrade_proto.cpp:68] Check failed: ReadProtoFromTextFile(param_file, param) Failed to parse NetParameter file: /tmp/cvld5687520678733382516/bvlc_googlenet.prototxt
*** Check failure stack trace: ***
SLF4J: Class path contains multiple SLF4J bindings.
SLF4J: Found binding in [jar:file:/home/peifeng/storm-0.10.0/lib/log4j-slf4j-impl-2.1.jar!/org/slf4j/impl/StaticLoggerBinder.class]
SLF4J: Found binding in [jar:file:/home/peifeng/storm-0.10.0/data/supervisor/stormdist/dnn_classification-1-1467756390/stormjar.jar!/org/slf4j/impl/StaticLoggerBinder.class]
SLF4J: See http://www.slf4j.org/codes.html#multiple_bindings for an explanation.
SLF4J: Actual binding is of type [org.apache.logging.slf4j.Log4jLoggerFactory]
[libprotobuf ERROR google/protobuf/text_format.cc:245] Error parsing text-format caffe.NetParameter: 6:15: Message type "caffe.LayerParameter" has no field named "input_param".
WARNING: Logging before InitGoogleLogging() is written to STDERR
F0705 18:07:31.256026 17544 upgrade_proto.cpp:68] Check failed: ReadProtoFromTextFile(param_file, param) Failed to parse NetParameter file: /tmp/cvld785441518627715292/bvlc_googlenet.prototxt
*** Check failure stack trace: ***
SLF4J: Class path contains multiple SLF4J bindings.
SLF4J: Found binding in [jar:file:/home/peifeng/storm-0.10.0/lib/log4j-slf4j-impl-2.1.jar!/org/slf4j/impl/StaticLoggerBinder.class]
SLF4J: Found binding in [jar:file:/home/peifeng/storm-0.10.0/data/supervisor/stormdist/dnn_classification-1-1467756390/stormjar.jar!/org/slf4j/impl/StaticLoggerBinder.class]
SLF4J: See http://www.slf4j.org/codes.html#multiple_bindings for an explanation.
SLF4J: Actual binding is of type [org.apache.logging.slf4j.Log4jLoggerFactory]
[libprotobuf ERROR google/protobuf/text_format.cc:245] Error parsing text-format caffe.NetParameter: 6:15: Message type "caffe.LayerParameter" has no field named "input_param".
WARNING: Logging before InitGoogleLogging() is written to STDERR
F0705 18:07:41.320238 17677 upgrade_proto.cpp:68] Check failed: ReadProtoFromTextFile(param_file, param) Failed to parse NetParameter file: /tmp/cvld7433103383035531724/bvlc_googlenet.prototxt
*** Check failure stack trace: ***
SLF4J: Class path contains multiple SLF4J bindings.
SLF4J: Found binding in [jar:file:/home/peifeng/storm-0.10.0/lib/log4j-slf4j-impl-2.1.jar!/org/slf4j/impl/StaticLoggerBinder.class]
SLF4J: Found binding in [jar:file:/home/peifeng/storm-0.10.0/data/supervisor/stormdist/dnn_classification-1-1467756390/stormjar.jar!/org/slf4j/impl/StaticLoggerBinder.class]
SLF4J: See http://www.slf4j.org/codes.html#multiple_bindings for an explanation.
SLF4J: Actual binding is of type [org.apache.logging.slf4j.Log4jLoggerFactory]
[libprotobuf ERROR google/protobuf/text_format.cc:245] Error parsing text-format caffe.NetParameter: 6:15: Message type "caffe.LayerParameter" has no field named "input_param".
WARNING: Logging before InitGoogleLogging() is written to STDERR
F0705 18:07:49.192646 17805 upgrade_proto.cpp:68] Check failed: ReadProtoFromTextFile(param_file, param) Failed to parse NetParameter file: /tmp/cvld113479391693104678/bvlc_googlenet.prototxt
*** Check failure stack trace: ***
SLF4J: Class path contains multiple SLF4J bindings.
SLF4J: Found binding in [jar:file:/home/peifeng/storm-0.10.0/lib/log4j-slf4j-impl-2.1.jar!/org/slf4j/impl/StaticLoggerBinder.class]
SLF4J: Found binding in [jar:file:/home/peifeng/storm-0.10.0/data/supervisor/stormdist/dnn_classification-1-1467756390/stormjar.jar!/org/slf4j/impl/StaticLoggerBinder.class]
SLF4J: See http://www.slf4j.org/codes.html#multiple_bindings for an explanation.
SLF4J: Actual binding is of type [org.apache.logging.slf4j.Log4jLoggerFactory]
[libprotobuf ERROR google/protobuf/text_format.cc:245] Error parsing text-format caffe.NetParameter: 6:15: Message type "caffe.LayerParameter" has no field named "input_param".
WARNING: Logging before InitGoogleLogging() is written to STDERR
F0705 18:07:57.243793 17922 upgrade_proto.cpp:68] Check failed: ReadProtoFromTextFile(param_file, param) Failed to parse NetParameter file: /tmp/cvld6644652613696997760/bvlc_googlenet.prototxt
*** Check failure stack trace: ***
SLF4J: Class path contains multiple SLF4J bindings.
SLF4J: Found binding in [jar:file:/home/peifeng/storm-0.10.0/lib/log4j-slf4j-impl-2.1.jar!/org/slf4j/impl/StaticLoggerBinder.class]
SLF4J: Found binding in [jar:file:/home/peifeng/storm-0.10.0/data/supervisor/stormdist/dnn_classification-1-1467756390/stormjar.jar!/org/slf4j/impl/StaticLoggerBinder.class]
SLF4J: See http://www.slf4j.org/codes.html#multiple_bindings for an explanation.
SLF4J: Actual binding is of type [org.apache.logging.slf4j.Log4jLoggerFactory]
[libprotobuf ERROR google/protobuf/text_format.cc:245] Error parsing text-format caffe.NetParameter: 6:15: Message type "caffe.LayerParameter" has no field named "input_param".
WARNING: Logging before InitGoogleLogging() is written to STDERR
F0705 18:08:07.235167 18040 upgrade_proto.cpp:68] Check failed: ReadProtoFromTextFile(param_file, param) Failed to parse NetParameter file: /tmp/cvld1013718496505189538/bvlc_googlenet.prototxt
*** Check failure stack trace: ***
SLF4J: Class path contains multiple SLF4J bindings.
SLF4J: Found binding in [jar:file:/home/peifeng/storm-0.10.0/lib/log4j-slf4j-impl-2.1.jar!/org/slf4j/impl/StaticLoggerBinder.class]
SLF4J: Found binding in [jar:file:/home/peifeng/storm-0.10.0/data/supervisor/stormdist/dnn_classification-1-1467756390/stormjar.jar!/org/slf4j/impl/StaticLoggerBinder.class]
SLF4J: See http://www.slf4j.org/codes.html#multiple_bindings for an explanation.
SLF4J: Actual binding is of type [org.apache.logging.slf4j.Log4jLoggerFactory]
[libprotobuf ERROR google/protobuf/text_format.cc:245] Error parsing text-format caffe.NetParameter: 6:15: Message type "caffe.LayerParameter" has no field named "input_param".
WARNING: Logging before InitGoogleLogging() is written to STDERR
F0705 18:08:16.208088 18157 upgrade_proto.cpp:68] Check failed: ReadProtoFromTextFile(param_file, param) Failed to parse NetParameter file: /tmp/cvld7106576297186974696/bvlc_googlenet.prototxt
*** Check failure stack trace: ***
SLF4J: Class path contains multiple SLF4J bindings.
SLF4J: Found binding in [jar:file:/home/peifeng/storm-0.10.0/lib/log4j-slf4j-impl-2.1.jar!/org/slf4j/impl/StaticLoggerBinder.class]
SLF4J: Found binding in [jar:file:/home/peifeng/storm-0.10.0/data/supervisor/stormdist/dnn_classification-1-1467756390/stormjar.jar!/org/slf4j/impl/StaticLoggerBinder.class]
SLF4J: See http://www.slf4j.org/codes.html#multiple_bindings for an explanation.
SLF4J: Actual binding is of type [org.apache.logging.slf4j.Log4jLoggerFactory]
[libprotobuf ERROR google/protobuf/text_format.cc:245] Error parsing text-format caffe.NetParameter: 6:15: Message type "caffe.LayerParameter" has no field named "input_param".
WARNING: Logging before InitGoogleLogging() is written to STDERR
F0705 18:08:25.270597 18274 upgrade_proto.cpp:68] Check failed: ReadProtoFromTextFile(param_file, param) Failed to parse NetParameter file: /tmp/cvld3545895436337274036/bvlc_googlenet.prototxt
*** Check failure stack trace: ***
SLF4J: Class path contains multiple SLF4J bindings.
SLF4J: Found binding in [jar:file:/home/peifeng/storm-0.10.0/lib/log4j-slf4j-impl-2.1.jar!/org/slf4j/impl/StaticLoggerBinder.class]
SLF4J: Found binding in [jar:file:/home/peifeng/storm-0.10.0/data/supervisor/stormdist/dnn_classification-1-1467756390/stormjar.jar!/org/slf4j/impl/StaticLoggerBinder.class]
SLF4J: See http://www.slf4j.org/codes.html#multiple_bindings for an explanation.
SLF4J: Actual binding is of type [org.apache.logging.slf4j.Log4jLoggerFactory]
[libprotobuf ERROR google/protobuf/text_format.cc:245] Error parsing text-format caffe.NetParameter: 6:15: Message type "caffe.LayerParameter" has no field named "input_param".
WARNING: Logging before InitGoogleLogging() is written to STDERR
F0705 18:08:34.259388 18391 upgrade_proto.cpp:68] Check failed: ReadProtoFromTextFile(param_file, param) Failed to parse NetParameter file: /tmp/cvld5824900381563140049/bvlc_googlenet.prototxt
*** Check failure stack trace: ***
SLF4J: Class path contains multiple SLF4J bindings.
SLF4J: Found binding in [jar:file:/home/peifeng/storm-0.10.0/lib/log4j-slf4j-impl-2.1.jar!/org/slf4j/impl/StaticLoggerBinder.class]
SLF4J: Found binding in [jar:file:/home/peifeng/storm-0.10.0/data/supervisor/stormdist/dnn_classification-1-1467756390/stormjar.jar!/org/slf4j/impl/StaticLoggerBinder.class]
SLF4J: See http://www.slf4j.org/codes.html#multiple_bindings for an explanation.
SLF4J: Actual binding is of type [org.apache.logging.slf4j.Log4jLoggerFactory]
[libprotobuf ERROR google/protobuf/text_format.cc:245] Error parsing text-format caffe.NetParameter: 6:15: Message type "caffe.LayerParameter" has no field named "input_param".
WARNING: Logging before InitGoogleLogging() is written to STDERR
F0705 18:08:43.206346 18510 upgrade_proto.cpp:68] Check failed: ReadProtoFromTextFile(param_file, param) Failed to parse NetParameter file: /tmp/cvld271015761072700055/bvlc_googlenet.prototxt
*** Check failure stack trace: ***
SLF4J: Class path contains multiple SLF4J bindings.
SLF4J: Found binding in [jar:file:/home/peifeng/storm-0.10.0/lib/log4j-slf4j-impl-2.1.jar!/org/slf4j/impl/StaticLoggerBinder.class]
SLF4J: Found binding in [jar:file:/home/peifeng/storm-0.10.0/data/supervisor/stormdist/dnn_classification-1-1467756390/stormjar.jar!/org/slf4j/impl/StaticLoggerBinder.class]
SLF4J: See http://www.slf4j.org/codes.html#multiple_bindings for an explanation.
SLF4J: Actual binding is of type [org.apache.logging.slf4j.Log4jLoggerFactory]
[libprotobuf ERROR google/protobuf/text_format.cc:245] Error parsing text-format caffe.NetParameter: 6:15: Message type "caffe.LayerParameter" has no field named "input_param".
WARNING: Logging before InitGoogleLogging() is written to STDERR
F0705 18:08:52.226352 18627 upgrade_proto.cpp:68] Check failed: ReadProtoFromTextFile(param_file, param) Failed to parse NetParameter file: /tmp/cvld8575393596323835579/bvlc_googlenet.prototxt
*** Check failure stack trace: ***
SLF4J: Class path contains multiple SLF4J bindings.
SLF4J: Found binding in [jar:file:/home/peifeng/storm-0.10.0/lib/log4j-slf4j-impl-2.1.jar!/org/slf4j/impl/StaticLoggerBinder.class]
SLF4J: Found binding in [jar:file:/home/peifeng/storm-0.10.0/data/supervisor/stormdist/dnn_classification-1-1467756390/stormjar.jar!/org/slf4j/impl/StaticLoggerBinder.class]
SLF4J: See http://www.slf4j.org/codes.html#multiple_bindings for an explanation.
SLF4J: Actual binding is of type [org.apache.logging.slf4j.Log4jLoggerFactory]
[libprotobuf ERROR google/protobuf/text_format.cc:245] Error parsing text-format caffe.NetParameter: 6:15: Message type "caffe.LayerParameter" has no field named "input_param".
WARNING: Logging before InitGoogleLogging() is written to STDERR
F0705 18:09:01.282439 18744 upgrade_proto.cpp:68] Check failed: ReadProtoFromTextFile(param_file, param) Failed to parse NetParameter file: /tmp/cvld8538993437181561230/bvlc_googlenet.prototxt
*** Check failure stack trace: ***
SLF4J: Class path contains multiple SLF4J bindings.
SLF4J: Found binding in [jar:file:/home/peifeng/storm-0.10.0/lib/log4j-slf4j-impl-2.1.jar!/org/slf4j/impl/StaticLoggerBinder.class]
SLF4J: Found binding in [jar:file:/home/peifeng/storm-0.10.0/data/supervisor/stormdist/dnn_classification-1-1467756390/stormjar.jar!/org/slf4j/impl/StaticLoggerBinder.class]
SLF4J: See http://www.slf4j.org/codes.html#multiple_bindings for an explanation.
SLF4J: Actual binding is of type [org.apache.logging.slf4j.Log4jLoggerFactory]
[libprotobuf ERROR google/protobuf/text_format.cc:245] Error parsing text-format caffe.NetParameter: 6:15: Message type "caffe.LayerParameter" has no field named "input_param".
WARNING: Logging before InitGoogleLogging() is written to STDERR
F0705 18:09:10.214395 18862 upgrade_proto.cpp:68] Check failed: ReadProtoFromTextFile(param_file, param) Failed to parse NetParameter file: /tmp/cvld6851365137821596212/bvlc_googlenet.prototxt
*** Check failure stack trace: ***
SLF4J: Class path contains multiple SLF4J bindings.
SLF4J: Found binding in [jar:file:/home/peifeng/storm-0.10.0/lib/log4j-slf4j-impl-2.1.jar!/org/slf4j/impl/StaticLoggerBinder.class]
SLF4J: Found binding in [jar:file:/home/peifeng/storm-0.10.0/data/supervisor/stormdist/dnn_classification-1-1467756390/stormjar.jar!/org/slf4j/impl/StaticLoggerBinder.class]
SLF4J: See http://www.slf4j.org/codes.html#multiple_bindings for an explanation.
SLF4J: Actual binding is of type [org.apache.logging.slf4j.Log4jLoggerFactory]
[libprotobuf ERROR google/protobuf/text_format.cc:245] Error parsing text-format caffe.NetParameter: 6:15: Message type "caffe.LayerParameter" has no field named "input_param".
WARNING: Logging before InitGoogleLogging() is written to STDERR
F0705 18:09:19.537757 18979 upgrade_proto.cpp:68] Check failed: ReadProtoFromTextFile(param_file, param) Failed to parse NetParameter file: /tmp/cvld8219162205587716120/bvlc_googlenet.prototxt
*** Check failure stack trace: ***
SLF4J: Class path contains multiple SLF4J bindings.
SLF4J: Found binding in [jar:file:/home/peifeng/storm-0.10.0/lib/log4j-slf4j-impl-2.1.jar!/org/slf4j/impl/StaticLoggerBinder.class]
SLF4J: Found binding in [jar:file:/home/peifeng/storm-0.10.0/data/supervisor/stormdist/dnn_classification-1-1467756390/stormjar.jar!/org/slf4j/impl/StaticLoggerBinder.class]
SLF4J: See http://www.slf4j.org/codes.html#multiple_bindings for an explanation.
SLF4J: Actual binding is of type [org.apache.logging.slf4j.Log4jLoggerFactory]
[libprotobuf ERROR google/protobuf/text_format.cc:245] Error parsing text-format caffe.NetParameter: 6:15: Message type "caffe.LayerParameter" has no field named "input_param".
WARNING: Logging before InitGoogleLogging() is written to STDERR
F0705 18:09:27.197324 19096 upgrade_proto.cpp:68] Check failed: ReadProtoFromTextFile(param_file, param) Failed to parse NetParameter file: /tmp/cvld4708048986972910043/bvlc_googlenet.prototxt
*** Check failure stack trace: ***
SLF4J: Class path contains multiple SLF4J bindings.
SLF4J: Found binding in [jar:file:/home/peifeng/storm-0.10.0/lib/log4j-slf4j-impl-2.1.jar!/org/slf4j/impl/StaticLoggerBinder.class]
SLF4J: Found binding in [jar:file:/home/peifeng/storm-0.10.0/data/supervisor/stormdist/dnn_classification-1-1467756390/stormjar.jar!/org/slf4j/impl/StaticLoggerBinder.class]
SLF4J: See http://www.slf4j.org/codes.html#multiple_bindings for an explanation.
SLF4J: Actual binding is of type [org.apache.logging.slf4j.Log4jLoggerFactory]
[libprotobuf ERROR google/protobuf/text_format.cc:245] Error parsing text-format caffe.NetParameter: 6:15: Message type "caffe.LayerParameter" has no field named "input_param".
WARNING: Logging before InitGoogleLogging() is written to STDERR
F0705 18:09:37.246860 19213 upgrade_proto.cpp:68] Check failed: ReadProtoFromTextFile(param_file, param) Failed to parse NetParameter file: /tmp/cvld9005514533058139480/bvlc_googlenet.prototxt
*** Check failure stack trace: ***
SLF4J: Class path contains multiple SLF4J bindings.
SLF4J: Found binding in [jar:file:/home/peifeng/storm-0.10.0/lib/log4j-slf4j-impl-2.1.jar!/org/slf4j/impl/StaticLoggerBinder.class]
SLF4J: Found binding in [jar:file:/home/peifeng/storm-0.10.0/data/supervisor/stormdist/dnn_classification-1-1467756390/stormjar.jar!/org/slf4j/impl/StaticLoggerBinder.class]
SLF4J: See http://www.slf4j.org/codes.html#multiple_bindings for an explanation.
SLF4J: Actual binding is of type [org.apache.logging.slf4j.Log4jLoggerFactory]
[libprotobuf ERROR google/protobuf/text_format.cc:245] Error parsing text-format caffe.NetParameter: 6:15: Message type "caffe.LayerParameter" has no field named "input_param".
WARNING: Logging before InitGoogleLogging() is written to STDERR
F0705 18:09:46.215315 19330 upgrade_proto.cpp:68] Check failed: ReadProtoFromTextFile(param_file, param) Failed to parse NetParameter file: /tmp/cvld7837613959847070098/bvlc_googlenet.prototxt
*** Check failure stack trace: ***
SLF4J: Class path contains multiple SLF4J bindings.
SLF4J: Found binding in [jar:file:/home/peifeng/storm-0.10.0/lib/log4j-slf4j-impl-2.1.jar!/org/slf4j/impl/StaticLoggerBinder.class]
SLF4J: Found binding in [jar:file:/home/peifeng/storm-0.10.0/data/supervisor/stormdist/dnn_classification-1-1467756390/stormjar.jar!/org/slf4j/impl/StaticLoggerBinder.class]
SLF4J: See http://www.slf4j.org/codes.html#multiple_bindings for an explanation.
SLF4J: Actual binding is of type [org.apache.logging.slf4j.Log4jLoggerFactory]
[libprotobuf ERROR google/protobuf/text_format.cc:245] Error parsing text-format caffe.NetParameter: 6:15: Message type "caffe.LayerParameter" has no field named "input_param".
WARNING: Logging before InitGoogleLogging() is written to STDERR
F0705 18:09:55.244367 19447 upgrade_proto.cpp:68] Check failed: ReadProtoFromTextFile(param_file, param) Failed to parse NetParameter file: /tmp/cvld2170397984822994605/bvlc_googlenet.prototxt
*** Check failure stack trace: ***
SLF4J: Class path contains multiple SLF4J bindings.
SLF4J: Found binding in [jar:file:/home/peifeng/storm-0.10.0/lib/log4j-slf4j-impl-2.1.jar!/org/slf4j/impl/StaticLoggerBinder.class]
SLF4J: Found binding in [jar:file:/home/peifeng/storm-0.10.0/data/supervisor/stormdist/dnn_classification-1-1467756390/stormjar.jar!/org/slf4j/impl/StaticLoggerBinder.class]
SLF4J: See http://www.slf4j.org/codes.html#multiple_bindings for an explanation.
SLF4J: Actual binding is of type [org.apache.logging.slf4j.Log4jLoggerFactory]
[libprotobuf ERROR google/protobuf/text_format.cc:245] Error parsing text-format caffe.NetParameter: 6:15: Message type "caffe.LayerParameter" has no field named "input_param".
WARNING: Logging before InitGoogleLogging() is written to STDERR
F0705 18:10:04.218864 19564 upgrade_proto.cpp:68] Check failed: ReadProtoFromTextFile(param_file, param) Failed to parse NetParameter file: /tmp/cvld3173543556558199961/bvlc_googlenet.prototxt
*** Check failure stack trace: ***
SLF4J: Class path contains multiple SLF4J bindings.
SLF4J: Found binding in [jar:file:/home/peifeng/storm-0.10.0/lib/log4j-slf4j-impl-2.1.jar!/org/slf4j/impl/StaticLoggerBinder.class]
SLF4J: Found binding in [jar:file:/home/peifeng/storm-0.10.0/data/supervisor/stormdist/dnn_classification-1-1467756390/stormjar.jar!/org/slf4j/impl/StaticLoggerBinder.class]
SLF4J: See http://www.slf4j.org/codes.html#multiple_bindings for an explanation.
SLF4J: Actual binding is of type [org.apache.logging.slf4j.Log4jLoggerFactory]
[libprotobuf ERROR google/protobuf/text_format.cc:245] Error parsing text-format caffe.NetParameter: 6:15: Message type "caffe.LayerParameter" has no field named "input_param".
WARNING: Logging before InitGoogleLogging() is written to STDERR
F0705 18:10:13.212775 19682 upgrade_proto.cpp:68] Check failed: ReadProtoFromTextFile(param_file, param) Failed to parse NetParameter file: /tmp/cvld6583869998599926846/bvlc_googlenet.prototxt
*** Check failure stack trace: ***
SLF4J: Class path contains multiple SLF4J bindings.
SLF4J: Found binding in [jar:file:/home/peifeng/storm-0.10.0/lib/log4j-slf4j-impl-2.1.jar!/org/slf4j/impl/StaticLoggerBinder.class]
SLF4J: Found binding in [jar:file:/home/peifeng/storm-0.10.0/data/supervisor/stormdist/dnn_classification-1-1467756390/stormjar.jar!/org/slf4j/impl/StaticLoggerBinder.class]
SLF4J: See http://www.slf4j.org/codes.html#multiple_bindings for an explanation.
SLF4J: Actual binding is of type [org.apache.logging.slf4j.Log4jLoggerFactory]
[libprotobuf ERROR google/protobuf/text_format.cc:245] Error parsing text-format caffe.NetParameter: 6:15: Message type "caffe.LayerParameter" has no field named "input_param".
WARNING: Logging before InitGoogleLogging() is written to STDERR
F0705 18:10:22.223724 19799 upgrade_proto.cpp:68] Check failed: ReadProtoFromTextFile(param_file, param) Failed to parse NetParameter file: /tmp/cvld5145707430299210235/bvlc_googlenet.prototxt
*** Check failure stack trace: ***
SLF4J: Class path contains multiple SLF4J bindings.
SLF4J: Found binding in [jar:file:/home/peifeng/storm-0.10.0/lib/log4j-slf4j-impl-2.1.jar!/org/slf4j/impl/StaticLoggerBinder.class]
SLF4J: Found binding in [jar:file:/home/peifeng/storm-0.10.0/data/supervisor/stormdist/dnn_classification-1-1467756390/stormjar.jar!/org/slf4j/impl/StaticLoggerBinder.class]
SLF4J: See http://www.slf4j.org/codes.html#multiple_bindings for an explanation.
SLF4J: Actual binding is of type [org.apache.logging.slf4j.Log4jLoggerFactory]
[libprotobuf ERROR google/protobuf/text_format.cc:245] Error parsing text-format caffe.NetParameter: 6:15: Message type "caffe.LayerParameter" has no field named "input_param".
WARNING: Logging before InitGoogleLogging() is written to STDERR
F0705 18:10:31.572791 19916 upgrade_proto.cpp:68] Check failed: ReadProtoFromTextFile(param_file, param) Failed to parse NetParameter file: /tmp/cvld2006788611117764679/bvlc_googlenet.prototxt
*** Check failure stack trace: ***
SLF4J: Class path contains multiple SLF4J bindings.
SLF4J: Found binding in [jar:file:/home/peifeng/storm-0.10.0/lib/log4j-slf4j-impl-2.1.jar!/org/slf4j/impl/StaticLoggerBinder.class]
SLF4J: Found binding in [jar:file:/home/peifeng/storm-0.10.0/data/supervisor/stormdist/dnn_classification-1-1467756390/stormjar.jar!/org/slf4j/impl/StaticLoggerBinder.class]
SLF4J: See http://www.slf4j.org/codes.html#multiple_bindings for an explanation.
SLF4J: Actual binding is of type [org.apache.logging.slf4j.Log4jLoggerFactory]
[libprotobuf ERROR google/protobuf/text_format.cc:245] Error parsing text-format caffe.NetParameter: 6:15: Message type "caffe.LayerParameter" has no field named "input_param".
WARNING: Logging before InitGoogleLogging() is written to STDERR
F0705 18:10:40.639848 20033 upgrade_proto.cpp:68] Check failed: ReadProtoFromTextFile(param_file, param) Failed to parse NetParameter file: /tmp/cvld6136585975397734861/bvlc_googlenet.prototxt
*** Check failure stack trace: ***
SLF4J: Class path contains multiple SLF4J bindings.
SLF4J: Found binding in [jar:file:/home/peifeng/storm-0.10.0/lib/log4j-slf4j-impl-2.1.jar!/org/slf4j/impl/StaticLoggerBinder.class]
SLF4J: Found binding in [jar:file:/home/peifeng/storm-0.10.0/data/supervisor/stormdist/dnn_classification-1-1467756390/stormjar.jar!/org/slf4j/impl/StaticLoggerBinder.class]
SLF4J: See http://www.slf4j.org/codes.html#multiple_bindings for an explanation.
SLF4J: Actual binding is of type [org.apache.logging.slf4j.Log4jLoggerFactory]
[libprotobuf ERROR google/protobuf/text_format.cc:245] Error parsing text-format caffe.NetParameter: 6:15: Message type "caffe.LayerParameter" has no field named "input_param".
WARNING: Logging before InitGoogleLogging() is written to STDERR
F0705 18:10:49.239420 20155 upgrade_proto.cpp:68] Check failed: ReadProtoFromTextFile(param_file, param) Failed to parse NetParameter file: /tmp/cvld7486324711162706182/bvlc_googlenet.prototxt
*** Check failure stack trace: ***
SLF4J: Class path contains multiple SLF4J bindings.
SLF4J: Found binding in [jar:file:/home/peifeng/storm-0.10.0/lib/log4j-slf4j-impl-2.1.jar!/org/slf4j/impl/StaticLoggerBinder.class]
SLF4J: Found binding in [jar:file:/home/peifeng/storm-0.10.0/data/supervisor/stormdist/dnn_classification-1-1467756390/stormjar.jar!/org/slf4j/impl/StaticLoggerBinder.class]
SLF4J: See http://www.slf4j.org/codes.html#multiple_bindings for an explanation.
SLF4J: Actual binding is of type [org.apache.logging.slf4j.Log4jLoggerFactory]
[libprotobuf ERROR google/protobuf/text_format.cc:245] Error parsing text-format caffe.NetParameter: 6:15: Message type "caffe.LayerParameter" has no field named "input_param".
WARNING: Logging before InitGoogleLogging() is written to STDERR
F0705 18:10:57.204583 20274 upgrade_proto.cpp:68] Check failed: ReadProtoFromTextFile(param_file, param) Failed to parse NetParameter file: /tmp/cvld7492544521049482903/bvlc_googlenet.prototxt
*** Check failure stack trace: ***
SLF4J: Class path contains multiple SLF4J bindings.
SLF4J: Found binding in [jar:file:/home/peifeng/storm-0.10.0/lib/log4j-slf4j-impl-2.1.jar!/org/slf4j/impl/StaticLoggerBinder.class]
SLF4J: Found binding in [jar:file:/home/peifeng/storm-0.10.0/data/supervisor/stormdist/dnn_classification-1-1467756390/stormjar.jar!/org/slf4j/impl/StaticLoggerBinder.class]
SLF4J: See http://www.slf4j.org/codes.html#multiple_bindings for an explanation.
SLF4J: Actual binding is of type [org.apache.logging.slf4j.Log4jLoggerFactory]
[libprotobuf ERROR google/protobuf/text_format.cc:245] Error parsing text-format caffe.NetParameter: 6:15: Message type "caffe.LayerParameter" has no field named "input_param".
WARNING: Logging before InitGoogleLogging() is written to STDERR
F0705 18:11:07.202155 20397 upgrade_proto.cpp:68] Check failed: ReadProtoFromTextFile(param_file, param) Failed to parse NetParameter file: /tmp/cvld8301947903963206804/bvlc_googlenet.prototxt
*** Check failure stack trace: ***
SLF4J: Class path contains multiple SLF4J bindings.
SLF4J: Found binding in [jar:file:/home/peifeng/storm-0.10.0/lib/log4j-slf4j-impl-2.1.jar!/org/slf4j/impl/StaticLoggerBinder.class]
SLF4J: Found binding in [jar:file:/home/peifeng/storm-0.10.0/data/supervisor/stormdist/dnn_classification-1-1467756390/stormjar.jar!/org/slf4j/impl/StaticLoggerBinder.class]
SLF4J: See http://www.slf4j.org/codes.html#multiple_bindings for an explanation.
SLF4J: Actual binding is of type [org.apache.logging.slf4j.Log4jLoggerFactory]
[libprotobuf ERROR google/protobuf/text_format.cc:245] Error parsing text-format caffe.NetParameter: 6:15: Message type "caffe.LayerParameter" has no field named "input_param".
WARNING: Logging before InitGoogleLogging() is written to STDERR
F0705 18:11:17.059300 20515 upgrade_proto.cpp:68] Check failed: ReadProtoFromTextFile(param_file, param) Failed to parse NetParameter file: /tmp/cvld8075743214395766753/bvlc_googlenet.prototxt
*** Check failure stack trace: ***
SLF4J: Class path contains multiple SLF4J bindings.
SLF4J: Found binding in [jar:file:/home/peifeng/storm-0.10.0/lib/log4j-slf4j-impl-2.1.jar!/org/slf4j/impl/StaticLoggerBinder.class]
SLF4J: Found binding in [jar:file:/home/peifeng/storm-0.10.0/data/supervisor/stormdist/dnn_classification-1-1467756390/stormjar.jar!/org/slf4j/impl/StaticLoggerBinder.class]
SLF4J: See http://www.slf4j.org/codes.html#multiple_bindings for an explanation.
SLF4J: Actual binding is of type [org.apache.logging.slf4j.Log4jLoggerFactory]
[libprotobuf ERROR google/protobuf/text_format.cc:245] Error parsing text-format caffe.NetParameter: 6:15: Message type "caffe.LayerParameter" has no field named "input_param".
WARNING: Logging before InitGoogleLogging() is written to STDERR
F0705 18:11:25.726438 20632 upgrade_proto.cpp:68] Check failed: ReadProtoFromTextFile(param_file, param) Failed to parse NetParameter file: /tmp/cvld2006088191082822093/bvlc_googlenet.prototxt
*** Check failure stack trace: ***
SLF4J: Class path contains multiple SLF4J bindings.
SLF4J: Found binding in [jar:file:/home/peifeng/storm-0.10.0/lib/log4j-slf4j-impl-2.1.jar!/org/slf4j/impl/StaticLoggerBinder.class]
SLF4J: Found binding in [jar:file:/home/peifeng/storm-0.10.0/data/supervisor/stormdist/dnn_classification-1-1467756390/stormjar.jar!/org/slf4j/impl/StaticLoggerBinder.class]
SLF4J: See http://www.slf4j.org/codes.html#multiple_bindings for an explanation.
SLF4J: Actual binding is of type [org.apache.logging.slf4j.Log4jLoggerFactory]
[libprotobuf ERROR google/protobuf/text_format.cc:245] Error parsing text-format caffe.NetParameter: 6:15: Message type "caffe.LayerParameter" has no field named "input_param".
WARNING: Logging before InitGoogleLogging() is written to STDERR
F0705 18:11:34.193384 20871 upgrade_proto.cpp:68] Check failed: ReadProtoFromTextFile(param_file, param) Failed to parse NetParameter file: /tmp/cvld6962286846169804264/bvlc_googlenet.prototxt
*** Check failure stack trace: ***
SLF4J: Class path contains multiple SLF4J bindings.
SLF4J: Found binding in [jar:file:/home/peifeng/storm-0.10.0/lib/log4j-slf4j-impl-2.1.jar!/org/slf4j/impl/StaticLoggerBinder.class]
SLF4J: Found binding in [jar:file:/home/peifeng/storm-0.10.0/data/supervisor/stormdist/dnn_classification-1-1467756390/stormjar.jar!/org/slf4j/impl/StaticLoggerBinder.class]
SLF4J: See http://www.slf4j.org/codes.html#multiple_bindings for an explanation.
SLF4J: Actual binding is of type [org.apache.logging.slf4j.Log4jLoggerFactory]
