SLF4J: Class path contains multiple SLF4J bindings.
SLF4J: Found binding in [jar:file:/home/peifeng/tools/storm102/lib/log4j-slf4j-impl-2.1.jar!/org/slf4j/impl/StaticLoggerBinder.class]
SLF4J: Found binding in [jar:file:/home/peifeng/work/run/storm102/data/supervisor/stormdist/captioning-1-1474851615/stormjar.jar!/org/slf4j/impl/StaticLoggerBinder.class]
SLF4J: See http://www.slf4j.org/codes.html#multiple_bindings for an explanation.
SLF4J: Actual binding is of type [org.apache.logging.slf4j.Log4jLoggerFactory]
Java HotSpot(TM) 64-Bit Server VM warning: You have loaded library /home/peifeng/work/run/storm102/data/workers/58c81ed5-22b6-4967-809d-7abefc254483/tmp/cvld958820454495556962/libopencv_java310.xine1.so which might have disabled stack guard. The VM will try to fix the stack guard now.
It's highly recommended that you fix the library with 'execstack -c <libfile>', or link it with '-z noexecstack'.
WARNING: Logging before InitGoogleLogging() is written to STDERR
I0925 21:01:36.239899 13515 upgrade_proto.cpp:66] Attempting to upgrade input file specified using deprecated input fields: /home/peifeng/work/run/storm102/data/workers/58c81ed5-22b6-4967-809d-7abefc254483/tmp/cvld958820454495556962/s2vt.words_to_preds.prototxt
I0925 21:01:36.239899 13511 upgrade_proto.cpp:66] Attempting to upgrade input file specified using deprecated input fields: /home/peifeng/work/run/storm102/data/workers/58c81ed5-22b6-4967-809d-7abefc254483/tmp/cvld958820454495556962/s2vt.words_to_preds.prototxt
I0925 21:01:36.240048 13515 upgrade_proto.cpp:69] Successfully upgraded file specified using deprecated input fields.
I0925 21:01:36.240049 13511 upgrade_proto.cpp:69] Successfully upgraded file specified using deprecated input fields.
W0925 21:01:36.240064 13515 upgrade_proto.cpp:71] Note that future Caffe releases will only support input layers and not input fields.
W0925 21:01:36.240070 13511 upgrade_proto.cpp:71] Note that future Caffe releases will only support input layers and not input fields.
I0925 21:01:36.240209 13521 net.cpp:49] Initializing net from parameters: 
name: "CaffeNet"
state {
  phase: TEST
}
layer {
  name: "data"
  type: "Input"
  top: "data"
  input_param {
    shape {
      dim: 10
      dim: 3
      dim: 227
      dim: 227
    }
  }
}
layer {
  name: "conv1"
  type: "Convolution"
  bottom: "data"
  top: "conv1"
  convolution_param {
    num_output: 96
    kernel_size: 11
    stride: 4
  }
}
layer {
  name: "relu1"
  type: "ReLU"
  bottom: "conv1"
  top: "conv1"
}
layer {
  name: "pool1"
  type: "Pooling"
  bottom: "conv1"
  top: "pool1"
  pooling_param {
    pool: MAX
    kernel_size: 3
    stride: 2
  }
}
layer {
  name: "norm1"
  type: "LRN"
  bottom: "pool1"
  top: "norm1"
  lrn_param {
    local_size: 5
    alpha: 0.0001
    beta: 0.75
  }
}
layer {
  name: "conv2"
  type: "Convolution"
  bottom: "norm1"
  top: "conv2"
  convolution_param {
    num_output: 256
    pad: 2
    kernel_size: 5
    group: 2
  }
}
layer {
  name: "relu2"
  type: "ReLU"
  bottom: "conv2"
  top: "conv2"
}
layer {
  name: "pool2"
  type: "Pooling"
  bottom: "conv2"
  top: "pool2"
  pooling_param {
    pool: MAX
    kernel_size: 3
    stride: 2
  }
}
layer {
  name: "norm2"
  type: "LRN"
  bottom: "pool2"
  top: "norm2"
  lrn_param {
    local_size: 5
    alpha: 0.0001
    beta: 0.75
  }
}
layer {
  name: "conv3"
  type: "Convolution"
  bottom: "norm2"
  top: "conv3"
  convolution_param {
    num_output: 384
    pad: 1
    kernel_size: 3
  }
}
layer {
  name: "relu3"
  type: "ReLU"
  bottom: "conv3"
  top: "conv3"
}
layer {
  name: "conv4"
  type: "Convolution"
  bottom: "conv3"
  top: "conv4"
  convolution_param {
    num_output: 384
    pad: 1
    kernel_size: 3
    group: 2
  }
}
layer {
  name: "relu4"
  type: "ReLU"
  bottom: "conv4"
  top: "conv4"
}
layer {
  name: "conv5"
  type: "Convolution"
  bottom: "conv4"
  top: "conv5"
  convolution_param {
    num_output: 256
    pad: 1
    kernel_size: 3
    group: 2
  }
}
layer {
  name: "relu5"
  type: "ReLU"
  bottom: "conv5"
  top: "conv5"
}
layer {
  name: "pool5"
  type: "Pooling"
  bottom: "conv5"
  top: "pool5"
  pooling_param {
    pool: MAX
    kernel_size: 3
    stride: 2
  }
}
layer {
  name: "fc6"
  type: "InnerProduct"
  bottom: "pool5"
  top: "fc6"
  inner_product_param {
    num_output: 4096
  }
}
layer {
  name: "relu6"
  type: "ReLU"
  bottom: "fc6"
  top: "fc6"
}
layer {
  name: "drop6"
  type: "Dropout"
  bottom: "fc6"
  top: "fc6"
  dropout_param {
    dropout_ratio: 0.5
  }
}
layer {
  name: "fc7"
  type: "InnerProduct"
  bottom: "fc6"
  top: "fc7"
  inner_product_param {
    num_output: 4096
  }
}
layer {
  name: "relu7"
  type: "ReLU"
  bottom: "fc7"
  top: "fc7"
}
layer {
  name: "drop7"
  type: "Dropout"
  bottom: "fc7"
  top: "fc7"
  dropout_param {
    dropout_ratio: 0.5
  }
}
layer {
  name: "fc8"
  type: "InnerProduct"
  bottom: "fc7"
  top: "fc8"
  inner_product_param {
    num_output: 1000
  }
}
layer {
  name: "prob"
  type: "Softmax"
  bottom: "fc8"
  top: "prob"
}
I0925 21:01:36.240319 13515 net.cpp:49] Initializing net from parameters: 
name: "s2vt:features_to_lstm"
state {
  phase: TEST
}
layer {
  name: "input"
  type: "Input"
  top: "frames_fc7"
  top: "cont_sentence"
  top: "input_sentence"
  top: "stage_indicator"
  input_param {
    shape {
      dim: 1
      dim: 4096
    }
    shape {
      dim: 1
      dim: 1
    }
    shape {
      dim: 1
      dim: 1
    }
    shape {
      dim: 1
      dim: 1
    }
  }
}
layer {
  name: "embed_encoder"
  type: "InnerProduct"
  bottom: "frames_fc7"
  top: "embedded_in_frames"
  param {
    lr_mult: 1
    decay_mult: 1
  }
  param {
    lr_mult: 2
    decay_mult: 0
  }
  inner_product_param {
    num_output: 500
    weight_filler {
      type: "xavier"
    }
    bias_filler {
      type: "constant"
      value: 0.2
    }
  }
}
layer {
  name: "reshape_frames"
  type: "Reshape"
  bottom: "embedded_in_frames"
  top: "embedded_input_frames"
  reshape_param {
    shape {
      dim: 1
      dim: 1
      dim: 500
    }
  }
}
layer {
  name: "reshape_stage_indicator"
  type: "Reshape"
  bottom: "stage_indicator"
  top: "reshaped_stage_indicator"
  reshape_param {
    shape {
      dim: 1
      dim: 1
      dim: 1
    }
  }
}
layer {
  name: "embedding"
  type: "Embed"
  bottom: "input_sentence"
  top: "embedded_input_sentence"
  param {
    lr_mult: 1
  }
  embed_param {
    num_output: 500
    input_dim: 46168
    bias_term: false
    weight_filler {
      type: "uniform"
      min: -0.08
      max: 0.08
    }
  }
}
layer {
  name: "lstm1"
  type: "LSTM"
  bottom: "embedded_input_frames"
  bottom: "cont_sentence"
  top: "lstm1"
  recurrent_param {
    num_output: 1000
    weight_filler {
      type: "uniform"
      min: -0.08
      max: 0.08
    }
    bias_filler {
      type: "constant"
      value: 0
    }
  }
}
layer {
  name: "concat"
  type: "Concat"
  bottom: "lstm1"
  bottom: "embedded_input_sentence"
  bottom: "reshaped_stage_indicator"
  top: "lstm1_video_sequence"
  concat_param {
    concat_dim: 2
  }
}
layer {
  name: "lstm2"
  type: "LSTM"
  bottom: "lstm1_video_sequence"
  bottom: "cont_sentence"
  top: "lstm2"
  recurrent_param {
    num_output: 1000
    weight_filler {
      type: "uniform"
      min: -0.08
      max: 0.08
    }
    bias_filler {
      type: "constant"
      value: 0
    }
  }
}
layer {
  name: "predict"
  type: "InnerProduct"
  bottom: "lstm2"
  top: "predict"
  param {
    lr_mult: 1
    decay_mult: 1
  }
  param {
    lr_mult: 2
    decay_mult: 0
  }
  inner_product_param {
    num_output: 46168
    weight_filler {
      type: "uniform"
      min: -0.08
      max: 0.08
    }
    bias_filler {
      type: "constant"
      value: 0
    }
    axis: 2
  }
}
layer {
  name: "probs"
  type: "Softmax"
  bottom: "predict"
  top: "probs"
  softmax_param {
    axis: 2
  }
}
I0925 21:01:36.240336 13521 layer_factory.hpp:77] Creating layer data
I0925 21:01:36.240342 13511 net.cpp:49] Initializing net from parameters: 
name: "s2vt:features_to_lstm"
state {
  phase: TEST
}
layer {
  name: "input"
  type: "Input"
  top: "frames_fc7"
  top: "cont_sentence"
  top: "input_sentence"
  top: "stage_indicator"
  input_param {
    shape {
      dim: 1
      dim: 4096
    }
    shape {
      dim: 1
      dim: 1
    }
    shape {
      dim: 1
      dim: 1
    }
    shape {
      dim: 1
      dim: 1
    }
  }
}
layer {
  name: "embed_encoder"
  type: "InnerProduct"
  bottom: "frames_fc7"
  top: "embedded_in_frames"
  param {
    lr_mult: 1
    decay_mult: 1
  }
  param {
    lr_mult: 2
    decay_mult: 0
  }
  inner_product_param {
    num_output: 500
    weight_filler {
      type: "xavier"
    }
    bias_filler {
      type: "constant"
      value: 0.2
    }
  }
}
layer {
  name: "reshape_frames"
  type: "Reshape"
  bottom: "embedded_in_frames"
  top: "embedded_input_frames"
  reshape_param {
    shape {
      dim: 1
      dim: 1
      dim: 500
    }
  }
}
layer {
  name: "reshape_stage_indicator"
  type: "Reshape"
  bottom: "stage_indicator"
  top: "reshaped_stage_indicator"
  reshape_param {
    shape {
      dim: 1
      dim: 1
      dim: 1
    }
  }
}
layer {
  name: "embedding"
  type: "Embed"
  bottom: "input_sentence"
  top: "embedded_input_sentence"
  param {
    lr_mult: 1
  }
  embed_param {
    num_output: 500
    input_dim: 46168
    bias_term: false
    weight_filler {
      type: "uniform"
      min: -0.08
      max: 0.08
    }
  }
}
layer {
  name: "lstm1"
  type: "LSTM"
  bottom: "embedded_input_frames"
  bottom: "cont_sentence"
  top: "lstm1"
  recurrent_param {
    num_output: 1000
    weight_filler {
      type: "uniform"
      min: -0.08
      max: 0.08
    }
    bias_filler {
      type: "constant"
      value: 0
    }
  }
}
layer {
  name: "concat"
  type: "Concat"
  bottom: "lstm1"
  bottom: "embedded_input_sentence"
  bottom: "reshaped_stage_indicator"
  top: "lstm1_video_sequence"
  concat_param {
    concat_dim: 2
  }
}
layer {
  name: "lstm2"
  type: "LSTM"
  bottom: "lstm1_video_sequence"
  bottom: "cont_sentence"
  top: "lstm2"
  recurrent_param {
    num_output: 1000
    weight_filler {
      type: "uniform"
      min: -0.08
      max: 0.08
    }
    bias_filler {
      type: "constant"
      value: 0
    }
  }
}
layer {
  name: "predict"
  type: "InnerProduct"
  bottom: "lstm2"
  top: "predict"
  param {
    lr_mult: 1
    decay_mult: 1
  }
  param {
    lr_mult: 2
    decay_mult: 0
  }
  inner_product_param {
    num_output: 46168
    weight_filler {
      type: "uniform"
      min: -0.08
      max: 0.08
    }
    bias_filler {
      type: "constant"
      value: 0
    }
    axis: 2
  }
}
layer {
  name: "probs"
  type: "Softmax"
  bottom: "predict"
  top: "probs"
  softmax_param {
    axis: 2
  }
}
I0925 21:01:36.240367 13521 net.cpp:91] Creating Layer data
I0925 21:01:36.240380 13521 net.cpp:399] data -> data
I0925 21:01:36.240448 13515 layer_factory.hpp:77] Creating layer input
I0925 21:01:36.240450 13511 layer_factory.hpp:77] Creating layer input
I0925 21:01:36.240464 13515 net.cpp:91] Creating Layer input
I0925 21:01:36.240469 13511 net.cpp:91] Creating Layer input
I0925 21:01:36.240473 13515 net.cpp:399] input -> frames_fc7
I0925 21:01:36.240478 13511 net.cpp:399] input -> frames_fc7
I0925 21:01:36.240489 13515 net.cpp:399] input -> cont_sentence
I0925 21:01:36.240499 13511 net.cpp:399] input -> cont_sentence
I0925 21:01:36.240504 13515 net.cpp:399] input -> input_sentence
I0925 21:01:36.240511 13511 net.cpp:399] input -> input_sentence
I0925 21:01:36.240519 13515 net.cpp:399] input -> stage_indicator
I0925 21:01:36.240523 13511 net.cpp:399] input -> stage_indicator
I0925 21:01:36.881397 13521 net.cpp:141] Setting up data
I0925 21:01:36.881551 13521 net.cpp:148] Top shape: 10 3 227 227 (1545870)
I0925 21:01:36.881561 13521 net.cpp:156] Memory required for data: 6183480
I0925 21:01:36.881572 13515 net.cpp:141] Setting up input
I0925 21:01:36.881590 13521 layer_factory.hpp:77] Creating layer conv1
I0925 21:01:36.881594 13515 net.cpp:148] Top shape: 1 4096 (4096)
I0925 21:01:36.881603 13515 net.cpp:148] Top shape: 1 1 (1)
I0925 21:01:36.881609 13515 net.cpp:148] Top shape: 1 1 (1)
I0925 21:01:36.881616 13515 net.cpp:148] Top shape: 1 1 (1)
I0925 21:01:36.881620 13515 net.cpp:156] Memory required for data: 16396
I0925 21:01:36.881628 13515 layer_factory.hpp:77] Creating layer cont_sentence_input_1_split
I0925 21:01:36.881639 13521 net.cpp:91] Creating Layer conv1
I0925 21:01:36.881650 13521 net.cpp:425] conv1 <- data
I0925 21:01:36.881651 13515 net.cpp:91] Creating Layer cont_sentence_input_1_split
I0925 21:01:36.881659 13515 net.cpp:425] cont_sentence_input_1_split <- cont_sentence
I0925 21:01:36.881665 13521 net.cpp:399] conv1 -> conv1
I0925 21:01:36.881685 13515 net.cpp:399] cont_sentence_input_1_split -> cont_sentence_input_1_split_0
I0925 21:01:36.881672 13511 net.cpp:141] Setting up input
I0925 21:01:36.881698 13515 net.cpp:399] cont_sentence_input_1_split -> cont_sentence_input_1_split_1
I0925 21:01:36.881729 13511 net.cpp:148] Top shape: 1 4096 (4096)
I0925 21:01:36.881741 13511 net.cpp:148] Top shape: 1 1 (1)
I0925 21:01:36.881748 13511 net.cpp:148] Top shape: 1 1 (1)
I0925 21:01:36.881755 13511 net.cpp:148] Top shape: 1 1 (1)
I0925 21:01:36.881759 13511 net.cpp:156] Memory required for data: 16396
I0925 21:01:36.881770 13511 layer_factory.hpp:77] Creating layer cont_sentence_input_1_split
I0925 21:01:36.881790 13511 net.cpp:91] Creating Layer cont_sentence_input_1_split
I0925 21:01:36.881798 13511 net.cpp:425] cont_sentence_input_1_split <- cont_sentence
I0925 21:01:36.881809 13511 net.cpp:399] cont_sentence_input_1_split -> cont_sentence_input_1_split_0
I0925 21:01:36.881824 13511 net.cpp:399] cont_sentence_input_1_split -> cont_sentence_input_1_split_1
I0925 21:01:36.881973 13515 net.cpp:141] Setting up cont_sentence_input_1_split
I0925 21:01:36.881986 13515 net.cpp:148] Top shape: 1 1 (1)
I0925 21:01:36.881994 13515 net.cpp:148] Top shape: 1 1 (1)
I0925 21:01:36.881999 13515 net.cpp:156] Memory required for data: 16404
I0925 21:01:36.882005 13515 layer_factory.hpp:77] Creating layer embed_encoder
I0925 21:01:36.882011 13511 net.cpp:141] Setting up cont_sentence_input_1_split
I0925 21:01:36.882031 13511 net.cpp:148] Top shape: 1 1 (1)
I0925 21:01:36.882040 13511 net.cpp:148] Top shape: 1 1 (1)
I0925 21:01:36.882040 13515 net.cpp:91] Creating Layer embed_encoder
I0925 21:01:36.882045 13511 net.cpp:156] Memory required for data: 16404
I0925 21:01:36.882048 13515 net.cpp:425] embed_encoder <- frames_fc7
I0925 21:01:36.882056 13511 layer_factory.hpp:77] Creating layer embed_encoder
I0925 21:01:36.882061 13515 net.cpp:399] embed_encoder -> embedded_in_frames
I0925 21:01:36.882079 13511 net.cpp:91] Creating Layer embed_encoder
I0925 21:01:36.882088 13511 net.cpp:425] embed_encoder <- frames_fc7
I0925 21:01:36.882102 13511 net.cpp:399] embed_encoder -> embedded_in_frames
I0925 21:01:36.911226 13511 net.cpp:141] Setting up embed_encoder
I0925 21:01:36.911267 13511 net.cpp:148] Top shape: 1 500 (500)
I0925 21:01:36.911274 13511 net.cpp:156] Memory required for data: 18404
I0925 21:01:36.911304 13511 layer_factory.hpp:77] Creating layer reshape_frames
I0925 21:01:36.911305 13515 net.cpp:141] Setting up embed_encoder
I0925 21:01:36.911326 13515 net.cpp:148] Top shape: 1 500 (500)
I0925 21:01:36.911332 13515 net.cpp:156] Memory required for data: 18404
I0925 21:01:36.911336 13511 net.cpp:91] Creating Layer reshape_frames
I0925 21:01:36.911345 13511 net.cpp:425] reshape_frames <- embedded_in_frames
I0925 21:01:36.911351 13515 layer_factory.hpp:77] Creating layer reshape_frames
I0925 21:01:36.911356 13511 net.cpp:399] reshape_frames -> embedded_input_frames
I0925 21:01:36.911367 13515 net.cpp:91] Creating Layer reshape_frames
I0925 21:01:36.911375 13515 net.cpp:425] reshape_frames <- embedded_in_frames
I0925 21:01:36.911386 13515 net.cpp:399] reshape_frames -> embedded_input_frames
I0925 21:01:36.912314 13515 net.cpp:141] Setting up reshape_frames
I0925 21:01:36.912333 13515 net.cpp:148] Top shape: 1 1 500 (500)
I0925 21:01:36.912339 13515 net.cpp:156] Memory required for data: 20404
I0925 21:01:36.912345 13515 layer_factory.hpp:77] Creating layer reshape_stage_indicator
I0925 21:01:36.912354 13511 net.cpp:141] Setting up reshape_frames
I0925 21:01:36.912360 13515 net.cpp:91] Creating Layer reshape_stage_indicator
I0925 21:01:36.912377 13511 net.cpp:148] Top shape: 1 1 500 (500)
I0925 21:01:36.912379 13515 net.cpp:425] reshape_stage_indicator <- stage_indicator
I0925 21:01:36.912384 13511 net.cpp:156] Memory required for data: 20404
I0925 21:01:36.912390 13511 layer_factory.hpp:77] Creating layer reshape_stage_indicator
I0925 21:01:36.912395 13515 net.cpp:399] reshape_stage_indicator -> reshaped_stage_indicator
I0925 21:01:36.912405 13511 net.cpp:91] Creating Layer reshape_stage_indicator
I0925 21:01:36.912411 13511 net.cpp:425] reshape_stage_indicator <- stage_indicator
I0925 21:01:36.912421 13511 net.cpp:399] reshape_stage_indicator -> reshaped_stage_indicator
I0925 21:01:36.916358 13515 net.cpp:141] Setting up reshape_stage_indicator
I0925 21:01:36.916383 13515 net.cpp:148] Top shape: 1 1 1 (1)
I0925 21:01:36.916388 13515 net.cpp:156] Memory required for data: 20408
I0925 21:01:36.916396 13515 layer_factory.hpp:77] Creating layer embedding
I0925 21:01:36.916414 13515 net.cpp:91] Creating Layer embedding
I0925 21:01:36.916420 13515 net.cpp:425] embedding <- input_sentence
I0925 21:01:36.916419 13511 net.cpp:141] Setting up reshape_stage_indicator
I0925 21:01:36.916437 13515 net.cpp:399] embedding -> embedded_input_sentence
I0925 21:01:36.916438 13511 net.cpp:148] Top shape: 1 1 1 (1)
I0925 21:01:36.916455 13511 net.cpp:156] Memory required for data: 20408
I0925 21:01:36.916460 13511 layer_factory.hpp:77] Creating layer embedding
I0925 21:01:36.916473 13511 net.cpp:91] Creating Layer embedding
I0925 21:01:36.916479 13511 net.cpp:425] embedding <- input_sentence
I0925 21:01:36.916489 13511 net.cpp:399] embedding -> embedded_input_sentence
I0925 21:01:37.195521 13511 net.cpp:141] Setting up embedding
I0925 21:01:37.195588 13511 net.cpp:148] Top shape: 1 1 500 (500)
I0925 21:01:37.195600 13511 net.cpp:156] Memory required for data: 22408
I0925 21:01:37.195634 13511 layer_factory.hpp:77] Creating layer lstm1
I0925 21:01:37.195725 13511 net.cpp:91] Creating Layer lstm1
I0925 21:01:37.195742 13511 net.cpp:425] lstm1 <- embedded_input_frames
I0925 21:01:37.195756 13511 net.cpp:425] lstm1 <- cont_sentence_input_1_split_0
I0925 21:01:37.195771 13511 net.cpp:399] lstm1 -> lstm1
I0925 21:01:37.195847 13511 recurrent_layer.cpp:20] Initializing recurrent layer: assuming input batch contains 1 timesteps of 1 independent streams.
I0925 21:01:37.197068 13511 net.cpp:49] Initializing net from parameters: 
layer {
  name: "lstm1_"
  type: "Input"
  top: "x"
  top: "cont"
  input_param {
    shape {
      dim: 1
      dim: 1
      dim: 500
    }
    shape {
      dim: 1
      dim: 1
    }
  }
}
layer {
  name: "lstm1_"
  type: "Input"
  top: "c_0"
  top: "h_0"
  input_param {
    shape {
      dim: 1
      dim: 1
      dim: 1000
    }
    shape {
      dim: 1
      dim: 1
      dim: 1000
    }
  }
}
layer {
  name: "lstm1_cont_slice"
  type: "Slice"
  bottom: "cont"
  top: "cont_1"
  slice_param {
    axis: 0
  }
}
layer {
  name: "lstm1_x_transform"
  type: "InnerProduct"
  bottom: "x"
  top: "W_xc_x"
  param {
    name: "W_xc"
  }
  param {
    name: "b_c"
  }
  propagate_down: true
  inner_product_param {
    num_output: 4000
    bias_term: true
    weight_filler {
      type: "uniform"
      min: -0.08
      max: 0.08
    }
    bias_filler {
      type: "constant"
      value: 0
    }
    axis: 2
  }
}
layer {
  name: "lstm1_W_xc_x_slice"
  type: "Slice"
  bottom: "W_xc_x"
  top: "W_xc_x_1"
  slice_param {
    axis: 0
  }
}
layer {
  name: "lstm1_h_conted_0"
  type: "Scale"
  bottom: "h_0"
  bottom: "cont_1"
  top: "h_conted_0"
  scale_param {
    axis: 0
  }
}
layer {
  name: "lstm1_transform_1"
  type: "InnerProduct"
  bottom: "h_conted_0"
  top: "W_hc_h_0"
  param {
    name: "W_hc"
  }
  inner_product_param {
    num_output: 4000
    bias_term: false
    weight_filler {
      type: "uniform"
      min: -0.08
      max: 0.08
    }
    axis: 2
  }
}
layer {
  name: "lstm1_gate_input_1"
  type: "Eltwise"
  bottom: "W_hc_h_0"
  bottom: "W_xc_x_1"
  top: "gate_input_1"
  eltwise_param {
    operation: SUM
  }
}
layer {
  name: "lstm1_unit_1"
  type: "LSTMUnit"
  bottom: "c_0"
  bottom: "gate_input_1"
  bottom: "cont_1"
  top: "c_1"
  top: "h_1"
}
layer {
  name: "lstm1_"
  type: "Split"
  bottom: "c_1"
  top: "c_T"
}
layer {
  name: "lstm1_h_concat"
  type: "Concat"
  bottom: "h_1"
  top: "h"
  concat_param {
    axis: 0
  }
}
layer {
  name: "h_pseudoloss"
  type: "Reduction"
  bottom: "h"
  top: "h_pseudoloss"
  loss_weight: 1
}
I0925 21:01:37.197268 13511 layer_factory.hpp:77] Creating layer lstm1_
I0925 21:01:37.197304 13511 net.cpp:91] Creating Layer lstm1_
I0925 21:01:37.197322 13511 net.cpp:399] lstm1_ -> x
I0925 21:01:37.197348 13511 net.cpp:399] lstm1_ -> cont
I0925 21:01:37.198115 13511 net.cpp:141] Setting up lstm1_
I0925 21:01:37.198138 13511 net.cpp:148] Top shape: 1 1 500 (500)
I0925 21:01:37.198153 13511 net.cpp:148] Top shape: 1 1 (1)
I0925 21:01:37.198164 13511 net.cpp:156] Memory required for data: 2004
I0925 21:01:37.198174 13511 layer_factory.hpp:77] Creating layer lstm1_
I0925 21:01:37.198199 13511 net.cpp:91] Creating Layer lstm1_
I0925 21:01:37.198215 13511 net.cpp:399] lstm1_ -> c_0
I0925 21:01:37.198237 13511 net.cpp:399] lstm1_ -> h_0
I0925 21:01:37.199707 13511 net.cpp:141] Setting up lstm1_
I0925 21:01:37.199733 13511 net.cpp:148] Top shape: 1 1 1000 (1000)
I0925 21:01:37.199748 13511 net.cpp:148] Top shape: 1 1 1000 (1000)
I0925 21:01:37.199757 13511 net.cpp:156] Memory required for data: 10004
I0925 21:01:37.199767 13511 layer_factory.hpp:77] Creating layer lstm1_cont_slice
I0925 21:01:37.199785 13511 net.cpp:91] Creating Layer lstm1_cont_slice
I0925 21:01:37.199796 13511 net.cpp:425] lstm1_cont_slice <- cont
I0925 21:01:37.199818 13511 net.cpp:399] lstm1_cont_slice -> cont_1
I0925 21:01:37.200661 13511 net.cpp:141] Setting up lstm1_cont_slice
I0925 21:01:37.200685 13511 net.cpp:148] Top shape: 1 1 (1)
I0925 21:01:37.200695 13511 net.cpp:156] Memory required for data: 10008
I0925 21:01:37.200706 13511 layer_factory.hpp:77] Creating layer cont_1_lstm1_cont_slice_0_split
I0925 21:01:37.200722 13511 net.cpp:91] Creating Layer cont_1_lstm1_cont_slice_0_split
I0925 21:01:37.200734 13511 net.cpp:425] cont_1_lstm1_cont_slice_0_split <- cont_1
I0925 21:01:37.200749 13511 net.cpp:399] cont_1_lstm1_cont_slice_0_split -> cont_1_lstm1_cont_slice_0_split_0
I0925 21:01:37.200769 13511 net.cpp:399] cont_1_lstm1_cont_slice_0_split -> cont_1_lstm1_cont_slice_0_split_1
I0925 21:01:37.203606 13511 net.cpp:141] Setting up cont_1_lstm1_cont_slice_0_split
I0925 21:01:37.203640 13511 net.cpp:148] Top shape: 1 1 (1)
I0925 21:01:37.203655 13511 net.cpp:148] Top shape: 1 1 (1)
I0925 21:01:37.203665 13511 net.cpp:156] Memory required for data: 10016
I0925 21:01:37.203678 13511 layer_factory.hpp:77] Creating layer lstm1_x_transform
I0925 21:01:37.203714 13511 net.cpp:91] Creating Layer lstm1_x_transform
I0925 21:01:37.203729 13511 net.cpp:425] lstm1_x_transform <- x
I0925 21:01:37.203752 13511 net.cpp:399] lstm1_x_transform -> W_xc_x
I0925 21:01:37.234040 13511 net.cpp:141] Setting up lstm1_x_transform
I0925 21:01:37.234093 13511 net.cpp:148] Top shape: 1 1 4000 (4000)
I0925 21:01:37.234102 13511 net.cpp:156] Memory required for data: 26016
I0925 21:01:37.234132 13511 layer_factory.hpp:77] Creating layer lstm1_W_xc_x_slice
I0925 21:01:37.234151 13511 net.cpp:91] Creating Layer lstm1_W_xc_x_slice
I0925 21:01:37.234160 13511 net.cpp:425] lstm1_W_xc_x_slice <- W_xc_x
I0925 21:01:37.234170 13511 net.cpp:399] lstm1_W_xc_x_slice -> W_xc_x_1
I0925 21:01:37.234324 13511 net.cpp:141] Setting up lstm1_W_xc_x_slice
I0925 21:01:37.234338 13511 net.cpp:148] Top shape: 1 1 4000 (4000)
I0925 21:01:37.234343 13511 net.cpp:156] Memory required for data: 42016
I0925 21:01:37.234349 13511 layer_factory.hpp:77] Creating layer lstm1_h_conted_0
I0925 21:01:37.234364 13511 net.cpp:91] Creating Layer lstm1_h_conted_0
I0925 21:01:37.234370 13511 net.cpp:425] lstm1_h_conted_0 <- h_0
I0925 21:01:37.234377 13511 net.cpp:425] lstm1_h_conted_0 <- cont_1_lstm1_cont_slice_0_split_0
I0925 21:01:37.234385 13511 net.cpp:399] lstm1_h_conted_0 -> h_conted_0
I0925 21:01:37.234746 13511 net.cpp:141] Setting up lstm1_h_conted_0
I0925 21:01:37.234760 13511 net.cpp:148] Top shape: 1 1 1000 (1000)
I0925 21:01:37.234766 13511 net.cpp:156] Memory required for data: 46016
I0925 21:01:37.234771 13511 layer_factory.hpp:77] Creating layer lstm1_transform_1
I0925 21:01:37.234786 13511 net.cpp:91] Creating Layer lstm1_transform_1
I0925 21:01:37.234792 13511 net.cpp:425] lstm1_transform_1 <- h_conted_0
I0925 21:01:37.234802 13511 net.cpp:399] lstm1_transform_1 -> W_hc_h_0
I0925 21:01:37.269028 13521 net.cpp:141] Setting up conv1
I0925 21:01:37.269088 13521 net.cpp:148] Top shape: 10 96 55 55 (2904000)
I0925 21:01:37.269104 13521 net.cpp:156] Memory required for data: 17799480
I0925 21:01:37.269148 13521 layer_factory.hpp:77] Creating layer relu1
I0925 21:01:37.269189 13521 net.cpp:91] Creating Layer relu1
I0925 21:01:37.269204 13521 net.cpp:425] relu1 <- conv1
I0925 21:01:37.269222 13521 net.cpp:386] relu1 -> conv1 (in-place)
I0925 21:01:37.269937 13521 net.cpp:141] Setting up relu1
I0925 21:01:37.269961 13521 net.cpp:148] Top shape: 10 96 55 55 (2904000)
I0925 21:01:37.269975 13521 net.cpp:156] Memory required for data: 29415480
I0925 21:01:37.269989 13521 layer_factory.hpp:77] Creating layer pool1
I0925 21:01:37.270028 13521 net.cpp:91] Creating Layer pool1
I0925 21:01:37.270045 13521 net.cpp:425] pool1 <- conv1
I0925 21:01:37.270062 13521 net.cpp:399] pool1 -> pool1
I0925 21:01:37.270207 13521 net.cpp:141] Setting up pool1
I0925 21:01:37.270231 13521 net.cpp:148] Top shape: 10 96 27 27 (699840)
I0925 21:01:37.270241 13521 net.cpp:156] Memory required for data: 32214840
I0925 21:01:37.270252 13521 layer_factory.hpp:77] Creating layer norm1
I0925 21:01:37.270297 13521 net.cpp:91] Creating Layer norm1
I0925 21:01:37.270311 13521 net.cpp:425] norm1 <- pool1
I0925 21:01:37.270328 13521 net.cpp:399] norm1 -> norm1
I0925 21:01:37.270916 13521 net.cpp:141] Setting up norm1
I0925 21:01:37.270948 13521 net.cpp:148] Top shape: 10 96 27 27 (699840)
I0925 21:01:37.270963 13521 net.cpp:156] Memory required for data: 35014200
I0925 21:01:37.270975 13521 layer_factory.hpp:77] Creating layer conv2
I0925 21:01:37.271005 13521 net.cpp:91] Creating Layer conv2
I0925 21:01:37.271019 13521 net.cpp:425] conv2 <- norm1
I0925 21:01:37.271044 13521 net.cpp:399] conv2 -> conv2
I0925 21:01:37.276324 13515 net.cpp:141] Setting up embedding
I0925 21:01:37.276378 13515 net.cpp:148] Top shape: 1 1 500 (500)
I0925 21:01:37.276386 13515 net.cpp:156] Memory required for data: 22408
I0925 21:01:37.276406 13515 layer_factory.hpp:77] Creating layer lstm1
I0925 21:01:37.276428 13515 net.cpp:91] Creating Layer lstm1
I0925 21:01:37.276438 13515 net.cpp:425] lstm1 <- embedded_input_frames
I0925 21:01:37.276448 13515 net.cpp:425] lstm1 <- cont_sentence_input_1_split_0
I0925 21:01:37.276463 13515 net.cpp:399] lstm1 -> lstm1
I0925 21:01:37.276484 13515 recurrent_layer.cpp:20] Initializing recurrent layer: assuming input batch contains 1 timesteps of 1 independent streams.
I0925 21:01:37.276816 13515 net.cpp:49] Initializing net from parameters: 
layer {
  name: "lstm1_"
  type: "Input"
  top: "x"
  top: "cont"
  input_param {
    shape {
      dim: 1
      dim: 1
      dim: 500
    }
    shape {
      dim: 1
      dim: 1
    }
  }
}
layer {
  name: "lstm1_"
  type: "Input"
  top: "c_0"
  top: "h_0"
  input_param {
    shape {
      dim: 1
      dim: 1
      dim: 1000
    }
    shape {
      dim: 1
      dim: 1
      dim: 1000
    }
  }
}
layer {
  name: "lstm1_cont_slice"
  type: "Slice"
  bottom: "cont"
  top: "cont_1"
  slice_param {
    axis: 0
  }
}
layer {
  name: "lstm1_x_transform"
  type: "InnerProduct"
  bottom: "x"
  top: "W_xc_x"
  param {
    name: "W_xc"
  }
  param {
    name: "b_c"
  }
  propagate_down: true
  inner_product_param {
    num_output: 4000
    bias_term: true
    weight_filler {
      type: "uniform"
      min: -0.08
      max: 0.08
    }
    bias_filler {
      type: "constant"
      value: 0
    }
    axis: 2
  }
}
layer {
  name: "lstm1_W_xc_x_slice"
  type: "Slice"
  bottom: "W_xc_x"
  top: "W_xc_x_1"
  slice_param {
    axis: 0
  }
}
layer {
  name: "lstm1_h_conted_0"
  type: "Scale"
  bottom: "h_0"
  bottom: "cont_1"
  top: "h_conted_0"
  scale_param {
    axis: 0
  }
}
layer {
  name: "lstm1_transform_1"
  type: "InnerProduct"
  bottom: "h_conted_0"
  top: "W_hc_h_0"
  param {
    name: "W_hc"
  }
  inner_product_param {
    num_output: 4000
    bias_term: false
    weight_filler {
      type: "uniform"
      min: -0.08
      max: 0.08
    }
    axis: 2
  }
}
layer {
  name: "lstm1_gate_input_1"
  type: "Eltwise"
  bottom: "W_hc_h_0"
  bottom: "W_xc_x_1"
  top: "gate_input_1"
  eltwise_param {
    operation: SUM
  }
}
layer {
  name: "lstm1_unit_1"
  type: "LSTMUnit"
  bottom: "c_0"
  bottom: "gate_input_1"
  bottom: "cont_1"
  top: "c_1"
  top: "h_1"
}
layer {
  name: "lstm1_"
  type: "Split"
  bottom: "c_1"
  top: "c_T"
}
layer {
  name: "lstm1_h_concat"
  type: "Concat"
  bottom: "h_1"
  top: "h"
  concat_param {
    axis: 0
  }
}
layer {
  name: "h_pseudoloss"
  type: "Reduction"
  bottom: "h"
  top: "h_pseudoloss"
  loss_weight: 1
}
I0925 21:01:37.276921 13515 layer_factory.hpp:77] Creating layer lstm1_
I0925 21:01:37.276938 13515 net.cpp:91] Creating Layer lstm1_
I0925 21:01:37.276947 13515 net.cpp:399] lstm1_ -> x
I0925 21:01:37.276962 13515 net.cpp:399] lstm1_ -> cont
I0925 21:01:37.277204 13515 net.cpp:141] Setting up lstm1_
I0925 21:01:37.277216 13515 net.cpp:148] Top shape: 1 1 500 (500)
I0925 21:01:37.277223 13515 net.cpp:148] Top shape: 1 1 (1)
I0925 21:01:37.277228 13515 net.cpp:156] Memory required for data: 2004
I0925 21:01:37.277235 13515 layer_factory.hpp:77] Creating layer lstm1_
I0925 21:01:37.277245 13515 net.cpp:91] Creating Layer lstm1_
I0925 21:01:37.277256 13515 net.cpp:399] lstm1_ -> c_0
I0925 21:01:37.277267 13515 net.cpp:399] lstm1_ -> h_0
I0925 21:01:37.277382 13515 net.cpp:141] Setting up lstm1_
I0925 21:01:37.277396 13515 net.cpp:148] Top shape: 1 1 1000 (1000)
I0925 21:01:37.277405 13515 net.cpp:148] Top shape: 1 1 1000 (1000)
I0925 21:01:37.277410 13515 net.cpp:156] Memory required for data: 10004
I0925 21:01:37.277415 13515 layer_factory.hpp:77] Creating layer lstm1_cont_slice
I0925 21:01:37.277431 13515 net.cpp:91] Creating Layer lstm1_cont_slice
I0925 21:01:37.277437 13515 net.cpp:425] lstm1_cont_slice <- cont
I0925 21:01:37.277447 13515 net.cpp:399] lstm1_cont_slice -> cont_1
I0925 21:01:37.277611 13515 net.cpp:141] Setting up lstm1_cont_slice
I0925 21:01:37.277622 13515 net.cpp:148] Top shape: 1 1 (1)
I0925 21:01:37.277629 13515 net.cpp:156] Memory required for data: 10008
I0925 21:01:37.277636 13515 layer_factory.hpp:77] Creating layer cont_1_lstm1_cont_slice_0_split
I0925 21:01:37.277644 13515 net.cpp:91] Creating Layer cont_1_lstm1_cont_slice_0_split
I0925 21:01:37.277650 13515 net.cpp:425] cont_1_lstm1_cont_slice_0_split <- cont_1
I0925 21:01:37.277662 13515 net.cpp:399] cont_1_lstm1_cont_slice_0_split -> cont_1_lstm1_cont_slice_0_split_0
I0925 21:01:37.277670 13515 net.cpp:399] cont_1_lstm1_cont_slice_0_split -> cont_1_lstm1_cont_slice_0_split_1
I0925 21:01:37.277743 13515 net.cpp:141] Setting up cont_1_lstm1_cont_slice_0_split
I0925 21:01:37.277755 13515 net.cpp:148] Top shape: 1 1 (1)
I0925 21:01:37.277761 13515 net.cpp:148] Top shape: 1 1 (1)
I0925 21:01:37.277766 13515 net.cpp:156] Memory required for data: 10016
I0925 21:01:37.277771 13515 layer_factory.hpp:77] Creating layer lstm1_x_transform
I0925 21:01:37.277784 13515 net.cpp:91] Creating Layer lstm1_x_transform
I0925 21:01:37.277792 13515 net.cpp:425] lstm1_x_transform <- x
I0925 21:01:37.277802 13515 net.cpp:399] lstm1_x_transform -> W_xc_x
I0925 21:01:37.282857 13521 net.cpp:141] Setting up conv2
I0925 21:01:37.282882 13521 net.cpp:148] Top shape: 10 256 27 27 (1866240)
I0925 21:01:37.282889 13521 net.cpp:156] Memory required for data: 42479160
I0925 21:01:37.282907 13521 layer_factory.hpp:77] Creating layer relu2
I0925 21:01:37.282927 13521 net.cpp:91] Creating Layer relu2
I0925 21:01:37.282935 13521 net.cpp:425] relu2 <- conv2
I0925 21:01:37.282943 13521 net.cpp:386] relu2 -> conv2 (in-place)
I0925 21:01:37.283407 13521 net.cpp:141] Setting up relu2
I0925 21:01:37.283422 13521 net.cpp:148] Top shape: 10 256 27 27 (1866240)
I0925 21:01:37.283428 13521 net.cpp:156] Memory required for data: 49944120
I0925 21:01:37.283434 13521 layer_factory.hpp:77] Creating layer pool2
I0925 21:01:37.283449 13521 net.cpp:91] Creating Layer pool2
I0925 21:01:37.283455 13521 net.cpp:425] pool2 <- conv2
I0925 21:01:37.283463 13521 net.cpp:399] pool2 -> pool2
I0925 21:01:37.283531 13521 net.cpp:141] Setting up pool2
I0925 21:01:37.283542 13521 net.cpp:148] Top shape: 10 256 13 13 (432640)
I0925 21:01:37.283547 13521 net.cpp:156] Memory required for data: 51674680
I0925 21:01:37.283555 13521 layer_factory.hpp:77] Creating layer norm2
I0925 21:01:37.283571 13521 net.cpp:91] Creating Layer norm2
I0925 21:01:37.283576 13521 net.cpp:425] norm2 <- pool2
I0925 21:01:37.283584 13521 net.cpp:399] norm2 -> norm2
I0925 21:01:37.283898 13521 net.cpp:141] Setting up norm2
I0925 21:01:37.283912 13521 net.cpp:148] Top shape: 10 256 13 13 (432640)
I0925 21:01:37.283918 13521 net.cpp:156] Memory required for data: 53405240
I0925 21:01:37.283924 13521 layer_factory.hpp:77] Creating layer conv3
I0925 21:01:37.283941 13521 net.cpp:91] Creating Layer conv3
I0925 21:01:37.283947 13521 net.cpp:425] conv3 <- norm2
I0925 21:01:37.283957 13521 net.cpp:399] conv3 -> conv3
I0925 21:01:37.283977 13511 net.cpp:141] Setting up lstm1_transform_1
I0925 21:01:37.284013 13511 net.cpp:148] Top shape: 1 1 4000 (4000)
I0925 21:01:37.284020 13511 net.cpp:156] Memory required for data: 62016
I0925 21:01:37.284039 13511 layer_factory.hpp:77] Creating layer lstm1_gate_input_1
I0925 21:01:37.284061 13511 net.cpp:91] Creating Layer lstm1_gate_input_1
I0925 21:01:37.284070 13511 net.cpp:425] lstm1_gate_input_1 <- W_hc_h_0
I0925 21:01:37.284077 13511 net.cpp:425] lstm1_gate_input_1 <- W_xc_x_1
I0925 21:01:37.284086 13511 net.cpp:399] lstm1_gate_input_1 -> gate_input_1
I0925 21:01:37.284204 13511 net.cpp:141] Setting up lstm1_gate_input_1
I0925 21:01:37.284217 13511 net.cpp:148] Top shape: 1 1 4000 (4000)
I0925 21:01:37.284222 13511 net.cpp:156] Memory required for data: 78016
I0925 21:01:37.284229 13511 layer_factory.hpp:77] Creating layer lstm1_unit_1
I0925 21:01:37.284238 13511 net.cpp:91] Creating Layer lstm1_unit_1
I0925 21:01:37.284243 13511 net.cpp:425] lstm1_unit_1 <- c_0
I0925 21:01:37.284250 13511 net.cpp:425] lstm1_unit_1 <- gate_input_1
I0925 21:01:37.284257 13511 net.cpp:425] lstm1_unit_1 <- cont_1_lstm1_cont_slice_0_split_1
I0925 21:01:37.284265 13511 net.cpp:399] lstm1_unit_1 -> c_1
I0925 21:01:37.284276 13511 net.cpp:399] lstm1_unit_1 -> h_1
I0925 21:01:37.286339 13511 net.cpp:141] Setting up lstm1_unit_1
I0925 21:01:37.286358 13511 net.cpp:148] Top shape: 1 1 1000 (1000)
I0925 21:01:37.286366 13511 net.cpp:148] Top shape: 1 1 1000 (1000)
I0925 21:01:37.286371 13511 net.cpp:156] Memory required for data: 86016
I0925 21:01:37.286377 13511 layer_factory.hpp:77] Creating layer lstm1_
I0925 21:01:37.286391 13511 net.cpp:91] Creating Layer lstm1_
I0925 21:01:37.286397 13511 net.cpp:425] lstm1_ <- c_1
I0925 21:01:37.286406 13511 net.cpp:399] lstm1_ -> c_T
I0925 21:01:37.286443 13511 net.cpp:141] Setting up lstm1_
I0925 21:01:37.286453 13511 net.cpp:148] Top shape: 1 1 1000 (1000)
I0925 21:01:37.286458 13511 net.cpp:156] Memory required for data: 90016
I0925 21:01:37.286463 13511 layer_factory.hpp:77] Creating layer lstm1_h_concat
I0925 21:01:37.286484 13511 net.cpp:91] Creating Layer lstm1_h_concat
I0925 21:01:37.286489 13511 net.cpp:425] lstm1_h_concat <- h_1
I0925 21:01:37.286499 13511 net.cpp:399] lstm1_h_concat -> h
I0925 21:01:37.286540 13511 net.cpp:141] Setting up lstm1_h_concat
I0925 21:01:37.286548 13511 net.cpp:148] Top shape: 1 1 1000 (1000)
I0925 21:01:37.286553 13511 net.cpp:156] Memory required for data: 94016
I0925 21:01:37.286559 13511 layer_factory.hpp:77] Creating layer h_pseudoloss
I0925 21:01:37.286576 13511 net.cpp:91] Creating Layer h_pseudoloss
I0925 21:01:37.286581 13511 net.cpp:425] h_pseudoloss <- h
I0925 21:01:37.286589 13511 net.cpp:399] h_pseudoloss -> h_pseudoloss
I0925 21:01:37.286877 13511 net.cpp:141] Setting up h_pseudoloss
I0925 21:01:37.286898 13511 net.cpp:148] Top shape: (1)
I0925 21:01:37.286906 13511 net.cpp:151]     with loss weight 1
I0925 21:01:37.286959 13511 net.cpp:156] Memory required for data: 94020
I0925 21:01:37.286967 13511 net.cpp:217] h_pseudoloss needs backward computation.
I0925 21:01:37.286973 13511 net.cpp:217] lstm1_h_concat needs backward computation.
I0925 21:01:37.286978 13511 net.cpp:219] lstm1_ does not need backward computation.
I0925 21:01:37.286984 13511 net.cpp:217] lstm1_unit_1 needs backward computation.
I0925 21:01:37.286991 13511 net.cpp:217] lstm1_gate_input_1 needs backward computation.
I0925 21:01:37.286998 13511 net.cpp:217] lstm1_transform_1 needs backward computation.
I0925 21:01:37.287003 13511 net.cpp:219] lstm1_h_conted_0 does not need backward computation.
I0925 21:01:37.287009 13511 net.cpp:217] lstm1_W_xc_x_slice needs backward computation.
I0925 21:01:37.287015 13511 net.cpp:217] lstm1_x_transform needs backward computation.
I0925 21:01:37.287021 13511 net.cpp:219] cont_1_lstm1_cont_slice_0_split does not need backward computation.
I0925 21:01:37.287031 13511 net.cpp:219] lstm1_cont_slice does not need backward computation.
I0925 21:01:37.287039 13511 net.cpp:219] lstm1_ does not need backward computation.
I0925 21:01:37.287044 13511 net.cpp:219] lstm1_ does not need backward computation.
I0925 21:01:37.287048 13511 net.cpp:261] This network produces output c_T
I0925 21:01:37.287053 13511 net.cpp:261] This network produces output h_pseudoloss
I0925 21:01:37.287075 13511 net.cpp:274] Network initialization done.
I0925 21:01:37.287140 13511 recurrent_layer.cpp:150] Adding parameter 0: W_xc
I0925 21:01:37.287148 13511 recurrent_layer.cpp:150] Adding parameter 1: b_c
I0925 21:01:37.287153 13511 recurrent_layer.cpp:150] Adding parameter 2: W_hc
I0925 21:01:37.287442 13511 net.cpp:141] Setting up lstm1
I0925 21:01:37.287456 13511 net.cpp:148] Top shape: 1 1 1000 (1000)
I0925 21:01:37.287462 13511 net.cpp:156] Memory required for data: 26408
I0925 21:01:37.287482 13511 layer_factory.hpp:77] Creating layer concat
I0925 21:01:37.287493 13511 net.cpp:91] Creating Layer concat
I0925 21:01:37.287502 13511 net.cpp:425] concat <- lstm1
I0925 21:01:37.287509 13511 net.cpp:425] concat <- embedded_input_sentence
I0925 21:01:37.287515 13511 net.cpp:425] concat <- reshaped_stage_indicator
I0925 21:01:37.287525 13511 net.cpp:399] concat -> lstm1_video_sequence
I0925 21:01:37.287767 13511 net.cpp:141] Setting up concat
I0925 21:01:37.287781 13511 net.cpp:148] Top shape: 1 1 1501 (1501)
I0925 21:01:37.287786 13511 net.cpp:156] Memory required for data: 32412
I0925 21:01:37.287791 13511 layer_factory.hpp:77] Creating layer lstm2
I0925 21:01:37.287806 13511 net.cpp:91] Creating Layer lstm2
I0925 21:01:37.287812 13511 net.cpp:425] lstm2 <- lstm1_video_sequence
I0925 21:01:37.287819 13511 net.cpp:425] lstm2 <- cont_sentence_input_1_split_1
I0925 21:01:37.287828 13511 net.cpp:399] lstm2 -> lstm2
I0925 21:01:37.287842 13511 recurrent_layer.cpp:20] Initializing recurrent layer: assuming input batch contains 1 timesteps of 1 independent streams.
I0925 21:01:37.288116 13511 net.cpp:49] Initializing net from parameters: 
layer {
  name: "lstm2_"
  type: "Input"
  top: "x"
  top: "cont"
  input_param {
    shape {
      dim: 1
      dim: 1
      dim: 1501
    }
    shape {
      dim: 1
      dim: 1
    }
  }
}
layer {
  name: "lstm2_"
  type: "Input"
  top: "c_0"
  top: "h_0"
  input_param {
    shape {
      dim: 1
      dim: 1
      dim: 1000
    }
    shape {
      dim: 1
      dim: 1
      dim: 1000
    }
  }
}
layer {
  name: "lstm2_cont_slice"
  type: "Slice"
  bottom: "cont"
  top: "cont_1"
  slice_param {
    axis: 0
  }
}
layer {
  name: "lstm2_x_transform"
  type: "InnerProduct"
  bottom: "x"
  top: "W_xc_x"
  param {
    name: "W_xc"
  }
  param {
    name: "b_c"
  }
  propagate_down: true
  inner_product_param {
    num_output: 4000
    bias_term: true
    weight_filler {
      type: "uniform"
      min: -0.08
      max: 0.08
    }
    bias_filler {
      type: "constant"
      value: 0
    }
    axis: 2
  }
}
layer {
  name: "lstm2_W_xc_x_slice"
  type: "Slice"
  bottom: "W_xc_x"
  top: "W_xc_x_1"
  slice_param {
    axis: 0
  }
}
layer {
  name: "lstm2_h_conted_0"
  type: "Scale"
  bottom: "h_0"
  bottom: "cont_1"
  top: "h_conted_0"
  scale_param {
    axis: 0
  }
}
layer {
  name: "lstm2_transform_1"
  type: "InnerProduct"
  bottom: "h_conted_0"
  top: "W_hc_h_0"
  param {
    name: "W_hc"
  }
  inner_product_param {
    num_output: 4000
    bias_term: false
    weight_filler {
      type: "uniform"
      min: -0.08
      max: 0.08
    }
    axis: 2
  }
}
layer {
  name: "lstm2_gate_input_1"
  type: "Eltwise"
  bottom: "W_hc_h_0"
  bottom: "W_xc_x_1"
  top: "gate_input_1"
  eltwise_param {
    operation: SUM
  }
}
layer {
  name: "lstm2_unit_1"
  type: "LSTMUnit"
  bottom: "c_0"
  bottom: "gate_input_1"
  bottom: "cont_1"
  top: "c_1"
  top: "h_1"
}
layer {
  name: "lstm2_"
  type: "Split"
  bottom: "c_1"
  top: "c_T"
}
layer {
  name: "lstm2_h_concat"
  type: "Concat"
  bottom: "h_1"
  top: "h"
  concat_param {
    axis: 0
  }
}
layer {
  name: "h_pseudoloss"
  type: "Reduction"
  bottom: "h"
  top: "h_pseudoloss"
  loss_weight: 1
}
I0925 21:01:37.288218 13511 layer_factory.hpp:77] Creating layer lstm2_
I0925 21:01:37.288230 13511 net.cpp:91] Creating Layer lstm2_
I0925 21:01:37.288238 13511 net.cpp:399] lstm2_ -> x
I0925 21:01:37.288250 13511 net.cpp:399] lstm2_ -> cont
I0925 21:01:37.288350 13511 net.cpp:141] Setting up lstm2_
I0925 21:01:37.288363 13511 net.cpp:148] Top shape: 1 1 1501 (1501)
I0925 21:01:37.288370 13511 net.cpp:148] Top shape: 1 1 (1)
I0925 21:01:37.288375 13511 net.cpp:156] Memory required for data: 6008
I0925 21:01:37.288381 13511 layer_factory.hpp:77] Creating layer lstm2_
I0925 21:01:37.288395 13511 net.cpp:91] Creating Layer lstm2_
I0925 21:01:37.288405 13511 net.cpp:399] lstm2_ -> c_0
I0925 21:01:37.288416 13511 net.cpp:399] lstm2_ -> h_0
I0925 21:01:37.288590 13511 net.cpp:141] Setting up lstm2_
I0925 21:01:37.288602 13511 net.cpp:148] Top shape: 1 1 1000 (1000)
I0925 21:01:37.288609 13511 net.cpp:148] Top shape: 1 1 1000 (1000)
I0925 21:01:37.288614 13511 net.cpp:156] Memory required for data: 14008
I0925 21:01:37.288620 13511 layer_factory.hpp:77] Creating layer lstm2_cont_slice
I0925 21:01:37.288622 13521 net.cpp:141] Setting up conv3
I0925 21:01:37.288630 13511 net.cpp:91] Creating Layer lstm2_cont_slice
I0925 21:01:37.288647 13521 net.cpp:148] Top shape: 10 384 13 13 (648960)
I0925 21:01:37.288650 13511 net.cpp:425] lstm2_cont_slice <- cont
I0925 21:01:37.288656 13521 net.cpp:156] Memory required for data: 56001080
I0925 21:01:37.288661 13511 net.cpp:399] lstm2_cont_slice -> cont_1
I0925 21:01:37.288673 13521 layer_factory.hpp:77] Creating layer relu3
I0925 21:01:37.288688 13521 net.cpp:91] Creating Layer relu3
I0925 21:01:37.288696 13521 net.cpp:425] relu3 <- conv3
I0925 21:01:37.288702 13521 net.cpp:386] relu3 -> conv3 (in-place)
I0925 21:01:37.288708 13511 net.cpp:141] Setting up lstm2_cont_slice
I0925 21:01:37.288719 13511 net.cpp:148] Top shape: 1 1 (1)
I0925 21:01:37.288725 13511 net.cpp:156] Memory required for data: 14012
I0925 21:01:37.288730 13511 layer_factory.hpp:77] Creating layer cont_1_lstm2_cont_slice_0_split
I0925 21:01:37.288738 13511 net.cpp:91] Creating Layer cont_1_lstm2_cont_slice_0_split
I0925 21:01:37.288743 13511 net.cpp:425] cont_1_lstm2_cont_slice_0_split <- cont_1
I0925 21:01:37.288753 13511 net.cpp:399] cont_1_lstm2_cont_slice_0_split -> cont_1_lstm2_cont_slice_0_split_0
I0925 21:01:37.288763 13511 net.cpp:399] cont_1_lstm2_cont_slice_0_split -> cont_1_lstm2_cont_slice_0_split_1
I0925 21:01:37.288950 13511 net.cpp:141] Setting up cont_1_lstm2_cont_slice_0_split
I0925 21:01:37.288965 13511 net.cpp:148] Top shape: 1 1 (1)
I0925 21:01:37.288972 13511 net.cpp:148] Top shape: 1 1 (1)
I0925 21:01:37.288977 13511 net.cpp:156] Memory required for data: 14020
I0925 21:01:37.288983 13511 layer_factory.hpp:77] Creating layer lstm2_x_transform
I0925 21:01:37.288995 13511 net.cpp:91] Creating Layer lstm2_x_transform
I0925 21:01:37.289000 13511 net.cpp:425] lstm2_x_transform <- x
I0925 21:01:37.289012 13511 net.cpp:399] lstm2_x_transform -> W_xc_x
I0925 21:01:37.289052 13521 net.cpp:141] Setting up relu3
I0925 21:01:37.289067 13521 net.cpp:148] Top shape: 10 384 13 13 (648960)
I0925 21:01:37.289072 13521 net.cpp:156] Memory required for data: 58596920
I0925 21:01:37.289078 13521 layer_factory.hpp:77] Creating layer conv4
I0925 21:01:37.289100 13521 net.cpp:91] Creating Layer conv4
I0925 21:01:37.289106 13521 net.cpp:425] conv4 <- conv3
I0925 21:01:37.289114 13521 net.cpp:399] conv4 -> conv4
I0925 21:01:37.301245 13515 net.cpp:141] Setting up lstm1_x_transform
I0925 21:01:37.301265 13515 net.cpp:148] Top shape: 1 1 4000 (4000)
I0925 21:01:37.301271 13515 net.cpp:156] Memory required for data: 26016
I0925 21:01:37.301286 13515 layer_factory.hpp:77] Creating layer lstm1_W_xc_x_slice
I0925 21:01:37.301298 13515 net.cpp:91] Creating Layer lstm1_W_xc_x_slice
I0925 21:01:37.301304 13515 net.cpp:425] lstm1_W_xc_x_slice <- W_xc_x
I0925 21:01:37.301313 13515 net.cpp:399] lstm1_W_xc_x_slice -> W_xc_x_1
I0925 21:01:37.301367 13515 net.cpp:141] Setting up lstm1_W_xc_x_slice
I0925 21:01:37.301378 13515 net.cpp:148] Top shape: 1 1 4000 (4000)
I0925 21:01:37.301383 13515 net.cpp:156] Memory required for data: 42016
I0925 21:01:37.301389 13515 layer_factory.hpp:77] Creating layer lstm1_h_conted_0
I0925 21:01:37.301422 13515 net.cpp:91] Creating Layer lstm1_h_conted_0
I0925 21:01:37.301430 13515 net.cpp:425] lstm1_h_conted_0 <- h_0
I0925 21:01:37.301439 13515 net.cpp:425] lstm1_h_conted_0 <- cont_1_lstm1_cont_slice_0_split_0
I0925 21:01:37.301446 13515 net.cpp:399] lstm1_h_conted_0 -> h_conted_0
I0925 21:01:37.303208 13515 net.cpp:141] Setting up lstm1_h_conted_0
I0925 21:01:37.303228 13515 net.cpp:148] Top shape: 1 1 1000 (1000)
I0925 21:01:37.303233 13515 net.cpp:156] Memory required for data: 46016
I0925 21:01:37.303239 13515 layer_factory.hpp:77] Creating layer lstm1_transform_1
I0925 21:01:37.303254 13515 net.cpp:91] Creating Layer lstm1_transform_1
I0925 21:01:37.303261 13515 net.cpp:425] lstm1_transform_1 <- h_conted_0
I0925 21:01:37.303272 13515 net.cpp:399] lstm1_transform_1 -> W_hc_h_0
I0925 21:01:37.314898 13521 net.cpp:141] Setting up conv4
I0925 21:01:37.314947 13521 net.cpp:148] Top shape: 10 384 13 13 (648960)
I0925 21:01:37.314955 13521 net.cpp:156] Memory required for data: 61192760
I0925 21:01:37.314978 13521 layer_factory.hpp:77] Creating layer relu4
I0925 21:01:37.315001 13521 net.cpp:91] Creating Layer relu4
I0925 21:01:37.315009 13521 net.cpp:425] relu4 <- conv4
I0925 21:01:37.315019 13521 net.cpp:386] relu4 -> conv4 (in-place)
I0925 21:01:37.315476 13521 net.cpp:141] Setting up relu4
I0925 21:01:37.315491 13521 net.cpp:148] Top shape: 10 384 13 13 (648960)
I0925 21:01:37.315497 13521 net.cpp:156] Memory required for data: 63788600
I0925 21:01:37.315503 13521 layer_factory.hpp:77] Creating layer conv5
I0925 21:01:37.315523 13521 net.cpp:91] Creating Layer conv5
I0925 21:01:37.315529 13521 net.cpp:425] conv5 <- conv4
I0925 21:01:37.315541 13521 net.cpp:399] conv5 -> conv5
I0925 21:01:37.320164 13521 net.cpp:141] Setting up conv5
I0925 21:01:37.320186 13521 net.cpp:148] Top shape: 10 256 13 13 (432640)
I0925 21:01:37.320194 13521 net.cpp:156] Memory required for data: 65519160
I0925 21:01:37.320214 13521 layer_factory.hpp:77] Creating layer relu5
I0925 21:01:37.320226 13521 net.cpp:91] Creating Layer relu5
I0925 21:01:37.320232 13521 net.cpp:425] relu5 <- conv5
I0925 21:01:37.320242 13521 net.cpp:386] relu5 -> conv5 (in-place)
I0925 21:01:37.320688 13521 net.cpp:141] Setting up relu5
I0925 21:01:37.320703 13521 net.cpp:148] Top shape: 10 256 13 13 (432640)
I0925 21:01:37.320708 13521 net.cpp:156] Memory required for data: 67249720
I0925 21:01:37.320714 13521 layer_factory.hpp:77] Creating layer pool5
I0925 21:01:37.320731 13521 net.cpp:91] Creating Layer pool5
I0925 21:01:37.320737 13521 net.cpp:425] pool5 <- conv5
I0925 21:01:37.320749 13521 net.cpp:399] pool5 -> pool5
I0925 21:01:37.320824 13521 net.cpp:141] Setting up pool5
I0925 21:01:37.320838 13521 net.cpp:148] Top shape: 10 256 6 6 (92160)
I0925 21:01:37.320843 13521 net.cpp:156] Memory required for data: 67618360
I0925 21:01:37.320849 13521 layer_factory.hpp:77] Creating layer fc6
I0925 21:01:37.320866 13521 net.cpp:91] Creating Layer fc6
I0925 21:01:37.320873 13521 net.cpp:425] fc6 <- pool5
I0925 21:01:37.320880 13521 net.cpp:399] fc6 -> fc6
I0925 21:01:37.394397 13515 net.cpp:141] Setting up lstm1_transform_1
I0925 21:01:37.394450 13515 net.cpp:148] Top shape: 1 1 4000 (4000)
I0925 21:01:37.394457 13515 net.cpp:156] Memory required for data: 62016
I0925 21:01:37.394479 13515 layer_factory.hpp:77] Creating layer lstm1_gate_input_1
I0925 21:01:37.394505 13515 net.cpp:91] Creating Layer lstm1_gate_input_1
I0925 21:01:37.394513 13515 net.cpp:425] lstm1_gate_input_1 <- W_hc_h_0
I0925 21:01:37.394522 13515 net.cpp:425] lstm1_gate_input_1 <- W_xc_x_1
I0925 21:01:37.394531 13515 net.cpp:399] lstm1_gate_input_1 -> gate_input_1
I0925 21:01:37.394613 13511 net.cpp:141] Setting up lstm2_x_transform
I0925 21:01:37.394635 13511 net.cpp:148] Top shape: 1 1 4000 (4000)
I0925 21:01:37.394641 13511 net.cpp:156] Memory required for data: 30020
I0925 21:01:37.394645 13515 net.cpp:141] Setting up lstm1_gate_input_1
I0925 21:01:37.394659 13515 net.cpp:148] Top shape: 1 1 4000 (4000)
I0925 21:01:37.394659 13511 layer_factory.hpp:77] Creating layer lstm2_W_xc_x_slice
I0925 21:01:37.394671 13515 net.cpp:156] Memory required for data: 78016
I0925 21:01:37.394678 13515 layer_factory.hpp:77] Creating layer lstm1_unit_1
I0925 21:01:37.394683 13511 net.cpp:91] Creating Layer lstm2_W_xc_x_slice
I0925 21:01:37.394690 13515 net.cpp:91] Creating Layer lstm1_unit_1
I0925 21:01:37.394691 13511 net.cpp:425] lstm2_W_xc_x_slice <- W_xc_x
I0925 21:01:37.394695 13515 net.cpp:425] lstm1_unit_1 <- c_0
I0925 21:01:37.394701 13511 net.cpp:399] lstm2_W_xc_x_slice -> W_xc_x_1
I0925 21:01:37.394702 13515 net.cpp:425] lstm1_unit_1 <- gate_input_1
I0925 21:01:37.394711 13515 net.cpp:425] lstm1_unit_1 <- cont_1_lstm1_cont_slice_0_split_1
I0925 21:01:37.394718 13515 net.cpp:399] lstm1_unit_1 -> c_1
I0925 21:01:37.394729 13515 net.cpp:399] lstm1_unit_1 -> h_1
I0925 21:01:37.394762 13511 net.cpp:141] Setting up lstm2_W_xc_x_slice
I0925 21:01:37.394775 13511 net.cpp:148] Top shape: 1 1 4000 (4000)
I0925 21:01:37.394780 13511 net.cpp:156] Memory required for data: 46020
I0925 21:01:37.394786 13511 layer_factory.hpp:77] Creating layer lstm2_h_conted_0
I0925 21:01:37.394798 13511 net.cpp:91] Creating Layer lstm2_h_conted_0
I0925 21:01:37.394805 13511 net.cpp:425] lstm2_h_conted_0 <- h_0
I0925 21:01:37.394812 13511 net.cpp:425] lstm2_h_conted_0 <- cont_1_lstm2_cont_slice_0_split_0
I0925 21:01:37.394820 13511 net.cpp:399] lstm2_h_conted_0 -> h_conted_0
I0925 21:01:37.394829 13515 net.cpp:141] Setting up lstm1_unit_1
I0925 21:01:37.394841 13515 net.cpp:148] Top shape: 1 1 1000 (1000)
I0925 21:01:37.394848 13515 net.cpp:148] Top shape: 1 1 1000 (1000)
I0925 21:01:37.394855 13515 net.cpp:156] Memory required for data: 86016
I0925 21:01:37.394860 13515 layer_factory.hpp:77] Creating layer lstm1_
I0925 21:01:37.394871 13515 net.cpp:91] Creating Layer lstm1_
I0925 21:01:37.394877 13515 net.cpp:425] lstm1_ <- c_1
I0925 21:01:37.394886 13515 net.cpp:399] lstm1_ -> c_T
I0925 21:01:37.394932 13515 net.cpp:141] Setting up lstm1_
I0925 21:01:37.394942 13515 net.cpp:148] Top shape: 1 1 1000 (1000)
I0925 21:01:37.394947 13515 net.cpp:156] Memory required for data: 90016
I0925 21:01:37.394953 13515 layer_factory.hpp:77] Creating layer lstm1_h_concat
I0925 21:01:37.394963 13515 net.cpp:91] Creating Layer lstm1_h_concat
I0925 21:01:37.394969 13515 net.cpp:425] lstm1_h_concat <- h_1
I0925 21:01:37.394968 13511 net.cpp:141] Setting up lstm2_h_conted_0
I0925 21:01:37.394980 13515 net.cpp:399] lstm1_h_concat -> h
I0925 21:01:37.394981 13511 net.cpp:148] Top shape: 1 1 1000 (1000)
I0925 21:01:37.394994 13511 net.cpp:156] Memory required for data: 50020
I0925 21:01:37.395001 13511 layer_factory.hpp:77] Creating layer lstm2_transform_1
I0925 21:01:37.395016 13511 net.cpp:91] Creating Layer lstm2_transform_1
I0925 21:01:37.395023 13511 net.cpp:425] lstm2_transform_1 <- h_conted_0
I0925 21:01:37.395028 13515 net.cpp:141] Setting up lstm1_h_concat
I0925 21:01:37.395032 13511 net.cpp:399] lstm2_transform_1 -> W_hc_h_0
I0925 21:01:37.395038 13515 net.cpp:148] Top shape: 1 1 1000 (1000)
I0925 21:01:37.395043 13515 net.cpp:156] Memory required for data: 94016
I0925 21:01:37.395050 13515 layer_factory.hpp:77] Creating layer h_pseudoloss
I0925 21:01:37.395059 13515 net.cpp:91] Creating Layer h_pseudoloss
I0925 21:01:37.395064 13515 net.cpp:425] h_pseudoloss <- h
I0925 21:01:37.395072 13515 net.cpp:399] h_pseudoloss -> h_pseudoloss
I0925 21:01:37.403951 13515 net.cpp:141] Setting up h_pseudoloss
I0925 21:01:37.404009 13515 net.cpp:148] Top shape: (1)
I0925 21:01:37.404016 13515 net.cpp:151]     with loss weight 1
I0925 21:01:37.404039 13515 net.cpp:156] Memory required for data: 94020
I0925 21:01:37.404050 13515 net.cpp:217] h_pseudoloss needs backward computation.
I0925 21:01:37.404058 13515 net.cpp:217] lstm1_h_concat needs backward computation.
I0925 21:01:37.404064 13515 net.cpp:219] lstm1_ does not need backward computation.
I0925 21:01:37.404070 13515 net.cpp:217] lstm1_unit_1 needs backward computation.
I0925 21:01:37.404079 13515 net.cpp:217] lstm1_gate_input_1 needs backward computation.
I0925 21:01:37.404085 13515 net.cpp:217] lstm1_transform_1 needs backward computation.
I0925 21:01:37.404093 13515 net.cpp:219] lstm1_h_conted_0 does not need backward computation.
I0925 21:01:37.404099 13515 net.cpp:217] lstm1_W_xc_x_slice needs backward computation.
I0925 21:01:37.404109 13515 net.cpp:217] lstm1_x_transform needs backward computation.
I0925 21:01:37.404115 13515 net.cpp:219] cont_1_lstm1_cont_slice_0_split does not need backward computation.
I0925 21:01:37.404122 13515 net.cpp:219] lstm1_cont_slice does not need backward computation.
I0925 21:01:37.404129 13515 net.cpp:219] lstm1_ does not need backward computation.
I0925 21:01:37.404134 13515 net.cpp:219] lstm1_ does not need backward computation.
I0925 21:01:37.404139 13515 net.cpp:261] This network produces output c_T
I0925 21:01:37.404145 13515 net.cpp:261] This network produces output h_pseudoloss
I0925 21:01:37.404165 13515 net.cpp:274] Network initialization done.
I0925 21:01:37.404230 13515 recurrent_layer.cpp:150] Adding parameter 0: W_xc
I0925 21:01:37.404239 13515 recurrent_layer.cpp:150] Adding parameter 1: b_c
I0925 21:01:37.404244 13515 recurrent_layer.cpp:150] Adding parameter 2: W_hc
I0925 21:01:37.404376 13515 net.cpp:141] Setting up lstm1
I0925 21:01:37.404388 13515 net.cpp:148] Top shape: 1 1 1000 (1000)
I0925 21:01:37.404393 13515 net.cpp:156] Memory required for data: 26408
I0925 21:01:37.404412 13515 layer_factory.hpp:77] Creating layer concat
I0925 21:01:37.404438 13515 net.cpp:91] Creating Layer concat
I0925 21:01:37.404445 13515 net.cpp:425] concat <- lstm1
I0925 21:01:37.404454 13515 net.cpp:425] concat <- embedded_input_sentence
I0925 21:01:37.404460 13515 net.cpp:425] concat <- reshaped_stage_indicator
I0925 21:01:37.404469 13515 net.cpp:399] concat -> lstm1_video_sequence
I0925 21:01:37.404518 13515 net.cpp:141] Setting up concat
I0925 21:01:37.404528 13515 net.cpp:148] Top shape: 1 1 1501 (1501)
I0925 21:01:37.404533 13515 net.cpp:156] Memory required for data: 32412
I0925 21:01:37.404539 13515 layer_factory.hpp:77] Creating layer lstm2
I0925 21:01:37.404556 13515 net.cpp:91] Creating Layer lstm2
I0925 21:01:37.404561 13515 net.cpp:425] lstm2 <- lstm1_video_sequence
I0925 21:01:37.404568 13515 net.cpp:425] lstm2 <- cont_sentence_input_1_split_1
I0925 21:01:37.404577 13515 net.cpp:399] lstm2 -> lstm2
I0925 21:01:37.404588 13515 recurrent_layer.cpp:20] Initializing recurrent layer: assuming input batch contains 1 timesteps of 1 independent streams.
I0925 21:01:37.404881 13515 net.cpp:49] Initializing net from parameters: 
layer {
  name: "lstm2_"
  type: "Input"
  top: "x"
  top: "cont"
  input_param {
    shape {
      dim: 1
      dim: 1
      dim: 1501
    }
    shape {
      dim: 1
      dim: 1
    }
  }
}
layer {
  name: "lstm2_"
  type: "Input"
  top: "c_0"
  top: "h_0"
  input_param {
    shape {
      dim: 1
      dim: 1
      dim: 1000
    }
    shape {
      dim: 1
      dim: 1
      dim: 1000
    }
  }
}
layer {
  name: "lstm2_cont_slice"
  type: "Slice"
  bottom: "cont"
  top: "cont_1"
  slice_param {
    axis: 0
  }
}
layer {
  name: "lstm2_x_transform"
  type: "InnerProduct"
  bottom: "x"
  top: "W_xc_x"
  param {
    name: "W_xc"
  }
  param {
    name: "b_c"
  }
  propagate_down: true
  inner_product_param {
    num_output: 4000
    bias_term: true
    weight_filler {
      type: "uniform"
      min: -0.08
      max: 0.08
    }
    bias_filler {
      type: "constant"
      value: 0
    }
    axis: 2
  }
}
layer {
  name: "lstm2_W_xc_x_slice"
  type: "Slice"
  bottom: "W_xc_x"
  top: "W_xc_x_1"
  slice_param {
    axis: 0
  }
}
layer {
  name: "lstm2_h_conted_0"
  type: "Scale"
  bottom: "h_0"
  bottom: "cont_1"
  top: "h_conted_0"
  scale_param {
    axis: 0
  }
}
layer {
  name: "lstm2_transform_1"
  type: "InnerProduct"
  bottom: "h_conted_0"
  top: "W_hc_h_0"
  param {
    name: "W_hc"
  }
  inner_product_param {
    num_output: 4000
    bias_term: false
    weight_filler {
      type: "uniform"
      min: -0.08
      max: 0.08
    }
    axis: 2
  }
}
layer {
  name: "lstm2_gate_input_1"
  type: "Eltwise"
  bottom: "W_hc_h_0"
  bottom: "W_xc_x_1"
  top: "gate_input_1"
  eltwise_param {
    operation: SUM
  }
}
layer {
  name: "lstm2_unit_1"
  type: "LSTMUnit"
  bottom: "c_0"
  bottom: "gate_input_1"
  bottom: "cont_1"
  top: "c_1"
  top: "h_1"
}
layer {
  name: "lstm2_"
  type: "Split"
  bottom: "c_1"
  top: "c_T"
}
layer {
  name: "lstm2_h_concat"
  type: "Concat"
  bottom: "h_1"
  top: "h"
  concat_param {
    axis: 0
  }
}
layer {
  name: "h_pseudoloss"
  type: "Reduction"
  bottom: "h"
  top: "h_pseudoloss"
  loss_weight: 1
}
I0925 21:01:37.404986 13515 layer_factory.hpp:77] Creating layer lstm2_
I0925 21:01:37.405000 13515 net.cpp:91] Creating Layer lstm2_
I0925 21:01:37.405007 13515 net.cpp:399] lstm2_ -> x
I0925 21:01:37.405020 13515 net.cpp:399] lstm2_ -> cont
I0925 21:01:37.405093 13515 net.cpp:141] Setting up lstm2_
I0925 21:01:37.405107 13515 net.cpp:148] Top shape: 1 1 1501 (1501)
I0925 21:01:37.405113 13515 net.cpp:148] Top shape: 1 1 (1)
I0925 21:01:37.405119 13515 net.cpp:156] Memory required for data: 6008
I0925 21:01:37.405125 13515 layer_factory.hpp:77] Creating layer lstm2_
I0925 21:01:37.405135 13515 net.cpp:91] Creating Layer lstm2_
I0925 21:01:37.405144 13515 net.cpp:399] lstm2_ -> c_0
I0925 21:01:37.405155 13515 net.cpp:399] lstm2_ -> h_0
I0925 21:01:37.405218 13515 net.cpp:141] Setting up lstm2_
I0925 21:01:37.405230 13515 net.cpp:148] Top shape: 1 1 1000 (1000)
I0925 21:01:37.405236 13515 net.cpp:148] Top shape: 1 1 1000 (1000)
I0925 21:01:37.405241 13515 net.cpp:156] Memory required for data: 14008
I0925 21:01:37.405247 13515 layer_factory.hpp:77] Creating layer lstm2_cont_slice
I0925 21:01:37.405257 13515 net.cpp:91] Creating Layer lstm2_cont_slice
I0925 21:01:37.405263 13515 net.cpp:425] lstm2_cont_slice <- cont
I0925 21:01:37.405272 13515 net.cpp:399] lstm2_cont_slice -> cont_1
I0925 21:01:37.405313 13515 net.cpp:141] Setting up lstm2_cont_slice
I0925 21:01:37.405324 13515 net.cpp:148] Top shape: 1 1 (1)
I0925 21:01:37.405329 13515 net.cpp:156] Memory required for data: 14012
I0925 21:01:37.405334 13515 layer_factory.hpp:77] Creating layer cont_1_lstm2_cont_slice_0_split
I0925 21:01:37.405346 13515 net.cpp:91] Creating Layer cont_1_lstm2_cont_slice_0_split
I0925 21:01:37.405352 13515 net.cpp:425] cont_1_lstm2_cont_slice_0_split <- cont_1
I0925 21:01:37.405359 13515 net.cpp:399] cont_1_lstm2_cont_slice_0_split -> cont_1_lstm2_cont_slice_0_split_0
I0925 21:01:37.405369 13515 net.cpp:399] cont_1_lstm2_cont_slice_0_split -> cont_1_lstm2_cont_slice_0_split_1
I0925 21:01:37.405423 13515 net.cpp:141] Setting up cont_1_lstm2_cont_slice_0_split
I0925 21:01:37.405433 13515 net.cpp:148] Top shape: 1 1 (1)
I0925 21:01:37.405441 13515 net.cpp:148] Top shape: 1 1 (1)
I0925 21:01:37.405445 13515 net.cpp:156] Memory required for data: 14020
I0925 21:01:37.405450 13515 layer_factory.hpp:77] Creating layer lstm2_x_transform
I0925 21:01:37.405462 13515 net.cpp:91] Creating Layer lstm2_x_transform
I0925 21:01:37.405468 13515 net.cpp:425] lstm2_x_transform <- x
I0925 21:01:37.405479 13515 net.cpp:399] lstm2_x_transform -> W_xc_x
I0925 21:01:37.439309 13521 net.cpp:141] Setting up fc6
I0925 21:01:37.439378 13521 net.cpp:148] Top shape: 10 4096 (40960)
I0925 21:01:37.439393 13521 net.cpp:156] Memory required for data: 67782200
I0925 21:01:37.439419 13521 layer_factory.hpp:77] Creating layer relu6
I0925 21:01:37.439447 13521 net.cpp:91] Creating Layer relu6
I0925 21:01:37.439469 13521 net.cpp:425] relu6 <- fc6
I0925 21:01:37.439486 13521 net.cpp:386] relu6 -> fc6 (in-place)
I0925 21:01:37.440073 13521 net.cpp:141] Setting up relu6
I0925 21:01:37.440089 13521 net.cpp:148] Top shape: 10 4096 (40960)
I0925 21:01:37.440099 13521 net.cpp:156] Memory required for data: 67946040
I0925 21:01:37.440109 13521 layer_factory.hpp:77] Creating layer drop6
I0925 21:01:37.440135 13521 net.cpp:91] Creating Layer drop6
I0925 21:01:37.440146 13521 net.cpp:425] drop6 <- fc6
I0925 21:01:37.440161 13521 net.cpp:386] drop6 -> fc6 (in-place)
I0925 21:01:37.440256 13521 net.cpp:141] Setting up drop6
I0925 21:01:37.440276 13521 net.cpp:148] Top shape: 10 4096 (40960)
I0925 21:01:37.440286 13521 net.cpp:156] Memory required for data: 68109880
I0925 21:01:37.440295 13521 layer_factory.hpp:77] Creating layer fc7
I0925 21:01:37.440315 13521 net.cpp:91] Creating Layer fc7
I0925 21:01:37.440326 13521 net.cpp:425] fc7 <- fc6
I0925 21:01:37.440349 13521 net.cpp:399] fc7 -> fc7
I0925 21:01:37.486999 13511 net.cpp:141] Setting up lstm2_transform_1
I0925 21:01:37.487066 13511 net.cpp:148] Top shape: 1 1 4000 (4000)
I0925 21:01:37.487077 13511 net.cpp:156] Memory required for data: 66020
I0925 21:01:37.487105 13511 layer_factory.hpp:77] Creating layer lstm2_gate_input_1
I0925 21:01:37.487140 13511 net.cpp:91] Creating Layer lstm2_gate_input_1
I0925 21:01:37.487155 13511 net.cpp:425] lstm2_gate_input_1 <- W_hc_h_0
I0925 21:01:37.487169 13511 net.cpp:425] lstm2_gate_input_1 <- W_xc_x_1
I0925 21:01:37.487185 13511 net.cpp:399] lstm2_gate_input_1 -> gate_input_1
I0925 21:01:37.487188 13515 net.cpp:141] Setting up lstm2_x_transform
I0925 21:01:37.487205 13515 net.cpp:148] Top shape: 1 1 4000 (4000)
I0925 21:01:37.487213 13515 net.cpp:156] Memory required for data: 30020
I0925 21:01:37.487234 13515 layer_factory.hpp:77] Creating layer lstm2_W_xc_x_slice
I0925 21:01:37.487252 13515 net.cpp:91] Creating Layer lstm2_W_xc_x_slice
I0925 21:01:37.487252 13511 net.cpp:141] Setting up lstm2_gate_input_1
I0925 21:01:37.487274 13515 net.cpp:425] lstm2_W_xc_x_slice <- W_xc_x
I0925 21:01:37.487282 13511 net.cpp:148] Top shape: 1 1 4000 (4000)
I0925 21:01:37.487290 13511 net.cpp:156] Memory required for data: 82020
I0925 21:01:37.487289 13515 net.cpp:399] lstm2_W_xc_x_slice -> W_xc_x_1
I0925 21:01:37.487306 13511 layer_factory.hpp:77] Creating layer lstm2_unit_1
I0925 21:01:37.487323 13511 net.cpp:91] Creating Layer lstm2_unit_1
I0925 21:01:37.487332 13511 net.cpp:425] lstm2_unit_1 <- c_0
I0925 21:01:37.487344 13511 net.cpp:425] lstm2_unit_1 <- gate_input_1
I0925 21:01:37.487354 13511 net.cpp:425] lstm2_unit_1 <- cont_1_lstm2_cont_slice_0_split_1
I0925 21:01:37.487373 13511 net.cpp:399] lstm2_unit_1 -> c_1
I0925 21:01:37.487373 13515 net.cpp:141] Setting up lstm2_W_xc_x_slice
I0925 21:01:37.487398 13511 net.cpp:399] lstm2_unit_1 -> h_1
I0925 21:01:37.487401 13515 net.cpp:148] Top shape: 1 1 4000 (4000)
I0925 21:01:37.487416 13515 net.cpp:156] Memory required for data: 46020
I0925 21:01:37.487426 13515 layer_factory.hpp:77] Creating layer lstm2_h_conted_0
I0925 21:01:37.487443 13515 net.cpp:91] Creating Layer lstm2_h_conted_0
I0925 21:01:37.487454 13515 net.cpp:425] lstm2_h_conted_0 <- h_0
I0925 21:01:37.487467 13515 net.cpp:425] lstm2_h_conted_0 <- cont_1_lstm2_cont_slice_0_split_0
I0925 21:01:37.487481 13515 net.cpp:399] lstm2_h_conted_0 -> h_conted_0
I0925 21:01:37.487527 13511 net.cpp:141] Setting up lstm2_unit_1
I0925 21:01:37.487547 13511 net.cpp:148] Top shape: 1 1 1000 (1000)
I0925 21:01:37.487560 13511 net.cpp:148] Top shape: 1 1 1000 (1000)
I0925 21:01:37.487570 13511 net.cpp:156] Memory required for data: 90020
I0925 21:01:37.487578 13511 layer_factory.hpp:77] Creating layer lstm2_
I0925 21:01:37.487598 13511 net.cpp:91] Creating Layer lstm2_
I0925 21:01:37.487609 13511 net.cpp:425] lstm2_ <- c_1
I0925 21:01:37.487623 13511 net.cpp:399] lstm2_ -> c_T
I0925 21:01:37.487680 13515 net.cpp:141] Setting up lstm2_h_conted_0
I0925 21:01:37.487699 13515 net.cpp:148] Top shape: 1 1 1000 (1000)
I0925 21:01:37.487709 13515 net.cpp:156] Memory required for data: 50020
I0925 21:01:37.487709 13511 net.cpp:141] Setting up lstm2_
I0925 21:01:37.487717 13515 layer_factory.hpp:77] Creating layer lstm2_transform_1
I0925 21:01:37.487723 13511 net.cpp:148] Top shape: 1 1 1000 (1000)
I0925 21:01:37.487731 13511 net.cpp:156] Memory required for data: 94020
I0925 21:01:37.487738 13515 net.cpp:91] Creating Layer lstm2_transform_1
I0925 21:01:37.487740 13511 layer_factory.hpp:77] Creating layer lstm2_h_concat
I0925 21:01:37.487754 13515 net.cpp:425] lstm2_transform_1 <- h_conted_0
I0925 21:01:37.487767 13511 net.cpp:91] Creating Layer lstm2_h_concat
I0925 21:01:37.487776 13515 net.cpp:399] lstm2_transform_1 -> W_hc_h_0
I0925 21:01:37.487778 13511 net.cpp:425] lstm2_h_concat <- h_1
I0925 21:01:37.487795 13511 net.cpp:399] lstm2_h_concat -> h
I0925 21:01:37.487884 13511 net.cpp:141] Setting up lstm2_h_concat
I0925 21:01:37.487900 13511 net.cpp:148] Top shape: 1 1 1000 (1000)
I0925 21:01:37.487908 13511 net.cpp:156] Memory required for data: 98020
I0925 21:01:37.487917 13511 layer_factory.hpp:77] Creating layer h_pseudoloss
I0925 21:01:37.487932 13511 net.cpp:91] Creating Layer h_pseudoloss
I0925 21:01:37.487941 13511 net.cpp:425] h_pseudoloss <- h
I0925 21:01:37.487953 13511 net.cpp:399] h_pseudoloss -> h_pseudoloss
I0925 21:01:37.499671 13511 net.cpp:141] Setting up h_pseudoloss
I0925 21:01:37.499733 13511 net.cpp:148] Top shape: (1)
I0925 21:01:37.499744 13511 net.cpp:151]     with loss weight 1
I0925 21:01:37.499770 13511 net.cpp:156] Memory required for data: 98024
I0925 21:01:37.499786 13511 net.cpp:217] h_pseudoloss needs backward computation.
I0925 21:01:37.499797 13511 net.cpp:217] lstm2_h_concat needs backward computation.
I0925 21:01:37.499809 13511 net.cpp:219] lstm2_ does not need backward computation.
I0925 21:01:37.499819 13511 net.cpp:217] lstm2_unit_1 needs backward computation.
I0925 21:01:37.499831 13511 net.cpp:217] lstm2_gate_input_1 needs backward computation.
I0925 21:01:37.499841 13511 net.cpp:217] lstm2_transform_1 needs backward computation.
I0925 21:01:37.499850 13511 net.cpp:219] lstm2_h_conted_0 does not need backward computation.
I0925 21:01:37.499861 13511 net.cpp:217] lstm2_W_xc_x_slice needs backward computation.
I0925 21:01:37.499871 13511 net.cpp:217] lstm2_x_transform needs backward computation.
I0925 21:01:37.499881 13511 net.cpp:219] cont_1_lstm2_cont_slice_0_split does not need backward computation.
I0925 21:01:37.499891 13511 net.cpp:219] lstm2_cont_slice does not need backward computation.
I0925 21:01:37.499900 13511 net.cpp:219] lstm2_ does not need backward computation.
I0925 21:01:37.499913 13511 net.cpp:219] lstm2_ does not need backward computation.
I0925 21:01:37.499920 13511 net.cpp:261] This network produces output c_T
I0925 21:01:37.499933 13511 net.cpp:261] This network produces output h_pseudoloss
I0925 21:01:37.499961 13511 net.cpp:274] Network initialization done.
I0925 21:01:37.500051 13511 recurrent_layer.cpp:150] Adding parameter 0: W_xc
I0925 21:01:37.500061 13511 recurrent_layer.cpp:150] Adding parameter 1: b_c
I0925 21:01:37.500071 13511 recurrent_layer.cpp:150] Adding parameter 2: W_hc
I0925 21:01:37.500252 13511 net.cpp:141] Setting up lstm2
I0925 21:01:37.500270 13511 net.cpp:148] Top shape: 1 1 1000 (1000)
I0925 21:01:37.500278 13511 net.cpp:156] Memory required for data: 36412
I0925 21:01:37.500308 13511 layer_factory.hpp:77] Creating layer predict
I0925 21:01:37.500335 13511 net.cpp:91] Creating Layer predict
I0925 21:01:37.500346 13511 net.cpp:425] predict <- lstm2
I0925 21:01:37.500362 13511 net.cpp:399] predict -> predict
I0925 21:01:37.620326 13515 net.cpp:141] Setting up lstm2_transform_1
I0925 21:01:37.620389 13515 net.cpp:148] Top shape: 1 1 4000 (4000)
I0925 21:01:37.620396 13515 net.cpp:156] Memory required for data: 66020
I0925 21:01:37.620417 13515 layer_factory.hpp:77] Creating layer lstm2_gate_input_1
I0925 21:01:37.620440 13521 net.cpp:141] Setting up fc7
I0925 21:01:37.620440 13515 net.cpp:91] Creating Layer lstm2_gate_input_1
I0925 21:01:37.620473 13521 net.cpp:148] Top shape: 10 4096 (40960)
I0925 21:01:37.620474 13515 net.cpp:425] lstm2_gate_input_1 <- W_hc_h_0
I0925 21:01:37.620481 13521 net.cpp:156] Memory required for data: 68273720
I0925 21:01:37.620484 13515 net.cpp:425] lstm2_gate_input_1 <- W_xc_x_1
I0925 21:01:37.620493 13521 layer_factory.hpp:77] Creating layer relu7
I0925 21:01:37.620498 13515 net.cpp:399] lstm2_gate_input_1 -> gate_input_1
I0925 21:01:37.620507 13521 net.cpp:91] Creating Layer relu7
I0925 21:01:37.620512 13521 net.cpp:425] relu7 <- fc7
I0925 21:01:37.620522 13521 net.cpp:386] relu7 -> fc7 (in-place)
I0925 21:01:37.620560 13515 net.cpp:141] Setting up lstm2_gate_input_1
I0925 21:01:37.620574 13515 net.cpp:148] Top shape: 1 1 4000 (4000)
I0925 21:01:37.620579 13515 net.cpp:156] Memory required for data: 82020
I0925 21:01:37.620585 13515 layer_factory.hpp:77] Creating layer lstm2_unit_1
I0925 21:01:37.620595 13515 net.cpp:91] Creating Layer lstm2_unit_1
I0925 21:01:37.620601 13515 net.cpp:425] lstm2_unit_1 <- c_0
I0925 21:01:37.620609 13515 net.cpp:425] lstm2_unit_1 <- gate_input_1
I0925 21:01:37.620615 13515 net.cpp:425] lstm2_unit_1 <- cont_1_lstm2_cont_slice_0_split_1
I0925 21:01:37.620621 13515 net.cpp:399] lstm2_unit_1 -> c_1
I0925 21:01:37.620631 13515 net.cpp:399] lstm2_unit_1 -> h_1
I0925 21:01:37.621183 13515 net.cpp:141] Setting up lstm2_unit_1
I0925 21:01:37.621203 13515 net.cpp:148] Top shape: 1 1 1000 (1000)
I0925 21:01:37.621211 13515 net.cpp:148] Top shape: 1 1 1000 (1000)
I0925 21:01:37.621215 13515 net.cpp:156] Memory required for data: 90020
I0925 21:01:37.621222 13515 layer_factory.hpp:77] Creating layer lstm2_
I0925 21:01:37.621232 13515 net.cpp:91] Creating Layer lstm2_
I0925 21:01:37.621238 13515 net.cpp:425] lstm2_ <- c_1
I0925 21:01:37.621248 13515 net.cpp:399] lstm2_ -> c_T
I0925 21:01:37.621292 13515 net.cpp:141] Setting up lstm2_
I0925 21:01:37.621304 13515 net.cpp:148] Top shape: 1 1 1000 (1000)
I0925 21:01:37.621309 13515 net.cpp:156] Memory required for data: 94020
I0925 21:01:37.621314 13515 layer_factory.hpp:77] Creating layer lstm2_h_concat
I0925 21:01:37.621330 13515 net.cpp:91] Creating Layer lstm2_h_concat
I0925 21:01:37.621335 13515 net.cpp:425] lstm2_h_concat <- h_1
I0925 21:01:37.621343 13515 net.cpp:399] lstm2_h_concat -> h
I0925 21:01:37.621364 13521 net.cpp:141] Setting up relu7
I0925 21:01:37.621382 13521 net.cpp:148] Top shape: 10 4096 (40960)
I0925 21:01:37.621387 13515 net.cpp:141] Setting up lstm2_h_concat
I0925 21:01:37.621388 13521 net.cpp:156] Memory required for data: 68437560
I0925 21:01:37.621402 13515 net.cpp:148] Top shape: 1 1 1000 (1000)
I0925 21:01:37.621407 13521 layer_factory.hpp:77] Creating layer drop7
I0925 21:01:37.621407 13515 net.cpp:156] Memory required for data: 98020
I0925 21:01:37.621423 13515 layer_factory.hpp:77] Creating layer h_pseudoloss
I0925 21:01:37.621428 13521 net.cpp:91] Creating Layer drop7
I0925 21:01:37.621433 13515 net.cpp:91] Creating Layer h_pseudoloss
I0925 21:01:37.621435 13521 net.cpp:425] drop7 <- fc7
I0925 21:01:37.621439 13515 net.cpp:425] h_pseudoloss <- h
I0925 21:01:37.621443 13521 net.cpp:386] drop7 -> fc7 (in-place)
I0925 21:01:37.621450 13515 net.cpp:399] h_pseudoloss -> h_pseudoloss
I0925 21:01:37.621500 13521 net.cpp:141] Setting up drop7
I0925 21:01:37.621510 13521 net.cpp:148] Top shape: 10 4096 (40960)
I0925 21:01:37.621516 13521 net.cpp:156] Memory required for data: 68601400
I0925 21:01:37.621521 13521 layer_factory.hpp:77] Creating layer fc8
I0925 21:01:37.621533 13521 net.cpp:91] Creating Layer fc8
I0925 21:01:37.621541 13521 net.cpp:425] fc8 <- fc7
I0925 21:01:37.621549 13521 net.cpp:399] fc8 -> fc8
I0925 21:01:37.621587 13515 net.cpp:141] Setting up h_pseudoloss
I0925 21:01:37.621599 13515 net.cpp:148] Top shape: (1)
I0925 21:01:37.621604 13515 net.cpp:151]     with loss weight 1
I0925 21:01:37.621630 13515 net.cpp:156] Memory required for data: 98024
I0925 21:01:37.621636 13515 net.cpp:217] h_pseudoloss needs backward computation.
I0925 21:01:37.621641 13515 net.cpp:217] lstm2_h_concat needs backward computation.
I0925 21:01:37.621647 13515 net.cpp:219] lstm2_ does not need backward computation.
I0925 21:01:37.621652 13515 net.cpp:217] lstm2_unit_1 needs backward computation.
I0925 21:01:37.621659 13515 net.cpp:217] lstm2_gate_input_1 needs backward computation.
I0925 21:01:37.621665 13515 net.cpp:217] lstm2_transform_1 needs backward computation.
I0925 21:01:37.621671 13515 net.cpp:219] lstm2_h_conted_0 does not need backward computation.
I0925 21:01:37.621677 13515 net.cpp:217] lstm2_W_xc_x_slice needs backward computation.
I0925 21:01:37.621683 13515 net.cpp:217] lstm2_x_transform needs backward computation.
I0925 21:01:37.621690 13515 net.cpp:219] cont_1_lstm2_cont_slice_0_split does not need backward computation.
I0925 21:01:37.621697 13515 net.cpp:219] lstm2_cont_slice does not need backward computation.
I0925 21:01:37.621703 13515 net.cpp:219] lstm2_ does not need backward computation.
I0925 21:01:37.621708 13515 net.cpp:219] lstm2_ does not need backward computation.
I0925 21:01:37.621712 13515 net.cpp:261] This network produces output c_T
I0925 21:01:37.621718 13515 net.cpp:261] This network produces output h_pseudoloss
I0925 21:01:37.621739 13515 net.cpp:274] Network initialization done.
I0925 21:01:37.621791 13515 recurrent_layer.cpp:150] Adding parameter 0: W_xc
I0925 21:01:37.621798 13515 recurrent_layer.cpp:150] Adding parameter 1: b_c
I0925 21:01:37.621803 13515 recurrent_layer.cpp:150] Adding parameter 2: W_hc
I0925 21:01:37.630385 13515 net.cpp:141] Setting up lstm2
I0925 21:01:37.630439 13515 net.cpp:148] Top shape: 1 1 1000 (1000)
I0925 21:01:37.630446 13515 net.cpp:156] Memory required for data: 36412
I0925 21:01:37.630468 13515 layer_factory.hpp:77] Creating layer predict
I0925 21:01:37.630491 13515 net.cpp:91] Creating Layer predict
I0925 21:01:37.630497 13515 net.cpp:425] predict <- lstm2
I0925 21:01:37.630507 13515 net.cpp:399] predict -> predict
I0925 21:01:37.720197 13521 net.cpp:141] Setting up fc8
I0925 21:01:37.720257 13521 net.cpp:148] Top shape: 10 1000 (10000)
I0925 21:01:37.720265 13521 net.cpp:156] Memory required for data: 68641400
I0925 21:01:37.720281 13521 layer_factory.hpp:77] Creating layer prob
I0925 21:01:37.720306 13521 net.cpp:91] Creating Layer prob
I0925 21:01:37.720315 13521 net.cpp:425] prob <- fc8
I0925 21:01:37.720325 13521 net.cpp:399] prob -> prob
I0925 21:01:37.720821 13521 net.cpp:141] Setting up prob
I0925 21:01:37.720839 13521 net.cpp:148] Top shape: 10 1000 (10000)
I0925 21:01:37.720844 13521 net.cpp:156] Memory required for data: 68681400
I0925 21:01:37.720850 13521 net.cpp:219] prob does not need backward computation.
I0925 21:01:37.720857 13521 net.cpp:219] fc8 does not need backward computation.
I0925 21:01:37.720862 13521 net.cpp:219] drop7 does not need backward computation.
I0925 21:01:37.720867 13521 net.cpp:219] relu7 does not need backward computation.
I0925 21:01:37.720873 13521 net.cpp:219] fc7 does not need backward computation.
I0925 21:01:37.720878 13521 net.cpp:219] drop6 does not need backward computation.
I0925 21:01:37.720883 13521 net.cpp:219] relu6 does not need backward computation.
I0925 21:01:37.720888 13521 net.cpp:219] fc6 does not need backward computation.
I0925 21:01:37.720895 13521 net.cpp:219] pool5 does not need backward computation.
I0925 21:01:37.720901 13521 net.cpp:219] relu5 does not need backward computation.
I0925 21:01:37.720906 13521 net.cpp:219] conv5 does not need backward computation.
I0925 21:01:37.720911 13521 net.cpp:219] relu4 does not need backward computation.
I0925 21:01:37.720916 13521 net.cpp:219] conv4 does not need backward computation.
I0925 21:01:37.720921 13521 net.cpp:219] relu3 does not need backward computation.
I0925 21:01:37.720927 13521 net.cpp:219] conv3 does not need backward computation.
I0925 21:01:37.720933 13521 net.cpp:219] norm2 does not need backward computation.
I0925 21:01:37.720938 13521 net.cpp:219] pool2 does not need backward computation.
I0925 21:01:37.720944 13521 net.cpp:219] relu2 does not need backward computation.
I0925 21:01:37.720948 13521 net.cpp:219] conv2 does not need backward computation.
I0925 21:01:37.720954 13521 net.cpp:219] norm1 does not need backward computation.
I0925 21:01:37.720959 13521 net.cpp:219] pool1 does not need backward computation.
I0925 21:01:37.720965 13521 net.cpp:219] relu1 does not need backward computation.
I0925 21:01:37.720969 13521 net.cpp:219] conv1 does not need backward computation.
I0925 21:01:37.720974 13521 net.cpp:219] data does not need backward computation.
I0925 21:01:37.720979 13521 net.cpp:261] This network produces output prob
I0925 21:01:37.721002 13521 net.cpp:274] Network initialization done.
I0925 21:01:37.976423 13521 upgrade_proto.cpp:43] Attempting to upgrade input file specified using deprecated transformation parameters: /home/peifeng/work/run/storm102/data/workers/58c81ed5-22b6-4967-809d-7abefc254483/tmp/cvld958820454495556962/bvlc_reference_caffenet.caffemodel
I0925 21:01:37.976471 13521 upgrade_proto.cpp:46] Successfully upgraded file specified using deprecated data transformation parameters.
W0925 21:01:37.976478 13521 upgrade_proto.cpp:48] Note that future Caffe releases will only support transform_param messages for transformation fields.
I0925 21:01:37.976485 13521 upgrade_proto.cpp:52] Attempting to upgrade input file specified using deprecated V1LayerParameter: /home/peifeng/work/run/storm102/data/workers/58c81ed5-22b6-4967-809d-7abefc254483/tmp/cvld958820454495556962/bvlc_reference_caffenet.caffemodel
I0925 21:01:38.025192 13511 net.cpp:141] Setting up predict
I0925 21:01:38.025244 13511 net.cpp:148] Top shape: 1 1 46168 (46168)
I0925 21:01:38.025252 13511 net.cpp:156] Memory required for data: 221084
I0925 21:01:38.025269 13511 layer_factory.hpp:77] Creating layer probs
I0925 21:01:38.025290 13511 net.cpp:91] Creating Layer probs
I0925 21:01:38.025300 13511 net.cpp:425] probs <- predict
I0925 21:01:38.025312 13511 net.cpp:399] probs -> probs
I0925 21:01:38.027179 13511 net.cpp:141] Setting up probs
I0925 21:01:38.027199 13511 net.cpp:148] Top shape: 1 1 46168 (46168)
I0925 21:01:38.027204 13511 net.cpp:156] Memory required for data: 405756
I0925 21:01:38.027211 13511 net.cpp:219] probs does not need backward computation.
I0925 21:01:38.027217 13511 net.cpp:219] predict does not need backward computation.
I0925 21:01:38.027223 13511 net.cpp:219] lstm2 does not need backward computation.
I0925 21:01:38.027230 13511 net.cpp:219] concat does not need backward computation.
I0925 21:01:38.027237 13511 net.cpp:219] lstm1 does not need backward computation.
I0925 21:01:38.027245 13511 net.cpp:219] embedding does not need backward computation.
I0925 21:01:38.027250 13511 net.cpp:219] reshape_stage_indicator does not need backward computation.
I0925 21:01:38.027256 13511 net.cpp:219] reshape_frames does not need backward computation.
I0925 21:01:38.027261 13511 net.cpp:219] embed_encoder does not need backward computation.
I0925 21:01:38.027266 13511 net.cpp:219] cont_sentence_input_1_split does not need backward computation.
I0925 21:01:38.027273 13511 net.cpp:219] input does not need backward computation.
I0925 21:01:38.027277 13511 net.cpp:261] This network produces output probs
I0925 21:01:38.027298 13511 net.cpp:274] Network initialization done.
I0925 21:01:38.124649 13515 net.cpp:141] Setting up predict
I0925 21:01:38.124704 13515 net.cpp:148] Top shape: 1 1 46168 (46168)
I0925 21:01:38.124712 13515 net.cpp:156] Memory required for data: 221084
I0925 21:01:38.124727 13515 layer_factory.hpp:77] Creating layer probs
I0925 21:01:38.124747 13515 net.cpp:91] Creating Layer probs
I0925 21:01:38.124755 13515 net.cpp:425] probs <- predict
I0925 21:01:38.124765 13515 net.cpp:399] probs -> probs
I0925 21:01:38.125320 13515 net.cpp:141] Setting up probs
I0925 21:01:38.125334 13515 net.cpp:148] Top shape: 1 1 46168 (46168)
I0925 21:01:38.125340 13515 net.cpp:156] Memory required for data: 405756
I0925 21:01:38.125346 13515 net.cpp:219] probs does not need backward computation.
I0925 21:01:38.125352 13515 net.cpp:219] predict does not need backward computation.
I0925 21:01:38.125358 13515 net.cpp:219] lstm2 does not need backward computation.
I0925 21:01:38.125365 13515 net.cpp:219] concat does not need backward computation.
I0925 21:01:38.125372 13515 net.cpp:219] lstm1 does not need backward computation.
I0925 21:01:38.125378 13515 net.cpp:219] embedding does not need backward computation.
I0925 21:01:38.125385 13515 net.cpp:219] reshape_stage_indicator does not need backward computation.
I0925 21:01:38.125391 13515 net.cpp:219] reshape_frames does not need backward computation.
I0925 21:01:38.125396 13515 net.cpp:219] embed_encoder does not need backward computation.
I0925 21:01:38.125402 13515 net.cpp:219] cont_sentence_input_1_split does not need backward computation.
I0925 21:01:38.125408 13515 net.cpp:219] input does not need backward computation.
I0925 21:01:38.125413 13515 net.cpp:261] This network produces output probs
I0925 21:01:38.125433 13515 net.cpp:274] Network initialization done.
I0925 21:01:38.377003 13511 net.cpp:752] Ignoring source layer data
I0925 21:01:38.377048 13511 net.cpp:752] Ignoring source layer cont_sentence_data_0_split
I0925 21:01:38.377055 13511 net.cpp:752] Ignoring source layer reshape_stg_indicator
I0925 21:01:38.381206 13521 upgrade_proto.cpp:60] Successfully upgraded file specified using deprecated V1LayerParameter
I0925 21:01:38.436817 13521 net.cpp:752] Ignoring source layer loss
Loading the model + trained: 12663.6ms
Using cv::Size and some other stuff: 0.276ms
I0925 21:01:38.454289 13511 net.cpp:752] Ignoring source layer cross_entropy_loss
I0925 21:01:38.491664 13515 net.cpp:752] Ignoring source layer data
I0925 21:01:38.491705 13515 net.cpp:752] Ignoring source layer cont_sentence_data_0_split
I0925 21:01:38.491714 13515 net.cpp:752] Ignoring source layer reshape_stg_indicator
I0925 21:01:38.571020 13515 net.cpp:752] Ignoring source layer cross_entropy_loss
Loading the mean file: 119631ms
TIMERTIMER 297835185
TIMERTIMER 252122049
TIMERTIMER 261631227
TIMERTIMER 236317270
TIMERTIMER 235233282
TIMERTIMER 242817065
TIMERTIMER 236624719
TIMERTIMER 238167054
TIMERTIMER 233288148
TIMERTIMER 235323475
TIMERTIMER 242898870
TIMERTIMER 240583213
TIMERTIMER 228760674
TIMERTIMER 229710094
TIMERTIMER 231265326
TIMERTIMER 235158446
TIMERTIMER 241355731
TIMERTIMER 236642828
TIMERTIMER 237107670
TIMERTIMER 221510173
TIMERTIMER 226860697
TIMERTIMER 231692060
TIMERTIMER 233114692
TIMERTIMER 221603534
TIMERTIMER 234385491
TIMERTIMER 226063560
TIMERTIMER 216228486
TIMERTIMER 216667995
TIMERTIMER 229020629
TIMERTIMER 231186074
TIMERTIMER 225374600
TIMERTIMER 238357140
TIMERTIMER 224267537
TIMERTIMER 236789189
TIMERTIMER 217242612
TIMERTIMER 241125684
TIMERTIMER 229301793
TIMERTIMER 224810501
TIMERTIMER 241844732
TIMERTIMER 240742079
TIMERTIMER 242089402
TIMERTIMER 236482007
TIMERTIMER 224856956
TIMERTIMER 221523961
TIMERTIMER 240317480
TIMERTIMER 232654574
TIMERTIMER 236424847
TIMERTIMER 235280303
TIMERTIMER 260019467
TIMERTIMER 248648739
TIMERTIMER 243228330
TIMERTIMER 236452017
TIMERTIMER 222422920
TIMERTIMER 238107446
TIMERTIMER 241499461
TIMERTIMER 236696748
TIMERTIMER 251097257
TIMERTIMER 213860026
TIMERTIMER 244696463
TIMERTIMER 222120752
TIMERTIMER 235053576
TIMERTIMER 244043176
