SLF4J: Class path contains multiple SLF4J bindings.
SLF4J: Found binding in [jar:file:/home/peifeng/tools/storm102/lib/log4j-slf4j-impl-2.1.jar!/org/slf4j/impl/StaticLoggerBinder.class]
SLF4J: Found binding in [jar:file:/home/peifeng/work/run/storm102/data/supervisor/stormdist/captioning-1-1474694284/stormjar.jar!/org/slf4j/impl/StaticLoggerBinder.class]
SLF4J: See http://www.slf4j.org/codes.html#multiple_bindings for an explanation.
SLF4J: Actual binding is of type [org.apache.logging.slf4j.Log4jLoggerFactory]
Java HotSpot(TM) 64-Bit Server VM warning: You have loaded library /home/peifeng/work/run/storm102/data/workers/39c1f664-9df6-433a-b365-321874c185a6/tmp/cvld1642261132602082078/libopencv_java310.xine1.so which might have disabled stack guard. The VM will try to fix the stack guard now.
It's highly recommended that you fix the library with 'execstack -c <libfile>', or link it with '-z noexecstack'.
WARNING: Logging before InitGoogleLogging() is written to STDERR
I0924 01:18:47.586263  3505 upgrade_proto.cpp:66] Attempting to upgrade input file specified using deprecated input fields: /home/peifeng/work/run/storm102/data/workers/39c1f664-9df6-433a-b365-321874c185a6/tmp/cvld1642261132602082078/s2vt.words_to_preds.prototxt
I0924 01:18:47.586262  3501 upgrade_proto.cpp:66] Attempting to upgrade input file specified using deprecated input fields: /home/peifeng/work/run/storm102/data/workers/39c1f664-9df6-433a-b365-321874c185a6/tmp/cvld1642261132602082078/s2vt.words_to_preds.prototxt
I0924 01:18:47.586391  3501 upgrade_proto.cpp:69] Successfully upgraded file specified using deprecated input fields.
I0924 01:18:47.586392  3505 upgrade_proto.cpp:69] Successfully upgraded file specified using deprecated input fields.
W0924 01:18:47.586402  3501 upgrade_proto.cpp:71] Note that future Caffe releases will only support input layers and not input fields.
W0924 01:18:47.586403  3505 upgrade_proto.cpp:71] Note that future Caffe releases will only support input layers and not input fields.
I0924 01:18:47.586567  3511 net.cpp:49] Initializing net from parameters: 
name: "CaffeNet"
state {
  phase: TEST
}
layer {
  name: "data"
  type: "Input"
  top: "data"
  input_param {
    shape {
      dim: 10
      dim: 3
      dim: 227
      dim: 227
    }
  }
}
layer {
  name: "conv1"
  type: "Convolution"
  bottom: "data"
  top: "conv1"
  convolution_param {
    num_output: 96
    kernel_size: 11
    stride: 4
  }
}
layer {
  name: "relu1"
  type: "ReLU"
  bottom: "conv1"
  top: "conv1"
}
layer {
  name: "pool1"
  type: "Pooling"
  bottom: "conv1"
  top: "pool1"
  pooling_param {
    pool: MAX
    kernel_size: 3
    stride: 2
  }
}
layer {
  name: "norm1"
  type: "LRN"
  bottom: "pool1"
  top: "norm1"
  lrn_param {
    local_size: 5
    alpha: 0.0001
    beta: 0.75
  }
}
layer {
  name: "conv2"
  type: "Convolution"
  bottom: "norm1"
  top: "conv2"
  convolution_param {
    num_output: 256
    pad: 2
    kernel_size: 5
    group: 2
  }
}
layer {
  name: "relu2"
  type: "ReLU"
  bottom: "conv2"
  top: "conv2"
}
layer {
  name: "pool2"
  type: "Pooling"
  bottom: "conv2"
  top: "pool2"
  pooling_param {
    pool: MAX
    kernel_size: 3
    stride: 2
  }
}
layer {
  name: "norm2"
  type: "LRN"
  bottom: "pool2"
  top: "norm2"
  lrn_param {
    local_size: 5
    alpha: 0.0001
    beta: 0.75
  }
}
layer {
  name: "conv3"
  type: "Convolution"
  bottom: "norm2"
  top: "conv3"
  convolution_param {
    num_output: 384
    pad: 1
    kernel_size: 3
  }
}
layer {
  name: "relu3"
  type: "ReLU"
  bottom: "conv3"
  top: "conv3"
}
layer {
  name: "conv4"
  type: "Convolution"
  bottom: "conv3"
  top: "conv4"
  convolution_param {
    num_output: 384
    pad: 1
    kernel_size: 3
    group: 2
  }
}
layer {
  name: "relu4"
  type: "ReLU"
  bottom: "conv4"
  top: "conv4"
}
layer {
  name: "conv5"
  type: "Convolution"
  bottom: "conv4"
  top: "conv5"
  convolution_param {
    num_output: 256
    pad: 1
    kernel_size: 3
    group: 2
  }
}
layer {
  name: "relu5"
  type: "ReLU"
  bottom: "conv5"
  top: "conv5"
}
layer {
  name: "pool5"
  type: "Pooling"
  bottom: "conv5"
  top: "pool5"
  pooling_param {
    pool: MAX
    kernel_size: 3
    stride: 2
  }
}
layer {
  name: "fc6"
  type: "InnerProduct"
  bottom: "pool5"
  top: "fc6"
  inner_product_param {
    num_output: 4096
  }
}
layer {
  name: "relu6"
  type: "ReLU"
  bottom: "fc6"
  top: "fc6"
}
layer {
  name: "drop6"
  type: "Dropout"
  bottom: "fc6"
  top: "fc6"
  dropout_param {
    dropout_ratio: 0.5
  }
}
layer {
  name: "fc7"
  type: "InnerProduct"
  bottom: "fc6"
  top: "fc7"
  inner_product_param {
    num_output: 4096
  }
}
layer {
  name: "relu7"
  type: "ReLU"
  bottom: "fc7"
  top: "fc7"
}
layer {
  name: "drop7"
  type: "Dropout"
  bottom: "fc7"
  top: "fc7"
  dropout_param {
    dropout_ratio: 0.5
  }
}
layer {
  name: "fc8"
  type: "InnerProduct"
  bottom: "fc7"
  top: "fc8"
  inner_product_param {
    num_output: 1000
  }
}
layer {
  name: "prob"
  type: "Softmax"
  bottom: "fc8"
  top: "prob"
}
I0924 01:18:47.586676  3501 net.cpp:49] Initializing net from parameters: 
name: "s2vt:features_to_lstm"
state {
  phase: TEST
}
layer {
  name: "input"
  type: "Input"
  top: "frames_fc7"
  top: "cont_sentence"
  top: "input_sentence"
  top: "stage_indicator"
  input_param {
    shape {
      dim: 1
      dim: 4096
    }
    shape {
      dim: 1
      dim: 1
    }
    shape {
      dim: 1
      dim: 1
    }
    shape {
      dim: 1
      dim: 1
    }
  }
}
layer {
  name: "embed_encoder"
  type: "InnerProduct"
  bottom: "frames_fc7"
  top: "embedded_in_frames"
  param {
    lr_mult: 1
    decay_mult: 1
  }
  param {
    lr_mult: 2
    decay_mult: 0
  }
  inner_product_param {
    num_output: 500
    weight_filler {
      type: "xavier"
    }
    bias_filler {
      type: "constant"
      value: 0.2
    }
  }
}
layer {
  name: "reshape_frames"
  type: "Reshape"
  bottom: "embedded_in_frames"
  top: "embedded_input_frames"
  reshape_param {
    shape {
      dim: 1
      dim: 1
      dim: 500
    }
  }
}
layer {
  name: "reshape_stage_indicator"
  type: "Reshape"
  bottom: "stage_indicator"
  top: "reshaped_stage_indicator"
  reshape_param {
    shape {
      dim: 1
      dim: 1
      dim: 1
    }
  }
}
layer {
  name: "embedding"
  type: "Embed"
  bottom: "input_sentence"
  top: "embedded_input_sentence"
  param {
    lr_mult: 1
  }
  embed_param {
    num_output: 500
    input_dim: 46168
    bias_term: false
    weight_filler {
      type: "uniform"
      min: -0.08
      max: 0.08
    }
  }
}
layer {
  name: "lstm1"
  type: "LSTM"
  bottom: "embedded_input_frames"
  bottom: "cont_sentence"
  top: "lstm1"
  recurrent_param {
    num_output: 1000
    weight_filler {
      type: "uniform"
      min: -0.08
      max: 0.08
    }
    bias_filler {
      type: "constant"
      value: 0
    }
  }
}
layer {
  name: "concat"
  type: "Concat"
  bottom: "lstm1"
  bottom: "embedded_input_sentence"
  bottom: "reshaped_stage_indicator"
  top: "lstm1_video_sequence"
  concat_param {
    concat_dim: 2
  }
}
layer {
  name: "lstm2"
  type: "LSTM"
  bottom: "lstm1_video_sequence"
  bottom: "cont_sentence"
  top: "lstm2"
  recurrent_param {
    num_output: 1000
    weight_filler {
      type: "uniform"
      min: -0.08
      max: 0.08
    }
    bias_filler {
      type: "constant"
      value: 0
    }
  }
}
layer {
  name: "predict"
  type: "InnerProduct"
  bottom: "lstm2"
  top: "predict"
  param {
    lr_mult: 1
    decay_mult: 1
  }
  param {
    lr_mult: 2
    decay_mult: 0
  }
  inner_product_param {
    num_output: 46168
    weight_filler {
      type: "uniform"
      min: -0.08
      max: 0.08
    }
    bias_filler {
      type: "constant"
      value: 0
    }
    axis: 2
  }
}
layer {
  name: "probs"
  type: "Softmax"
  bottom: "predict"
  top: "probs"
  softmax_param {
    axis: 2
  }
}
I0924 01:18:47.586683  3505 net.cpp:49] Initializing net from parameters: 
name: "s2vt:features_to_lstm"
state {
  phase: TEST
}
layer {
  name: "input"
  type: "Input"
  top: "frames_fc7"
  top: "cont_sentence"
  top: "input_sentence"
  top: "stage_indicator"
  input_param {
    shape {
      dim: 1
      dim: 4096
    }
    shape {
      dim: 1
      dim: 1
    }
    shape {
      dim: 1
      dim: 1
    }
    shape {
      dim: 1
      dim: 1
    }
  }
}
layer {
  name: "embed_encoder"
  type: "InnerProduct"
  bottom: "frames_fc7"
  top: "embedded_in_frames"
  param {
    lr_mult: 1
    decay_mult: 1
  }
  param {
    lr_mult: 2
    decay_mult: 0
  }
  inner_product_param {
    num_output: 500
    weight_filler {
      type: "xavier"
    }
    bias_filler {
      type: "constant"
      value: 0.2
    }
  }
}
layer {
  name: "reshape_frames"
  type: "Reshape"
  bottom: "embedded_in_frames"
  top: "embedded_input_frames"
  reshape_param {
    shape {
      dim: 1
      dim: 1
      dim: 500
    }
  }
}
layer {
  name: "reshape_stage_indicator"
  type: "Reshape"
  bottom: "stage_indicator"
  top: "reshaped_stage_indicator"
  reshape_param {
    shape {
      dim: 1
      dim: 1
      dim: 1
    }
  }
}
layer {
  name: "embedding"
  type: "Embed"
  bottom: "input_sentence"
  top: "embedded_input_sentence"
  param {
    lr_mult: 1
  }
  embed_param {
    num_output: 500
    input_dim: 46168
    bias_term: false
    weight_filler {
      type: "uniform"
      min: -0.08
      max: 0.08
    }
  }
}
layer {
  name: "lstm1"
  type: "LSTM"
  bottom: "embedded_input_frames"
  bottom: "cont_sentence"
  top: "lstm1"
  recurrent_param {
    num_output: 1000
    weight_filler {
      type: "uniform"
      min: -0.08
      max: 0.08
    }
    bias_filler {
      type: "constant"
      value: 0
    }
  }
}
layer {
  name: "concat"
  type: "Concat"
  bottom: "lstm1"
  bottom: "embedded_input_sentence"
  bottom: "reshaped_stage_indicator"
  top: "lstm1_video_sequence"
  concat_param {
    concat_dim: 2
  }
}
layer {
  name: "lstm2"
  type: "LSTM"
  bottom: "lstm1_video_sequence"
  bottom: "cont_sentence"
  top: "lstm2"
  recurrent_param {
    num_output: 1000
    weight_filler {
      type: "uniform"
      min: -0.08
      max: 0.08
    }
    bias_filler {
      type: "constant"
      value: 0
    }
  }
}
layer {
  name: "predict"
  type: "InnerProduct"
  bottom: "lstm2"
  top: "predict"
  param {
    lr_mult: 1
    decay_mult: 1
  }
  param {
    lr_mult: 2
    decay_mult: 0
  }
  inner_product_param {
    num_output: 46168
    weight_filler {
      type: "uniform"
      min: -0.08
      max: 0.08
    }
    bias_filler {
      type: "constant"
      value: 0
    }
    axis: 2
  }
}
layer {
  name: "probs"
  type: "Softmax"
  bottom: "predict"
  top: "probs"
  softmax_param {
    axis: 2
  }
}
I0924 01:18:47.586696  3511 layer_factory.hpp:77] Creating layer data
I0924 01:18:47.586724  3511 net.cpp:91] Creating Layer data
I0924 01:18:47.586735  3511 net.cpp:399] data -> data
I0924 01:18:47.586793  3501 layer_factory.hpp:77] Creating layer input
I0924 01:18:47.586797  3505 layer_factory.hpp:77] Creating layer input
I0924 01:18:47.586807  3501 net.cpp:91] Creating Layer input
I0924 01:18:47.586814  3505 net.cpp:91] Creating Layer input
I0924 01:18:47.586817  3501 net.cpp:399] input -> frames_fc7
I0924 01:18:47.586822  3505 net.cpp:399] input -> frames_fc7
I0924 01:18:47.586830  3501 net.cpp:399] input -> cont_sentence
I0924 01:18:47.586840  3505 net.cpp:399] input -> cont_sentence
I0924 01:18:47.586844  3501 net.cpp:399] input -> input_sentence
I0924 01:18:47.586851  3505 net.cpp:399] input -> input_sentence
I0924 01:18:47.586855  3501 net.cpp:399] input -> stage_indicator
I0924 01:18:47.586860  3505 net.cpp:399] input -> stage_indicator
I0924 01:18:48.132140  3511 net.cpp:141] Setting up data
I0924 01:18:48.132237  3511 net.cpp:148] Top shape: 10 3 227 227 (1545870)
I0924 01:18:48.132246  3511 net.cpp:156] Memory required for data: 6183480
I0924 01:18:48.132271  3511 layer_factory.hpp:77] Creating layer conv1
I0924 01:18:48.132305  3511 net.cpp:91] Creating Layer conv1
I0924 01:18:48.132315  3511 net.cpp:425] conv1 <- data
I0924 01:18:48.132308  3501 net.cpp:141] Setting up input
I0924 01:18:48.132330  3511 net.cpp:399] conv1 -> conv1
I0924 01:18:48.132336  3501 net.cpp:148] Top shape: 1 4096 (4096)
I0924 01:18:48.132344  3501 net.cpp:148] Top shape: 1 1 (1)
I0924 01:18:48.132349  3501 net.cpp:148] Top shape: 1 1 (1)
I0924 01:18:48.132354  3501 net.cpp:148] Top shape: 1 1 (1)
I0924 01:18:48.132359  3501 net.cpp:156] Memory required for data: 16396
I0924 01:18:48.132366  3501 layer_factory.hpp:77] Creating layer cont_sentence_input_1_split
I0924 01:18:48.132408  3501 net.cpp:91] Creating Layer cont_sentence_input_1_split
I0924 01:18:48.132393  3505 net.cpp:141] Setting up input
I0924 01:18:48.132427  3501 net.cpp:425] cont_sentence_input_1_split <- cont_sentence
I0924 01:18:48.132448  3505 net.cpp:148] Top shape: 1 4096 (4096)
I0924 01:18:48.132457  3505 net.cpp:148] Top shape: 1 1 (1)
I0924 01:18:48.132463  3505 net.cpp:148] Top shape: 1 1 (1)
I0924 01:18:48.132465  3501 net.cpp:399] cont_sentence_input_1_split -> cont_sentence_input_1_split_0
I0924 01:18:48.132469  3505 net.cpp:148] Top shape: 1 1 (1)
I0924 01:18:48.132474  3505 net.cpp:156] Memory required for data: 16396
I0924 01:18:48.132478  3501 net.cpp:399] cont_sentence_input_1_split -> cont_sentence_input_1_split_1
I0924 01:18:48.132484  3505 layer_factory.hpp:77] Creating layer cont_sentence_input_1_split
I0924 01:18:48.132503  3505 net.cpp:91] Creating Layer cont_sentence_input_1_split
I0924 01:18:48.132509  3505 net.cpp:425] cont_sentence_input_1_split <- cont_sentence
I0924 01:18:48.132519  3505 net.cpp:399] cont_sentence_input_1_split -> cont_sentence_input_1_split_0
I0924 01:18:48.132534  3505 net.cpp:399] cont_sentence_input_1_split -> cont_sentence_input_1_split_1
I0924 01:18:48.132537  3501 net.cpp:141] Setting up cont_sentence_input_1_split
I0924 01:18:48.132549  3501 net.cpp:148] Top shape: 1 1 (1)
I0924 01:18:48.132553  3501 net.cpp:148] Top shape: 1 1 (1)
I0924 01:18:48.132557  3501 net.cpp:156] Memory required for data: 16404
I0924 01:18:48.132563  3501 layer_factory.hpp:77] Creating layer embed_encoder
I0924 01:18:48.132586  3501 net.cpp:91] Creating Layer embed_encoder
I0924 01:18:48.132592  3501 net.cpp:425] embed_encoder <- frames_fc7
I0924 01:18:48.132602  3501 net.cpp:399] embed_encoder -> embedded_in_frames
I0924 01:18:48.132619  3505 net.cpp:141] Setting up cont_sentence_input_1_split
I0924 01:18:48.132632  3505 net.cpp:148] Top shape: 1 1 (1)
I0924 01:18:48.132637  3505 net.cpp:148] Top shape: 1 1 (1)
I0924 01:18:48.132642  3505 net.cpp:156] Memory required for data: 16404
I0924 01:18:48.132647  3505 layer_factory.hpp:77] Creating layer embed_encoder
I0924 01:18:48.132661  3505 net.cpp:91] Creating Layer embed_encoder
I0924 01:18:48.132668  3505 net.cpp:425] embed_encoder <- frames_fc7
I0924 01:18:48.132676  3505 net.cpp:399] embed_encoder -> embedded_in_frames
I0924 01:18:48.159531  3501 net.cpp:141] Setting up embed_encoder
I0924 01:18:48.159579  3501 net.cpp:148] Top shape: 1 500 (500)
I0924 01:18:48.159584  3501 net.cpp:156] Memory required for data: 18404
I0924 01:18:48.159612  3501 layer_factory.hpp:77] Creating layer reshape_frames
I0924 01:18:48.159643  3501 net.cpp:91] Creating Layer reshape_frames
I0924 01:18:48.159651  3501 net.cpp:425] reshape_frames <- embedded_in_frames
I0924 01:18:48.159663  3501 net.cpp:399] reshape_frames -> embedded_input_frames
I0924 01:18:48.159694  3505 net.cpp:141] Setting up embed_encoder
I0924 01:18:48.159731  3505 net.cpp:148] Top shape: 1 500 (500)
I0924 01:18:48.159737  3505 net.cpp:156] Memory required for data: 18404
I0924 01:18:48.159740  3501 net.cpp:141] Setting up reshape_frames
I0924 01:18:48.159751  3501 net.cpp:148] Top shape: 1 1 500 (500)
I0924 01:18:48.159756  3501 net.cpp:156] Memory required for data: 20404
I0924 01:18:48.159759  3505 layer_factory.hpp:77] Creating layer reshape_frames
I0924 01:18:48.159761  3501 layer_factory.hpp:77] Creating layer reshape_stage_indicator
I0924 01:18:48.159777  3505 net.cpp:91] Creating Layer reshape_frames
I0924 01:18:48.159785  3505 net.cpp:425] reshape_frames <- embedded_in_frames
I0924 01:18:48.159785  3501 net.cpp:91] Creating Layer reshape_stage_indicator
I0924 01:18:48.159795  3501 net.cpp:425] reshape_stage_indicator <- stage_indicator
I0924 01:18:48.159797  3505 net.cpp:399] reshape_frames -> embedded_input_frames
I0924 01:18:48.159803  3501 net.cpp:399] reshape_stage_indicator -> reshaped_stage_indicator
I0924 01:18:48.163470  3505 net.cpp:141] Setting up reshape_frames
I0924 01:18:48.163493  3505 net.cpp:148] Top shape: 1 1 500 (500)
I0924 01:18:48.163499  3505 net.cpp:156] Memory required for data: 20404
I0924 01:18:48.163504  3505 layer_factory.hpp:77] Creating layer reshape_stage_indicator
I0924 01:18:48.163517  3505 net.cpp:91] Creating Layer reshape_stage_indicator
I0924 01:18:48.163523  3505 net.cpp:425] reshape_stage_indicator <- stage_indicator
I0924 01:18:48.163532  3505 net.cpp:399] reshape_stage_indicator -> reshaped_stage_indicator
I0924 01:18:48.163543  3501 net.cpp:141] Setting up reshape_stage_indicator
I0924 01:18:48.163563  3501 net.cpp:148] Top shape: 1 1 1 (1)
I0924 01:18:48.163568  3501 net.cpp:156] Memory required for data: 20408
I0924 01:18:48.163589  3501 layer_factory.hpp:77] Creating layer embedding
I0924 01:18:48.163589  3505 net.cpp:141] Setting up reshape_stage_indicator
I0924 01:18:48.163600  3505 net.cpp:148] Top shape: 1 1 1 (1)
I0924 01:18:48.163604  3501 net.cpp:91] Creating Layer embedding
I0924 01:18:48.163616  3501 net.cpp:425] embedding <- input_sentence
I0924 01:18:48.163604  3505 net.cpp:156] Memory required for data: 20408
I0924 01:18:48.163633  3501 net.cpp:399] embedding -> embedded_input_sentence
I0924 01:18:48.163633  3505 layer_factory.hpp:77] Creating layer embedding
I0924 01:18:48.163655  3505 net.cpp:91] Creating Layer embedding
I0924 01:18:48.163661  3505 net.cpp:425] embedding <- input_sentence
I0924 01:18:48.163669  3505 net.cpp:399] embedding -> embedded_input_sentence
I0924 01:18:48.390045  3501 net.cpp:141] Setting up embedding
I0924 01:18:48.390092  3501 net.cpp:148] Top shape: 1 1 500 (500)
I0924 01:18:48.390099  3501 net.cpp:156] Memory required for data: 22408
I0924 01:18:48.390117  3501 layer_factory.hpp:77] Creating layer lstm1
I0924 01:18:48.390149  3501 net.cpp:91] Creating Layer lstm1
I0924 01:18:48.390158  3501 net.cpp:425] lstm1 <- embedded_input_frames
I0924 01:18:48.390167  3501 net.cpp:425] lstm1 <- cont_sentence_input_1_split_0
I0924 01:18:48.390177  3501 net.cpp:399] lstm1 -> lstm1
I0924 01:18:48.390251  3501 recurrent_layer.cpp:20] Initializing recurrent layer: assuming input batch contains 1 timesteps of 1 independent streams.
I0924 01:18:48.398648  3501 net.cpp:49] Initializing net from parameters: 
layer {
  name: "lstm1_"
  type: "Input"
  top: "x"
  top: "cont"
  input_param {
    shape {
      dim: 1
      dim: 1
      dim: 500
    }
    shape {
      dim: 1
      dim: 1
    }
  }
}
layer {
  name: "lstm1_"
  type: "Input"
  top: "c_0"
  top: "h_0"
  input_param {
    shape {
      dim: 1
      dim: 1
      dim: 1000
    }
    shape {
      dim: 1
      dim: 1
      dim: 1000
    }
  }
}
layer {
  name: "lstm1_cont_slice"
  type: "Slice"
  bottom: "cont"
  top: "cont_1"
  slice_param {
    axis: 0
  }
}
layer {
  name: "lstm1_x_transform"
  type: "InnerProduct"
  bottom: "x"
  top: "W_xc_x"
  param {
    name: "W_xc"
  }
  param {
    name: "b_c"
  }
  propagate_down: true
  inner_product_param {
    num_output: 4000
    bias_term: true
    weight_filler {
      type: "uniform"
      min: -0.08
      max: 0.08
    }
    bias_filler {
      type: "constant"
      value: 0
    }
    axis: 2
  }
}
layer {
  name: "lstm1_W_xc_x_slice"
  type: "Slice"
  bottom: "W_xc_x"
  top: "W_xc_x_1"
  slice_param {
    axis: 0
  }
}
layer {
  name: "lstm1_h_conted_0"
  type: "Scale"
  bottom: "h_0"
  bottom: "cont_1"
  top: "h_conted_0"
  scale_param {
    axis: 0
  }
}
layer {
  name: "lstm1_transform_1"
  type: "InnerProduct"
  bottom: "h_conted_0"
  top: "W_hc_h_0"
  param {
    name: "W_hc"
  }
  inner_product_param {
    num_output: 4000
    bias_term: false
    weight_filler {
      type: "uniform"
      min: -0.08
      max: 0.08
    }
    axis: 2
  }
}
layer {
  name: "lstm1_gate_input_1"
  type: "Eltwise"
  bottom: "W_hc_h_0"
  bottom: "W_xc_x_1"
  top: "gate_input_1"
  eltwise_param {
    operation: SUM
  }
}
layer {
  name: "lstm1_unit_1"
  type: "LSTMUnit"
  bottom: "c_0"
  bottom: "gate_input_1"
  bottom: "cont_1"
  top: "c_1"
  top: "h_1"
}
layer {
  name: "lstm1_"
  type: "Split"
  bottom: "c_1"
  top: "c_T"
}
layer {
  name: "lstm1_h_concat"
  type: "Concat"
  bottom: "h_1"
  top: "h"
  concat_param {
    axis: 0
  }
}
layer {
  name: "h_pseudoloss"
  type: "Reduction"
  bottom: "h"
  top: "h_pseudoloss"
  loss_weight: 1
}
I0924 01:18:48.398753  3501 layer_factory.hpp:77] Creating layer lstm1_
I0924 01:18:48.398767  3501 net.cpp:91] Creating Layer lstm1_
I0924 01:18:48.398773  3501 net.cpp:399] lstm1_ -> x
I0924 01:18:48.398787  3501 net.cpp:399] lstm1_ -> cont
I0924 01:18:48.398869  3501 net.cpp:141] Setting up lstm1_
I0924 01:18:48.398880  3501 net.cpp:148] Top shape: 1 1 500 (500)
I0924 01:18:48.398885  3501 net.cpp:148] Top shape: 1 1 (1)
I0924 01:18:48.398897  3501 net.cpp:156] Memory required for data: 2004
I0924 01:18:48.398902  3501 layer_factory.hpp:77] Creating layer lstm1_
I0924 01:18:48.398913  3501 net.cpp:91] Creating Layer lstm1_
I0924 01:18:48.398919  3501 net.cpp:399] lstm1_ -> c_0
I0924 01:18:48.398931  3501 net.cpp:399] lstm1_ -> h_0
I0924 01:18:48.402803  3501 net.cpp:141] Setting up lstm1_
I0924 01:18:48.402822  3501 net.cpp:148] Top shape: 1 1 1000 (1000)
I0924 01:18:48.402827  3501 net.cpp:148] Top shape: 1 1 1000 (1000)
I0924 01:18:48.402832  3501 net.cpp:156] Memory required for data: 10004
I0924 01:18:48.402837  3501 layer_factory.hpp:77] Creating layer lstm1_cont_slice
I0924 01:18:48.402847  3501 net.cpp:91] Creating Layer lstm1_cont_slice
I0924 01:18:48.402855  3501 net.cpp:425] lstm1_cont_slice <- cont
I0924 01:18:48.402863  3501 net.cpp:399] lstm1_cont_slice -> cont_1
I0924 01:18:48.402964  3501 net.cpp:141] Setting up lstm1_cont_slice
I0924 01:18:48.402974  3501 net.cpp:148] Top shape: 1 1 (1)
I0924 01:18:48.402978  3501 net.cpp:156] Memory required for data: 10008
I0924 01:18:48.402983  3501 layer_factory.hpp:77] Creating layer cont_1_lstm1_cont_slice_0_split
I0924 01:18:48.402994  3501 net.cpp:91] Creating Layer cont_1_lstm1_cont_slice_0_split
I0924 01:18:48.402999  3501 net.cpp:425] cont_1_lstm1_cont_slice_0_split <- cont_1
I0924 01:18:48.403007  3501 net.cpp:399] cont_1_lstm1_cont_slice_0_split -> cont_1_lstm1_cont_slice_0_split_0
I0924 01:18:48.403017  3501 net.cpp:399] cont_1_lstm1_cont_slice_0_split -> cont_1_lstm1_cont_slice_0_split_1
I0924 01:18:48.404320  3501 net.cpp:141] Setting up cont_1_lstm1_cont_slice_0_split
I0924 01:18:48.404336  3501 net.cpp:148] Top shape: 1 1 (1)
I0924 01:18:48.404342  3501 net.cpp:148] Top shape: 1 1 (1)
I0924 01:18:48.404347  3501 net.cpp:156] Memory required for data: 10016
I0924 01:18:48.404352  3501 layer_factory.hpp:77] Creating layer lstm1_x_transform
I0924 01:18:48.404366  3501 net.cpp:91] Creating Layer lstm1_x_transform
I0924 01:18:48.404372  3501 net.cpp:425] lstm1_x_transform <- x
I0924 01:18:48.404382  3501 net.cpp:399] lstm1_x_transform -> W_xc_x
I0924 01:18:48.410989  3511 net.cpp:141] Setting up conv1
I0924 01:18:48.411041  3511 net.cpp:148] Top shape: 10 96 55 55 (2904000)
I0924 01:18:48.411046  3511 net.cpp:156] Memory required for data: 17799480
I0924 01:18:48.411069  3511 layer_factory.hpp:77] Creating layer relu1
I0924 01:18:48.411090  3511 net.cpp:91] Creating Layer relu1
I0924 01:18:48.411098  3511 net.cpp:425] relu1 <- conv1
I0924 01:18:48.411105  3511 net.cpp:386] relu1 -> conv1 (in-place)
I0924 01:18:48.411504  3511 net.cpp:141] Setting up relu1
I0924 01:18:48.411516  3511 net.cpp:148] Top shape: 10 96 55 55 (2904000)
I0924 01:18:48.411521  3511 net.cpp:156] Memory required for data: 29415480
I0924 01:18:48.411526  3511 layer_factory.hpp:77] Creating layer pool1
I0924 01:18:48.411548  3511 net.cpp:91] Creating Layer pool1
I0924 01:18:48.411553  3511 net.cpp:425] pool1 <- conv1
I0924 01:18:48.411563  3511 net.cpp:399] pool1 -> pool1
I0924 01:18:48.411639  3511 net.cpp:141] Setting up pool1
I0924 01:18:48.411649  3511 net.cpp:148] Top shape: 10 96 27 27 (699840)
I0924 01:18:48.411653  3511 net.cpp:156] Memory required for data: 32214840
I0924 01:18:48.411659  3511 layer_factory.hpp:77] Creating layer norm1
I0924 01:18:48.411676  3511 net.cpp:91] Creating Layer norm1
I0924 01:18:48.411681  3511 net.cpp:425] norm1 <- pool1
I0924 01:18:48.411689  3511 net.cpp:399] norm1 -> norm1
I0924 01:18:48.411962  3511 net.cpp:141] Setting up norm1
I0924 01:18:48.411973  3511 net.cpp:148] Top shape: 10 96 27 27 (699840)
I0924 01:18:48.411978  3511 net.cpp:156] Memory required for data: 35014200
I0924 01:18:48.411983  3511 layer_factory.hpp:77] Creating layer conv2
I0924 01:18:48.412000  3511 net.cpp:91] Creating Layer conv2
I0924 01:18:48.412005  3511 net.cpp:425] conv2 <- norm1
I0924 01:18:48.412014  3511 net.cpp:399] conv2 -> conv2
I0924 01:18:48.415102  3511 net.cpp:141] Setting up conv2
I0924 01:18:48.415122  3511 net.cpp:148] Top shape: 10 256 27 27 (1866240)
I0924 01:18:48.415127  3511 net.cpp:156] Memory required for data: 42479160
I0924 01:18:48.415139  3511 layer_factory.hpp:77] Creating layer relu2
I0924 01:18:48.415148  3511 net.cpp:91] Creating Layer relu2
I0924 01:18:48.415153  3511 net.cpp:425] relu2 <- conv2
I0924 01:18:48.415163  3511 net.cpp:386] relu2 -> conv2 (in-place)
I0924 01:18:48.415545  3511 net.cpp:141] Setting up relu2
I0924 01:18:48.415557  3511 net.cpp:148] Top shape: 10 256 27 27 (1866240)
I0924 01:18:48.415562  3511 net.cpp:156] Memory required for data: 49944120
I0924 01:18:48.415568  3511 layer_factory.hpp:77] Creating layer pool2
I0924 01:18:48.415578  3511 net.cpp:91] Creating Layer pool2
I0924 01:18:48.415583  3511 net.cpp:425] pool2 <- conv2
I0924 01:18:48.415591  3511 net.cpp:399] pool2 -> pool2
I0924 01:18:48.415647  3511 net.cpp:141] Setting up pool2
I0924 01:18:48.415655  3511 net.cpp:148] Top shape: 10 256 13 13 (432640)
I0924 01:18:48.415659  3511 net.cpp:156] Memory required for data: 51674680
I0924 01:18:48.415664  3511 layer_factory.hpp:77] Creating layer norm2
I0924 01:18:48.415673  3511 net.cpp:91] Creating Layer norm2
I0924 01:18:48.415678  3511 net.cpp:425] norm2 <- pool2
I0924 01:18:48.415688  3511 net.cpp:399] norm2 -> norm2
I0924 01:18:48.415936  3511 net.cpp:141] Setting up norm2
I0924 01:18:48.415947  3511 net.cpp:148] Top shape: 10 256 13 13 (432640)
I0924 01:18:48.415956  3511 net.cpp:156] Memory required for data: 53405240
I0924 01:18:48.415961  3511 layer_factory.hpp:77] Creating layer conv3
I0924 01:18:48.415971  3511 net.cpp:91] Creating Layer conv3
I0924 01:18:48.415974  3511 net.cpp:425] conv3 <- norm2
I0924 01:18:48.415984  3511 net.cpp:399] conv3 -> conv3
I0924 01:18:48.419468  3511 net.cpp:141] Setting up conv3
I0924 01:18:48.419490  3511 net.cpp:148] Top shape: 10 384 13 13 (648960)
I0924 01:18:48.419495  3511 net.cpp:156] Memory required for data: 56001080
I0924 01:18:48.419508  3511 layer_factory.hpp:77] Creating layer relu3
I0924 01:18:48.419518  3511 net.cpp:91] Creating Layer relu3
I0924 01:18:48.419523  3511 net.cpp:425] relu3 <- conv3
I0924 01:18:48.419530  3511 net.cpp:386] relu3 -> conv3 (in-place)
I0924 01:18:48.419759  3511 net.cpp:141] Setting up relu3
I0924 01:18:48.419770  3511 net.cpp:148] Top shape: 10 384 13 13 (648960)
I0924 01:18:48.419775  3511 net.cpp:156] Memory required for data: 58596920
I0924 01:18:48.419780  3511 layer_factory.hpp:77] Creating layer conv4
I0924 01:18:48.419792  3511 net.cpp:91] Creating Layer conv4
I0924 01:18:48.419797  3511 net.cpp:425] conv4 <- conv3
I0924 01:18:48.419805  3511 net.cpp:399] conv4 -> conv4
I0924 01:18:48.424263  3511 net.cpp:141] Setting up conv4
I0924 01:18:48.424288  3511 net.cpp:148] Top shape: 10 384 13 13 (648960)
I0924 01:18:48.424293  3511 net.cpp:156] Memory required for data: 61192760
I0924 01:18:48.424302  3511 layer_factory.hpp:77] Creating layer relu4
I0924 01:18:48.424315  3511 net.cpp:91] Creating Layer relu4
I0924 01:18:48.424321  3511 net.cpp:425] relu4 <- conv4
I0924 01:18:48.424329  3511 net.cpp:386] relu4 -> conv4 (in-place)
I0924 01:18:48.424727  3501 net.cpp:141] Setting up lstm1_x_transform
I0924 01:18:48.424746  3501 net.cpp:148] Top shape: 1 1 4000 (4000)
I0924 01:18:48.424751  3501 net.cpp:156] Memory required for data: 26016
I0924 01:18:48.424764  3501 layer_factory.hpp:77] Creating layer lstm1_W_xc_x_slice
I0924 01:18:48.424775  3501 net.cpp:91] Creating Layer lstm1_W_xc_x_slice
I0924 01:18:48.424782  3501 net.cpp:425] lstm1_W_xc_x_slice <- W_xc_x
I0924 01:18:48.424788  3501 net.cpp:399] lstm1_W_xc_x_slice -> W_xc_x_1
I0924 01:18:48.424803  3511 net.cpp:141] Setting up relu4
I0924 01:18:48.424816  3511 net.cpp:148] Top shape: 10 384 13 13 (648960)
I0924 01:18:48.424821  3511 net.cpp:156] Memory required for data: 63788600
I0924 01:18:48.424826  3511 layer_factory.hpp:77] Creating layer conv5
I0924 01:18:48.424832  3501 net.cpp:141] Setting up lstm1_W_xc_x_slice
I0924 01:18:48.424840  3511 net.cpp:91] Creating Layer conv5
I0924 01:18:48.424841  3501 net.cpp:148] Top shape: 1 1 4000 (4000)
I0924 01:18:48.424851  3511 net.cpp:425] conv5 <- conv4
I0924 01:18:48.424854  3501 net.cpp:156] Memory required for data: 42016
I0924 01:18:48.424860  3501 layer_factory.hpp:77] Creating layer lstm1_h_conted_0
I0924 01:18:48.424862  3511 net.cpp:399] conv5 -> conv5
I0924 01:18:48.424870  3501 net.cpp:91] Creating Layer lstm1_h_conted_0
I0924 01:18:48.424875  3501 net.cpp:425] lstm1_h_conted_0 <- h_0
I0924 01:18:48.424882  3501 net.cpp:425] lstm1_h_conted_0 <- cont_1_lstm1_cont_slice_0_split_0
I0924 01:18:48.424890  3501 net.cpp:399] lstm1_h_conted_0 -> h_conted_0
I0924 01:18:48.425160  3501 net.cpp:141] Setting up lstm1_h_conted_0
I0924 01:18:48.425171  3501 net.cpp:148] Top shape: 1 1 1000 (1000)
I0924 01:18:48.425175  3501 net.cpp:156] Memory required for data: 46016
I0924 01:18:48.425180  3501 layer_factory.hpp:77] Creating layer lstm1_transform_1
I0924 01:18:48.425192  3501 net.cpp:91] Creating Layer lstm1_transform_1
I0924 01:18:48.425197  3501 net.cpp:425] lstm1_transform_1 <- h_conted_0
I0924 01:18:48.425205  3501 net.cpp:399] lstm1_transform_1 -> W_hc_h_0
I0924 01:18:48.433300  3505 net.cpp:141] Setting up embedding
I0924 01:18:48.433351  3505 net.cpp:148] Top shape: 1 1 500 (500)
I0924 01:18:48.433357  3505 net.cpp:156] Memory required for data: 22408
I0924 01:18:48.433374  3505 layer_factory.hpp:77] Creating layer lstm1
I0924 01:18:48.433394  3505 net.cpp:91] Creating Layer lstm1
I0924 01:18:48.433403  3505 net.cpp:425] lstm1 <- embedded_input_frames
I0924 01:18:48.433411  3505 net.cpp:425] lstm1 <- cont_sentence_input_1_split_0
I0924 01:18:48.433421  3505 net.cpp:399] lstm1 -> lstm1
I0924 01:18:48.433439  3505 recurrent_layer.cpp:20] Initializing recurrent layer: assuming input batch contains 1 timesteps of 1 independent streams.
I0924 01:18:48.433761  3505 net.cpp:49] Initializing net from parameters: 
layer {
  name: "lstm1_"
  type: "Input"
  top: "x"
  top: "cont"
  input_param {
    shape {
      dim: 1
      dim: 1
      dim: 500
    }
    shape {
      dim: 1
      dim: 1
    }
  }
}
layer {
  name: "lstm1_"
  type: "Input"
  top: "c_0"
  top: "h_0"
  input_param {
    shape {
      dim: 1
      dim: 1
      dim: 1000
    }
    shape {
      dim: 1
      dim: 1
      dim: 1000
    }
  }
}
layer {
  name: "lstm1_cont_slice"
  type: "Slice"
  bottom: "cont"
  top: "cont_1"
  slice_param {
    axis: 0
  }
}
layer {
  name: "lstm1_x_transform"
  type: "InnerProduct"
  bottom: "x"
  top: "W_xc_x"
  param {
    name: "W_xc"
  }
  param {
    name: "b_c"
  }
  propagate_down: true
  inner_product_param {
    num_output: 4000
    bias_term: true
    weight_filler {
      type: "uniform"
      min: -0.08
      max: 0.08
    }
    bias_filler {
      type: "constant"
      value: 0
    }
    axis: 2
  }
}
layer {
  name: "lstm1_W_xc_x_slice"
  type: "Slice"
  bottom: "W_xc_x"
  top: "W_xc_x_1"
  slice_param {
    axis: 0
  }
}
layer {
  name: "lstm1_h_conted_0"
  type: "Scale"
  bottom: "h_0"
  bottom: "cont_1"
  top: "h_conted_0"
  scale_param {
    axis: 0
  }
}
layer {
  name: "lstm1_transform_1"
  type: "InnerProduct"
  bottom: "h_conted_0"
  top: "W_hc_h_0"
  param {
    name: "W_hc"
  }
  inner_product_param {
    num_output: 4000
    bias_term: false
    weight_filler {
      type: "uniform"
      min: -0.08
      max: 0.08
    }
    axis: 2
  }
}
layer {
  name: "lstm1_gate_input_1"
  type: "Eltwise"
  bottom: "W_hc_h_0"
  bottom: "W_xc_x_1"
  top: "gate_input_1"
  eltwise_param {
    operation: SUM
  }
}
layer {
  name: "lstm1_unit_1"
  type: "LSTMUnit"
  bottom: "c_0"
  bottom: "gate_input_1"
  bottom: "cont_1"
  top: "c_1"
  top: "h_1"
}
layer {
  name: "lstm1_"
  type: "Split"
  bottom: "c_1"
  top: "c_T"
}
layer {
  name: "lstm1_h_concat"
  type: "Concat"
  bottom: "h_1"
  top: "h"
  concat_param {
    axis: 0
  }
}
layer {
  name: "h_pseudoloss"
  type: "Reduction"
  bottom: "h"
  top: "h_pseudoloss"
  loss_weight: 1
}
I0924 01:18:48.433848  3505 layer_factory.hpp:77] Creating layer lstm1_
I0924 01:18:48.433861  3505 net.cpp:91] Creating Layer lstm1_
I0924 01:18:48.433866  3505 net.cpp:399] lstm1_ -> x
I0924 01:18:48.433877  3505 net.cpp:399] lstm1_ -> cont
I0924 01:18:48.434059  3505 net.cpp:141] Setting up lstm1_
I0924 01:18:48.434070  3505 net.cpp:148] Top shape: 1 1 500 (500)
I0924 01:18:48.434077  3505 net.cpp:148] Top shape: 1 1 (1)
I0924 01:18:48.434082  3505 net.cpp:156] Memory required for data: 2004
I0924 01:18:48.434087  3505 layer_factory.hpp:77] Creating layer lstm1_
I0924 01:18:48.434094  3505 net.cpp:91] Creating Layer lstm1_
I0924 01:18:48.434103  3505 net.cpp:399] lstm1_ -> c_0
I0924 01:18:48.434113  3505 net.cpp:399] lstm1_ -> h_0
I0924 01:18:48.434386  3505 net.cpp:141] Setting up lstm1_
I0924 01:18:48.434397  3505 net.cpp:148] Top shape: 1 1 1000 (1000)
I0924 01:18:48.434403  3505 net.cpp:148] Top shape: 1 1 1000 (1000)
I0924 01:18:48.434407  3505 net.cpp:156] Memory required for data: 10004
I0924 01:18:48.434412  3505 layer_factory.hpp:77] Creating layer lstm1_cont_slice
I0924 01:18:48.434422  3505 net.cpp:91] Creating Layer lstm1_cont_slice
I0924 01:18:48.434425  3505 net.cpp:425] lstm1_cont_slice <- cont
I0924 01:18:48.434432  3505 net.cpp:399] lstm1_cont_slice -> cont_1
I0924 01:18:48.434717  3505 net.cpp:141] Setting up lstm1_cont_slice
I0924 01:18:48.434736  3505 net.cpp:148] Top shape: 1 1 (1)
I0924 01:18:48.434741  3505 net.cpp:156] Memory required for data: 10008
I0924 01:18:48.434746  3505 layer_factory.hpp:77] Creating layer cont_1_lstm1_cont_slice_0_split
I0924 01:18:48.434757  3505 net.cpp:91] Creating Layer cont_1_lstm1_cont_slice_0_split
I0924 01:18:48.434763  3505 net.cpp:425] cont_1_lstm1_cont_slice_0_split <- cont_1
I0924 01:18:48.434770  3505 net.cpp:399] cont_1_lstm1_cont_slice_0_split -> cont_1_lstm1_cont_slice_0_split_0
I0924 01:18:48.434780  3505 net.cpp:399] cont_1_lstm1_cont_slice_0_split -> cont_1_lstm1_cont_slice_0_split_1
I0924 01:18:48.435117  3505 net.cpp:141] Setting up cont_1_lstm1_cont_slice_0_split
I0924 01:18:48.435128  3505 net.cpp:148] Top shape: 1 1 (1)
I0924 01:18:48.435133  3505 net.cpp:148] Top shape: 1 1 (1)
I0924 01:18:48.435137  3505 net.cpp:156] Memory required for data: 10016
I0924 01:18:48.435142  3505 layer_factory.hpp:77] Creating layer lstm1_x_transform
I0924 01:18:48.435156  3505 net.cpp:91] Creating Layer lstm1_x_transform
I0924 01:18:48.435161  3505 net.cpp:425] lstm1_x_transform <- x
I0924 01:18:48.435169  3505 net.cpp:399] lstm1_x_transform -> W_xc_x
I0924 01:18:48.439890  3511 net.cpp:141] Setting up conv5
I0924 01:18:48.439929  3511 net.cpp:148] Top shape: 10 256 13 13 (432640)
I0924 01:18:48.439936  3511 net.cpp:156] Memory required for data: 65519160
I0924 01:18:48.439956  3511 layer_factory.hpp:77] Creating layer relu5
I0924 01:18:48.439975  3511 net.cpp:91] Creating Layer relu5
I0924 01:18:48.439981  3511 net.cpp:425] relu5 <- conv5
I0924 01:18:48.439990  3511 net.cpp:386] relu5 -> conv5 (in-place)
I0924 01:18:48.440376  3511 net.cpp:141] Setting up relu5
I0924 01:18:48.440389  3511 net.cpp:148] Top shape: 10 256 13 13 (432640)
I0924 01:18:48.440394  3511 net.cpp:156] Memory required for data: 67249720
I0924 01:18:48.440400  3511 layer_factory.hpp:77] Creating layer pool5
I0924 01:18:48.440412  3511 net.cpp:91] Creating Layer pool5
I0924 01:18:48.440418  3511 net.cpp:425] pool5 <- conv5
I0924 01:18:48.440425  3511 net.cpp:399] pool5 -> pool5
I0924 01:18:48.440490  3511 net.cpp:141] Setting up pool5
I0924 01:18:48.440498  3511 net.cpp:148] Top shape: 10 256 6 6 (92160)
I0924 01:18:48.440502  3511 net.cpp:156] Memory required for data: 67618360
I0924 01:18:48.440507  3511 layer_factory.hpp:77] Creating layer fc6
I0924 01:18:48.440520  3511 net.cpp:91] Creating Layer fc6
I0924 01:18:48.440524  3511 net.cpp:425] fc6 <- pool5
I0924 01:18:48.440534  3511 net.cpp:399] fc6 -> fc6
I0924 01:18:48.508373  3501 net.cpp:141] Setting up lstm1_transform_1
I0924 01:18:48.508422  3501 net.cpp:148] Top shape: 1 1 4000 (4000)
I0924 01:18:48.508430  3501 net.cpp:156] Memory required for data: 62016
I0924 01:18:48.508452  3501 layer_factory.hpp:77] Creating layer lstm1_gate_input_1
I0924 01:18:48.508442  3505 net.cpp:141] Setting up lstm1_x_transform
I0924 01:18:48.508478  3501 net.cpp:91] Creating Layer lstm1_gate_input_1
I0924 01:18:48.508479  3505 net.cpp:148] Top shape: 1 1 4000 (4000)
I0924 01:18:48.508486  3505 net.cpp:156] Memory required for data: 26016
I0924 01:18:48.508487  3501 net.cpp:425] lstm1_gate_input_1 <- W_hc_h_0
I0924 01:18:48.508507  3501 net.cpp:425] lstm1_gate_input_1 <- W_xc_x_1
I0924 01:18:48.508512  3505 layer_factory.hpp:77] Creating layer lstm1_W_xc_x_slice
I0924 01:18:48.508517  3501 net.cpp:399] lstm1_gate_input_1 -> gate_input_1
I0924 01:18:48.508528  3505 net.cpp:91] Creating Layer lstm1_W_xc_x_slice
I0924 01:18:48.508535  3505 net.cpp:425] lstm1_W_xc_x_slice <- W_xc_x
I0924 01:18:48.508548  3505 net.cpp:399] lstm1_W_xc_x_slice -> W_xc_x_1
I0924 01:18:48.508600  3501 net.cpp:141] Setting up lstm1_gate_input_1
I0924 01:18:48.508610  3501 net.cpp:148] Top shape: 1 1 4000 (4000)
I0924 01:18:48.508615  3501 net.cpp:156] Memory required for data: 78016
I0924 01:18:48.508620  3501 layer_factory.hpp:77] Creating layer lstm1_unit_1
I0924 01:18:48.508631  3501 net.cpp:91] Creating Layer lstm1_unit_1
I0924 01:18:48.508636  3501 net.cpp:425] lstm1_unit_1 <- c_0
I0924 01:18:48.508642  3501 net.cpp:425] lstm1_unit_1 <- gate_input_1
I0924 01:18:48.508642  3505 net.cpp:141] Setting up lstm1_W_xc_x_slice
I0924 01:18:48.508648  3501 net.cpp:425] lstm1_unit_1 <- cont_1_lstm1_cont_slice_0_split_1
I0924 01:18:48.508656  3505 net.cpp:148] Top shape: 1 1 4000 (4000)
I0924 01:18:48.508666  3505 net.cpp:156] Memory required for data: 42016
I0924 01:18:48.508673  3505 layer_factory.hpp:77] Creating layer lstm1_h_conted_0
I0924 01:18:48.508656  3501 net.cpp:399] lstm1_unit_1 -> c_1
I0924 01:18:48.508685  3505 net.cpp:91] Creating Layer lstm1_h_conted_0
I0924 01:18:48.508694  3505 net.cpp:425] lstm1_h_conted_0 <- h_0
I0924 01:18:48.508685  3501 net.cpp:399] lstm1_unit_1 -> h_1
I0924 01:18:48.508704  3505 net.cpp:425] lstm1_h_conted_0 <- cont_1_lstm1_cont_slice_0_split_0
I0924 01:18:48.508728  3505 net.cpp:399] lstm1_h_conted_0 -> h_conted_0
I0924 01:18:48.508798  3501 net.cpp:141] Setting up lstm1_unit_1
I0924 01:18:48.508808  3501 net.cpp:148] Top shape: 1 1 1000 (1000)
I0924 01:18:48.508813  3501 net.cpp:148] Top shape: 1 1 1000 (1000)
I0924 01:18:48.508817  3501 net.cpp:156] Memory required for data: 86016
I0924 01:18:48.508822  3501 layer_factory.hpp:77] Creating layer lstm1_
I0924 01:18:48.508833  3501 net.cpp:91] Creating Layer lstm1_
I0924 01:18:48.508838  3501 net.cpp:425] lstm1_ <- c_1
I0924 01:18:48.508846  3501 net.cpp:399] lstm1_ -> c_T
I0924 01:18:48.508913  3505 net.cpp:141] Setting up lstm1_h_conted_0
I0924 01:18:48.508924  3505 net.cpp:148] Top shape: 1 1 1000 (1000)
I0924 01:18:48.508929  3505 net.cpp:156] Memory required for data: 46016
I0924 01:18:48.508934  3505 layer_factory.hpp:77] Creating layer lstm1_transform_1
I0924 01:18:48.508945  3505 net.cpp:91] Creating Layer lstm1_transform_1
I0924 01:18:48.508950  3505 net.cpp:425] lstm1_transform_1 <- h_conted_0
I0924 01:18:48.508954  3501 net.cpp:141] Setting up lstm1_
I0924 01:18:48.508961  3505 net.cpp:399] lstm1_transform_1 -> W_hc_h_0
I0924 01:18:48.508965  3501 net.cpp:148] Top shape: 1 1 1000 (1000)
I0924 01:18:48.508970  3501 net.cpp:156] Memory required for data: 90016
I0924 01:18:48.508975  3501 layer_factory.hpp:77] Creating layer lstm1_h_concat
I0924 01:18:48.508985  3501 net.cpp:91] Creating Layer lstm1_h_concat
I0924 01:18:48.508990  3501 net.cpp:425] lstm1_h_concat <- h_1
I0924 01:18:48.508999  3501 net.cpp:399] lstm1_h_concat -> h
I0924 01:18:48.509059  3501 net.cpp:141] Setting up lstm1_h_concat
I0924 01:18:48.509068  3501 net.cpp:148] Top shape: 1 1 1000 (1000)
I0924 01:18:48.509073  3501 net.cpp:156] Memory required for data: 94016
I0924 01:18:48.509078  3501 layer_factory.hpp:77] Creating layer h_pseudoloss
I0924 01:18:48.509096  3501 net.cpp:91] Creating Layer h_pseudoloss
I0924 01:18:48.509101  3501 net.cpp:425] h_pseudoloss <- h
I0924 01:18:48.509110  3501 net.cpp:399] h_pseudoloss -> h_pseudoloss
I0924 01:18:48.516712  3501 net.cpp:141] Setting up h_pseudoloss
I0924 01:18:48.516767  3501 net.cpp:148] Top shape: (1)
I0924 01:18:48.516772  3501 net.cpp:151]     with loss weight 1
I0924 01:18:48.516808  3501 net.cpp:156] Memory required for data: 94020
I0924 01:18:48.516819  3501 net.cpp:217] h_pseudoloss needs backward computation.
I0924 01:18:48.516826  3501 net.cpp:217] lstm1_h_concat needs backward computation.
I0924 01:18:48.516831  3501 net.cpp:219] lstm1_ does not need backward computation.
I0924 01:18:48.516837  3501 net.cpp:217] lstm1_unit_1 needs backward computation.
I0924 01:18:48.516845  3501 net.cpp:217] lstm1_gate_input_1 needs backward computation.
I0924 01:18:48.516850  3501 net.cpp:217] lstm1_transform_1 needs backward computation.
I0924 01:18:48.516863  3501 net.cpp:219] lstm1_h_conted_0 does not need backward computation.
I0924 01:18:48.516870  3501 net.cpp:217] lstm1_W_xc_x_slice needs backward computation.
I0924 01:18:48.516875  3501 net.cpp:217] lstm1_x_transform needs backward computation.
I0924 01:18:48.516880  3501 net.cpp:219] cont_1_lstm1_cont_slice_0_split does not need backward computation.
I0924 01:18:48.516886  3501 net.cpp:219] lstm1_cont_slice does not need backward computation.
I0924 01:18:48.516891  3501 net.cpp:219] lstm1_ does not need backward computation.
I0924 01:18:48.516896  3501 net.cpp:219] lstm1_ does not need backward computation.
I0924 01:18:48.516899  3501 net.cpp:261] This network produces output c_T
I0924 01:18:48.516906  3501 net.cpp:261] This network produces output h_pseudoloss
I0924 01:18:48.516924  3501 net.cpp:274] Network initialization done.
I0924 01:18:48.516996  3501 recurrent_layer.cpp:150] Adding parameter 0: W_xc
I0924 01:18:48.517004  3501 recurrent_layer.cpp:150] Adding parameter 1: b_c
I0924 01:18:48.517009  3501 recurrent_layer.cpp:150] Adding parameter 2: W_hc
I0924 01:18:48.517132  3501 net.cpp:141] Setting up lstm1
I0924 01:18:48.517144  3501 net.cpp:148] Top shape: 1 1 1000 (1000)
I0924 01:18:48.517148  3501 net.cpp:156] Memory required for data: 26408
I0924 01:18:48.517164  3501 layer_factory.hpp:77] Creating layer concat
I0924 01:18:48.517207  3501 net.cpp:91] Creating Layer concat
I0924 01:18:48.517215  3501 net.cpp:425] concat <- lstm1
I0924 01:18:48.517222  3501 net.cpp:425] concat <- embedded_input_sentence
I0924 01:18:48.517228  3501 net.cpp:425] concat <- reshaped_stage_indicator
I0924 01:18:48.517236  3501 net.cpp:399] concat -> lstm1_video_sequence
I0924 01:18:48.517274  3501 net.cpp:141] Setting up concat
I0924 01:18:48.517282  3501 net.cpp:148] Top shape: 1 1 1501 (1501)
I0924 01:18:48.517287  3501 net.cpp:156] Memory required for data: 32412
I0924 01:18:48.517292  3501 layer_factory.hpp:77] Creating layer lstm2
I0924 01:18:48.517307  3501 net.cpp:91] Creating Layer lstm2
I0924 01:18:48.517312  3501 net.cpp:425] lstm2 <- lstm1_video_sequence
I0924 01:18:48.517318  3501 net.cpp:425] lstm2 <- cont_sentence_input_1_split_1
I0924 01:18:48.517324  3501 net.cpp:399] lstm2 -> lstm2
I0924 01:18:48.517334  3501 recurrent_layer.cpp:20] Initializing recurrent layer: assuming input batch contains 1 timesteps of 1 independent streams.
I0924 01:18:48.517609  3501 net.cpp:49] Initializing net from parameters: 
layer {
  name: "lstm2_"
  type: "Input"
  top: "x"
  top: "cont"
  input_param {
    shape {
      dim: 1
      dim: 1
      dim: 1501
    }
    shape {
      dim: 1
      dim: 1
    }
  }
}
layer {
  name: "lstm2_"
  type: "Input"
  top: "c_0"
  top: "h_0"
  input_param {
    shape {
      dim: 1
      dim: 1
      dim: 1000
    }
    shape {
      dim: 1
      dim: 1
      dim: 1000
    }
  }
}
layer {
  name: "lstm2_cont_slice"
  type: "Slice"
  bottom: "cont"
  top: "cont_1"
  slice_param {
    axis: 0
  }
}
layer {
  name: "lstm2_x_transform"
  type: "InnerProduct"
  bottom: "x"
  top: "W_xc_x"
  param {
    name: "W_xc"
  }
  param {
    name: "b_c"
  }
  propagate_down: true
  inner_product_param {
    num_output: 4000
    bias_term: true
    weight_filler {
      type: "uniform"
      min: -0.08
      max: 0.08
    }
    bias_filler {
      type: "constant"
      value: 0
    }
    axis: 2
  }
}
layer {
  name: "lstm2_W_xc_x_slice"
  type: "Slice"
  bottom: "W_xc_x"
  top: "W_xc_x_1"
  slice_param {
    axis: 0
  }
}
layer {
  name: "lstm2_h_conted_0"
  type: "Scale"
  bottom: "h_0"
  bottom: "cont_1"
  top: "h_conted_0"
  scale_param {
    axis: 0
  }
}
layer {
  name: "lstm2_transform_1"
  type: "InnerProduct"
  bottom: "h_conted_0"
  top: "W_hc_h_0"
  param {
    name: "W_hc"
  }
  inner_product_param {
    num_output: 4000
    bias_term: false
    weight_filler {
      type: "uniform"
      min: -0.08
      max: 0.08
    }
    axis: 2
  }
}
layer {
  name: "lstm2_gate_input_1"
  type: "Eltwise"
  bottom: "W_hc_h_0"
  bottom: "W_xc_x_1"
  top: "gate_input_1"
  eltwise_param {
    operation: SUM
  }
}
layer {
  name: "lstm2_unit_1"
  type: "LSTMUnit"
  bottom: "c_0"
  bottom: "gate_input_1"
  bottom: "cont_1"
  top: "c_1"
  top: "h_1"
}
layer {
  name: "lstm2_"
  type: "Split"
  bottom: "c_1"
  top: "c_T"
}
layer {
  name: "lstm2_h_concat"
  type: "Concat"
  bottom: "h_1"
  top: "h"
  concat_param {
    axis: 0
  }
}
layer {
  name: "h_pseudoloss"
  type: "Reduction"
  bottom: "h"
  top: "h_pseudoloss"
  loss_weight: 1
}
I0924 01:18:48.517700  3501 layer_factory.hpp:77] Creating layer lstm2_
I0924 01:18:48.517714  3501 net.cpp:91] Creating Layer lstm2_
I0924 01:18:48.517719  3501 net.cpp:399] lstm2_ -> x
I0924 01:18:48.517730  3501 net.cpp:399] lstm2_ -> cont
I0924 01:18:48.517784  3501 net.cpp:141] Setting up lstm2_
I0924 01:18:48.517793  3501 net.cpp:148] Top shape: 1 1 1501 (1501)
I0924 01:18:48.517799  3501 net.cpp:148] Top shape: 1 1 (1)
I0924 01:18:48.517804  3501 net.cpp:156] Memory required for data: 6008
I0924 01:18:48.517809  3501 layer_factory.hpp:77] Creating layer lstm2_
I0924 01:18:48.517817  3501 net.cpp:91] Creating Layer lstm2_
I0924 01:18:48.517824  3501 net.cpp:399] lstm2_ -> c_0
I0924 01:18:48.517833  3501 net.cpp:399] lstm2_ -> h_0
I0924 01:18:48.517886  3501 net.cpp:141] Setting up lstm2_
I0924 01:18:48.517895  3501 net.cpp:148] Top shape: 1 1 1000 (1000)
I0924 01:18:48.517900  3501 net.cpp:148] Top shape: 1 1 1000 (1000)
I0924 01:18:48.517904  3501 net.cpp:156] Memory required for data: 14008
I0924 01:18:48.517909  3501 layer_factory.hpp:77] Creating layer lstm2_cont_slice
I0924 01:18:48.517917  3501 net.cpp:91] Creating Layer lstm2_cont_slice
I0924 01:18:48.517922  3501 net.cpp:425] lstm2_cont_slice <- cont
I0924 01:18:48.517931  3501 net.cpp:399] lstm2_cont_slice -> cont_1
I0924 01:18:48.517962  3501 net.cpp:141] Setting up lstm2_cont_slice
I0924 01:18:48.517973  3501 net.cpp:148] Top shape: 1 1 (1)
I0924 01:18:48.517978  3501 net.cpp:156] Memory required for data: 14012
I0924 01:18:48.517982  3501 layer_factory.hpp:77] Creating layer cont_1_lstm2_cont_slice_0_split
I0924 01:18:48.517990  3501 net.cpp:91] Creating Layer cont_1_lstm2_cont_slice_0_split
I0924 01:18:48.517994  3501 net.cpp:425] cont_1_lstm2_cont_slice_0_split <- cont_1
I0924 01:18:48.518002  3501 net.cpp:399] cont_1_lstm2_cont_slice_0_split -> cont_1_lstm2_cont_slice_0_split_0
I0924 01:18:48.518008  3501 net.cpp:399] cont_1_lstm2_cont_slice_0_split -> cont_1_lstm2_cont_slice_0_split_1
I0924 01:18:48.518055  3501 net.cpp:141] Setting up cont_1_lstm2_cont_slice_0_split
I0924 01:18:48.518064  3501 net.cpp:148] Top shape: 1 1 (1)
I0924 01:18:48.518069  3501 net.cpp:148] Top shape: 1 1 (1)
I0924 01:18:48.518074  3501 net.cpp:156] Memory required for data: 14020
I0924 01:18:48.518077  3501 layer_factory.hpp:77] Creating layer lstm2_x_transform
I0924 01:18:48.518090  3501 net.cpp:91] Creating Layer lstm2_x_transform
I0924 01:18:48.518095  3501 net.cpp:425] lstm2_x_transform <- x
I0924 01:18:48.518102  3501 net.cpp:399] lstm2_x_transform -> W_xc_x
I0924 01:18:48.547756  3511 net.cpp:141] Setting up fc6
I0924 01:18:48.547818  3511 net.cpp:148] Top shape: 10 4096 (40960)
I0924 01:18:48.547827  3511 net.cpp:156] Memory required for data: 67782200
I0924 01:18:48.547849  3511 layer_factory.hpp:77] Creating layer relu6
I0924 01:18:48.547871  3511 net.cpp:91] Creating Layer relu6
I0924 01:18:48.547883  3511 net.cpp:425] relu6 <- fc6
I0924 01:18:48.547895  3511 net.cpp:386] relu6 -> fc6 (in-place)
I0924 01:18:48.548336  3511 net.cpp:141] Setting up relu6
I0924 01:18:48.548354  3511 net.cpp:148] Top shape: 10 4096 (40960)
I0924 01:18:48.548363  3511 net.cpp:156] Memory required for data: 67946040
I0924 01:18:48.548372  3511 layer_factory.hpp:77] Creating layer drop6
I0924 01:18:48.548408  3511 net.cpp:91] Creating Layer drop6
I0924 01:18:48.548418  3511 net.cpp:425] drop6 <- fc6
I0924 01:18:48.548434  3511 net.cpp:386] drop6 -> fc6 (in-place)
I0924 01:18:48.548506  3511 net.cpp:141] Setting up drop6
I0924 01:18:48.548523  3511 net.cpp:148] Top shape: 10 4096 (40960)
I0924 01:18:48.548532  3511 net.cpp:156] Memory required for data: 68109880
I0924 01:18:48.548542  3511 layer_factory.hpp:77] Creating layer fc7
I0924 01:18:48.548565  3511 net.cpp:91] Creating Layer fc7
I0924 01:18:48.548578  3511 net.cpp:425] fc7 <- fc6
I0924 01:18:48.548591  3511 net.cpp:399] fc7 -> fc7
I0924 01:18:48.578403  3505 net.cpp:141] Setting up lstm1_transform_1
I0924 01:18:48.578451  3505 net.cpp:148] Top shape: 1 1 4000 (4000)
I0924 01:18:48.578457  3505 net.cpp:156] Memory required for data: 62016
I0924 01:18:48.578475  3505 layer_factory.hpp:77] Creating layer lstm1_gate_input_1
I0924 01:18:48.578493  3505 net.cpp:91] Creating Layer lstm1_gate_input_1
I0924 01:18:48.578500  3505 net.cpp:425] lstm1_gate_input_1 <- W_hc_h_0
I0924 01:18:48.578507  3505 net.cpp:425] lstm1_gate_input_1 <- W_xc_x_1
I0924 01:18:48.578518  3505 net.cpp:399] lstm1_gate_input_1 -> gate_input_1
I0924 01:18:48.578577  3501 net.cpp:141] Setting up lstm2_x_transform
I0924 01:18:48.578605  3501 net.cpp:148] Top shape: 1 1 4000 (4000)
I0924 01:18:48.578613  3501 net.cpp:156] Memory required for data: 30020
I0924 01:18:48.578610  3505 net.cpp:141] Setting up lstm1_gate_input_1
I0924 01:18:48.578622  3505 net.cpp:148] Top shape: 1 1 4000 (4000)
I0924 01:18:48.578626  3505 net.cpp:156] Memory required for data: 78016
I0924 01:18:48.578626  3501 layer_factory.hpp:77] Creating layer lstm2_W_xc_x_slice
I0924 01:18:48.578651  3505 layer_factory.hpp:77] Creating layer lstm1_unit_1
I0924 01:18:48.578661  3505 net.cpp:91] Creating Layer lstm1_unit_1
I0924 01:18:48.578666  3505 net.cpp:425] lstm1_unit_1 <- c_0
I0924 01:18:48.578667  3501 net.cpp:91] Creating Layer lstm2_W_xc_x_slice
I0924 01:18:48.578672  3505 net.cpp:425] lstm1_unit_1 <- gate_input_1
I0924 01:18:48.578677  3501 net.cpp:425] lstm2_W_xc_x_slice <- W_xc_x
I0924 01:18:48.578678  3505 net.cpp:425] lstm1_unit_1 <- cont_1_lstm1_cont_slice_0_split_1
I0924 01:18:48.578686  3501 net.cpp:399] lstm2_W_xc_x_slice -> W_xc_x_1
I0924 01:18:48.578688  3505 net.cpp:399] lstm1_unit_1 -> c_1
I0924 01:18:48.578698  3505 net.cpp:399] lstm1_unit_1 -> h_1
I0924 01:18:48.578742  3501 net.cpp:141] Setting up lstm2_W_xc_x_slice
I0924 01:18:48.578753  3501 net.cpp:148] Top shape: 1 1 4000 (4000)
I0924 01:18:48.578758  3501 net.cpp:156] Memory required for data: 46020
I0924 01:18:48.578763  3501 layer_factory.hpp:77] Creating layer lstm2_h_conted_0
I0924 01:18:48.578773  3501 net.cpp:91] Creating Layer lstm2_h_conted_0
I0924 01:18:48.578779  3501 net.cpp:425] lstm2_h_conted_0 <- h_0
I0924 01:18:48.578785  3501 net.cpp:425] lstm2_h_conted_0 <- cont_1_lstm2_cont_slice_0_split_0
I0924 01:18:48.578793  3501 net.cpp:399] lstm2_h_conted_0 -> h_conted_0
I0924 01:18:48.578800  3505 net.cpp:141] Setting up lstm1_unit_1
I0924 01:18:48.578810  3505 net.cpp:148] Top shape: 1 1 1000 (1000)
I0924 01:18:48.578816  3505 net.cpp:148] Top shape: 1 1 1000 (1000)
I0924 01:18:48.578820  3505 net.cpp:156] Memory required for data: 86016
I0924 01:18:48.578825  3505 layer_factory.hpp:77] Creating layer lstm1_
I0924 01:18:48.578833  3505 net.cpp:91] Creating Layer lstm1_
I0924 01:18:48.578837  3505 net.cpp:425] lstm1_ <- c_1
I0924 01:18:48.578845  3505 net.cpp:399] lstm1_ -> c_T
I0924 01:18:48.578901  3501 net.cpp:141] Setting up lstm2_h_conted_0
I0924 01:18:48.578910  3501 net.cpp:148] Top shape: 1 1 1000 (1000)
I0924 01:18:48.578914  3501 net.cpp:156] Memory required for data: 50020
I0924 01:18:48.578919  3501 layer_factory.hpp:77] Creating layer lstm2_transform_1
I0924 01:18:48.578925  3505 net.cpp:141] Setting up lstm1_
I0924 01:18:48.578933  3501 net.cpp:91] Creating Layer lstm2_transform_1
I0924 01:18:48.578936  3505 net.cpp:148] Top shape: 1 1 1000 (1000)
I0924 01:18:48.578938  3501 net.cpp:425] lstm2_transform_1 <- h_conted_0
I0924 01:18:48.578940  3505 net.cpp:156] Memory required for data: 90016
I0924 01:18:48.578945  3505 layer_factory.hpp:77] Creating layer lstm1_h_concat
I0924 01:18:48.578948  3501 net.cpp:399] lstm2_transform_1 -> W_hc_h_0
I0924 01:18:48.578955  3505 net.cpp:91] Creating Layer lstm1_h_concat
I0924 01:18:48.578960  3505 net.cpp:425] lstm1_h_concat <- h_1
I0924 01:18:48.578968  3505 net.cpp:399] lstm1_h_concat -> h
I0924 01:18:48.579023  3505 net.cpp:141] Setting up lstm1_h_concat
I0924 01:18:48.579033  3505 net.cpp:148] Top shape: 1 1 1000 (1000)
I0924 01:18:48.579037  3505 net.cpp:156] Memory required for data: 94016
I0924 01:18:48.579042  3505 layer_factory.hpp:77] Creating layer h_pseudoloss
I0924 01:18:48.579054  3505 net.cpp:91] Creating Layer h_pseudoloss
I0924 01:18:48.579059  3505 net.cpp:425] h_pseudoloss <- h
I0924 01:18:48.579066  3505 net.cpp:399] h_pseudoloss -> h_pseudoloss
I0924 01:18:48.589468  3505 net.cpp:141] Setting up h_pseudoloss
I0924 01:18:48.589516  3505 net.cpp:148] Top shape: (1)
I0924 01:18:48.589522  3505 net.cpp:151]     with loss weight 1
I0924 01:18:48.589542  3505 net.cpp:156] Memory required for data: 94020
I0924 01:18:48.589552  3505 net.cpp:217] h_pseudoloss needs backward computation.
I0924 01:18:48.589558  3505 net.cpp:217] lstm1_h_concat needs backward computation.
I0924 01:18:48.589565  3505 net.cpp:219] lstm1_ does not need backward computation.
I0924 01:18:48.589570  3505 net.cpp:217] lstm1_unit_1 needs backward computation.
I0924 01:18:48.589576  3505 net.cpp:217] lstm1_gate_input_1 needs backward computation.
I0924 01:18:48.589581  3505 net.cpp:217] lstm1_transform_1 needs backward computation.
I0924 01:18:48.589586  3505 net.cpp:219] lstm1_h_conted_0 does not need backward computation.
I0924 01:18:48.589592  3505 net.cpp:217] lstm1_W_xc_x_slice needs backward computation.
I0924 01:18:48.589597  3505 net.cpp:217] lstm1_x_transform needs backward computation.
I0924 01:18:48.589602  3505 net.cpp:219] cont_1_lstm1_cont_slice_0_split does not need backward computation.
I0924 01:18:48.589608  3505 net.cpp:219] lstm1_cont_slice does not need backward computation.
I0924 01:18:48.589613  3505 net.cpp:219] lstm1_ does not need backward computation.
I0924 01:18:48.589617  3505 net.cpp:219] lstm1_ does not need backward computation.
I0924 01:18:48.589620  3505 net.cpp:261] This network produces output c_T
I0924 01:18:48.589627  3505 net.cpp:261] This network produces output h_pseudoloss
I0924 01:18:48.589644  3505 net.cpp:274] Network initialization done.
I0924 01:18:48.589699  3505 recurrent_layer.cpp:150] Adding parameter 0: W_xc
I0924 01:18:48.589706  3505 recurrent_layer.cpp:150] Adding parameter 1: b_c
I0924 01:18:48.589711  3505 recurrent_layer.cpp:150] Adding parameter 2: W_hc
I0924 01:18:48.589828  3505 net.cpp:141] Setting up lstm1
I0924 01:18:48.589839  3505 net.cpp:148] Top shape: 1 1 1000 (1000)
I0924 01:18:48.589844  3505 net.cpp:156] Memory required for data: 26408
I0924 01:18:48.589859  3505 layer_factory.hpp:77] Creating layer concat
I0924 01:18:48.589874  3505 net.cpp:91] Creating Layer concat
I0924 01:18:48.589880  3505 net.cpp:425] concat <- lstm1
I0924 01:18:48.589887  3505 net.cpp:425] concat <- embedded_input_sentence
I0924 01:18:48.589892  3505 net.cpp:425] concat <- reshaped_stage_indicator
I0924 01:18:48.589900  3505 net.cpp:399] concat -> lstm1_video_sequence
I0924 01:18:48.589944  3505 net.cpp:141] Setting up concat
I0924 01:18:48.589959  3505 net.cpp:148] Top shape: 1 1 1501 (1501)
I0924 01:18:48.589967  3505 net.cpp:156] Memory required for data: 32412
I0924 01:18:48.589974  3505 layer_factory.hpp:77] Creating layer lstm2
I0924 01:18:48.589993  3505 net.cpp:91] Creating Layer lstm2
I0924 01:18:48.590001  3505 net.cpp:425] lstm2 <- lstm1_video_sequence
I0924 01:18:48.590010  3505 net.cpp:425] lstm2 <- cont_sentence_input_1_split_1
I0924 01:18:48.590024  3505 net.cpp:399] lstm2 -> lstm2
I0924 01:18:48.590040  3505 recurrent_layer.cpp:20] Initializing recurrent layer: assuming input batch contains 1 timesteps of 1 independent streams.
I0924 01:18:48.590304  3505 net.cpp:49] Initializing net from parameters: 
layer {
  name: "lstm2_"
  type: "Input"
  top: "x"
  top: "cont"
  input_param {
    shape {
      dim: 1
      dim: 1
      dim: 1501
    }
    shape {
      dim: 1
      dim: 1
    }
  }
}
layer {
  name: "lstm2_"
  type: "Input"
  top: "c_0"
  top: "h_0"
  input_param {
    shape {
      dim: 1
      dim: 1
      dim: 1000
    }
    shape {
      dim: 1
      dim: 1
      dim: 1000
    }
  }
}
layer {
  name: "lstm2_cont_slice"
  type: "Slice"
  bottom: "cont"
  top: "cont_1"
  slice_param {
    axis: 0
  }
}
layer {
  name: "lstm2_x_transform"
  type: "InnerProduct"
  bottom: "x"
  top: "W_xc_x"
  param {
    name: "W_xc"
  }
  param {
    name: "b_c"
  }
  propagate_down: true
  inner_product_param {
    num_output: 4000
    bias_term: true
    weight_filler {
      type: "uniform"
      min: -0.08
      max: 0.08
    }
    bias_filler {
      type: "constant"
      value: 0
    }
    axis: 2
  }
}
layer {
  name: "lstm2_W_xc_x_slice"
  type: "Slice"
  bottom: "W_xc_x"
  top: "W_xc_x_1"
  slice_param {
    axis: 0
  }
}
layer {
  name: "lstm2_h_conted_0"
  type: "Scale"
  bottom: "h_0"
  bottom: "cont_1"
  top: "h_conted_0"
  scale_param {
    axis: 0
  }
}
layer {
  name: "lstm2_transform_1"
  type: "InnerProduct"
  bottom: "h_conted_0"
  top: "W_hc_h_0"
  param {
    name: "W_hc"
  }
  inner_product_param {
    num_output: 4000
    bias_term: false
    weight_filler {
      type: "uniform"
      min: -0.08
      max: 0.08
    }
    axis: 2
  }
}
layer {
  name: "lstm2_gate_input_1"
  type: "Eltwise"
  bottom: "W_hc_h_0"
  bottom: "W_xc_x_1"
  top: "gate_input_1"
  eltwise_param {
    operation: SUM
  }
}
layer {
  name: "lstm2_unit_1"
  type: "LSTMUnit"
  bottom: "c_0"
  bottom: "gate_input_1"
  bottom: "cont_1"
  top: "c_1"
  top: "h_1"
}
layer {
  name: "lstm2_"
  type: "Split"
  bottom: "c_1"
  top: "c_T"
}
layer {
  name: "lstm2_h_concat"
  type: "Concat"
  bottom: "h_1"
  top: "h"
  concat_param {
    axis: 0
  }
}
layer {
  name: "h_pseudoloss"
  type: "Reduction"
  bottom: "h"
  top: "h_pseudoloss"
  loss_weight: 1
}
I0924 01:18:48.590389  3505 layer_factory.hpp:77] Creating layer lstm2_
I0924 01:18:48.590402  3505 net.cpp:91] Creating Layer lstm2_
I0924 01:18:48.590409  3505 net.cpp:399] lstm2_ -> x
I0924 01:18:48.590418  3505 net.cpp:399] lstm2_ -> cont
I0924 01:18:48.590479  3505 net.cpp:141] Setting up lstm2_
I0924 01:18:48.590489  3505 net.cpp:148] Top shape: 1 1 1501 (1501)
I0924 01:18:48.590495  3505 net.cpp:148] Top shape: 1 1 (1)
I0924 01:18:48.590500  3505 net.cpp:156] Memory required for data: 6008
I0924 01:18:48.590504  3505 layer_factory.hpp:77] Creating layer lstm2_
I0924 01:18:48.590513  3505 net.cpp:91] Creating Layer lstm2_
I0924 01:18:48.590522  3505 net.cpp:399] lstm2_ -> c_0
I0924 01:18:48.590531  3505 net.cpp:399] lstm2_ -> h_0
I0924 01:18:48.590584  3505 net.cpp:141] Setting up lstm2_
I0924 01:18:48.590591  3505 net.cpp:148] Top shape: 1 1 1000 (1000)
I0924 01:18:48.590616  3505 net.cpp:148] Top shape: 1 1 1000 (1000)
I0924 01:18:48.590621  3505 net.cpp:156] Memory required for data: 14008
I0924 01:18:48.590626  3505 layer_factory.hpp:77] Creating layer lstm2_cont_slice
I0924 01:18:48.590638  3505 net.cpp:91] Creating Layer lstm2_cont_slice
I0924 01:18:48.590643  3505 net.cpp:425] lstm2_cont_slice <- cont
I0924 01:18:48.590651  3505 net.cpp:399] lstm2_cont_slice -> cont_1
I0924 01:18:48.590684  3505 net.cpp:141] Setting up lstm2_cont_slice
I0924 01:18:48.590693  3505 net.cpp:148] Top shape: 1 1 (1)
I0924 01:18:48.590698  3505 net.cpp:156] Memory required for data: 14012
I0924 01:18:48.590703  3505 layer_factory.hpp:77] Creating layer cont_1_lstm2_cont_slice_0_split
I0924 01:18:48.590709  3505 net.cpp:91] Creating Layer cont_1_lstm2_cont_slice_0_split
I0924 01:18:48.590713  3505 net.cpp:425] cont_1_lstm2_cont_slice_0_split <- cont_1
I0924 01:18:48.590723  3505 net.cpp:399] cont_1_lstm2_cont_slice_0_split -> cont_1_lstm2_cont_slice_0_split_0
I0924 01:18:48.590731  3505 net.cpp:399] cont_1_lstm2_cont_slice_0_split -> cont_1_lstm2_cont_slice_0_split_1
I0924 01:18:48.590777  3505 net.cpp:141] Setting up cont_1_lstm2_cont_slice_0_split
I0924 01:18:48.590785  3505 net.cpp:148] Top shape: 1 1 (1)
I0924 01:18:48.590791  3505 net.cpp:148] Top shape: 1 1 (1)
I0924 01:18:48.590795  3505 net.cpp:156] Memory required for data: 14020
I0924 01:18:48.590800  3505 layer_factory.hpp:77] Creating layer lstm2_x_transform
I0924 01:18:48.590816  3505 net.cpp:91] Creating Layer lstm2_x_transform
I0924 01:18:48.590821  3505 net.cpp:425] lstm2_x_transform <- x
I0924 01:18:48.590827  3505 net.cpp:399] lstm2_x_transform -> W_xc_x
I0924 01:18:48.601897  3511 net.cpp:141] Setting up fc7
I0924 01:18:48.601939  3511 net.cpp:148] Top shape: 10 4096 (40960)
I0924 01:18:48.601945  3511 net.cpp:156] Memory required for data: 68273720
I0924 01:18:48.601961  3511 layer_factory.hpp:77] Creating layer relu7
I0924 01:18:48.601979  3511 net.cpp:91] Creating Layer relu7
I0924 01:18:48.601985  3511 net.cpp:425] relu7 <- fc7
I0924 01:18:48.601994  3511 net.cpp:386] relu7 -> fc7 (in-place)
I0924 01:18:48.602576  3511 net.cpp:141] Setting up relu7
I0924 01:18:48.602587  3511 net.cpp:148] Top shape: 10 4096 (40960)
I0924 01:18:48.602592  3511 net.cpp:156] Memory required for data: 68437560
I0924 01:18:48.602608  3511 layer_factory.hpp:77] Creating layer drop7
I0924 01:18:48.602620  3511 net.cpp:91] Creating Layer drop7
I0924 01:18:48.602625  3511 net.cpp:425] drop7 <- fc7
I0924 01:18:48.602638  3511 net.cpp:386] drop7 -> fc7 (in-place)
I0924 01:18:48.602676  3511 net.cpp:141] Setting up drop7
I0924 01:18:48.602685  3511 net.cpp:148] Top shape: 10 4096 (40960)
I0924 01:18:48.602689  3511 net.cpp:156] Memory required for data: 68601400
I0924 01:18:48.602694  3511 layer_factory.hpp:77] Creating layer fc8
I0924 01:18:48.602706  3511 net.cpp:91] Creating Layer fc8
I0924 01:18:48.602711  3511 net.cpp:425] fc8 <- fc7
I0924 01:18:48.602718  3511 net.cpp:399] fc8 -> fc8
I0924 01:18:48.615190  3511 net.cpp:141] Setting up fc8
I0924 01:18:48.615247  3511 net.cpp:148] Top shape: 10 1000 (10000)
I0924 01:18:48.615257  3511 net.cpp:156] Memory required for data: 68641400
I0924 01:18:48.615281  3511 layer_factory.hpp:77] Creating layer prob
I0924 01:18:48.615306  3511 net.cpp:91] Creating Layer prob
I0924 01:18:48.615319  3511 net.cpp:425] prob <- fc8
I0924 01:18:48.615339  3511 net.cpp:399] prob -> prob
I0924 01:18:48.615962  3511 net.cpp:141] Setting up prob
I0924 01:18:48.615980  3511 net.cpp:148] Top shape: 10 1000 (10000)
I0924 01:18:48.615989  3511 net.cpp:156] Memory required for data: 68681400
I0924 01:18:48.615999  3511 net.cpp:219] prob does not need backward computation.
I0924 01:18:48.616008  3511 net.cpp:219] fc8 does not need backward computation.
I0924 01:18:48.616017  3511 net.cpp:219] drop7 does not need backward computation.
I0924 01:18:48.616025  3511 net.cpp:219] relu7 does not need backward computation.
I0924 01:18:48.616034  3511 net.cpp:219] fc7 does not need backward computation.
I0924 01:18:48.616044  3511 net.cpp:219] drop6 does not need backward computation.
I0924 01:18:48.616051  3511 net.cpp:219] relu6 does not need backward computation.
I0924 01:18:48.616060  3511 net.cpp:219] fc6 does not need backward computation.
I0924 01:18:48.616068  3511 net.cpp:219] pool5 does not need backward computation.
I0924 01:18:48.616077  3511 net.cpp:219] relu5 does not need backward computation.
I0924 01:18:48.616086  3511 net.cpp:219] conv5 does not need backward computation.
I0924 01:18:48.616094  3511 net.cpp:219] relu4 does not need backward computation.
I0924 01:18:48.616102  3511 net.cpp:219] conv4 does not need backward computation.
I0924 01:18:48.616111  3511 net.cpp:219] relu3 does not need backward computation.
I0924 01:18:48.616119  3511 net.cpp:219] conv3 does not need backward computation.
I0924 01:18:48.616128  3511 net.cpp:219] norm2 does not need backward computation.
I0924 01:18:48.616137  3511 net.cpp:219] pool2 does not need backward computation.
I0924 01:18:48.616147  3511 net.cpp:219] relu2 does not need backward computation.
I0924 01:18:48.616155  3511 net.cpp:219] conv2 does not need backward computation.
I0924 01:18:48.616163  3511 net.cpp:219] norm1 does not need backward computation.
I0924 01:18:48.616173  3511 net.cpp:219] pool1 does not need backward computation.
I0924 01:18:48.616181  3511 net.cpp:219] relu1 does not need backward computation.
I0924 01:18:48.616190  3511 net.cpp:219] conv1 does not need backward computation.
I0924 01:18:48.616199  3511 net.cpp:219] data does not need backward computation.
I0924 01:18:48.616206  3511 net.cpp:261] This network produces output prob
I0924 01:18:48.616361  3511 net.cpp:274] Network initialization done.
I0924 01:18:48.620424  3501 net.cpp:141] Setting up lstm2_transform_1
I0924 01:18:48.620462  3501 net.cpp:148] Top shape: 1 1 4000 (4000)
I0924 01:18:48.620468  3501 net.cpp:156] Memory required for data: 66020
I0924 01:18:48.620486  3501 layer_factory.hpp:77] Creating layer lstm2_gate_input_1
I0924 01:18:48.620506  3501 net.cpp:91] Creating Layer lstm2_gate_input_1
I0924 01:18:48.620513  3501 net.cpp:425] lstm2_gate_input_1 <- W_hc_h_0
I0924 01:18:48.620520  3501 net.cpp:425] lstm2_gate_input_1 <- W_xc_x_1
I0924 01:18:48.620532  3501 net.cpp:399] lstm2_gate_input_1 -> gate_input_1
I0924 01:18:48.620579  3501 net.cpp:141] Setting up lstm2_gate_input_1
I0924 01:18:48.620592  3501 net.cpp:148] Top shape: 1 1 4000 (4000)
I0924 01:18:48.620596  3501 net.cpp:156] Memory required for data: 82020
I0924 01:18:48.620601  3501 layer_factory.hpp:77] Creating layer lstm2_unit_1
I0924 01:18:48.620610  3501 net.cpp:91] Creating Layer lstm2_unit_1
I0924 01:18:48.620615  3501 net.cpp:425] lstm2_unit_1 <- c_0
I0924 01:18:48.620620  3501 net.cpp:425] lstm2_unit_1 <- gate_input_1
I0924 01:18:48.620626  3501 net.cpp:425] lstm2_unit_1 <- cont_1_lstm2_cont_slice_0_split_1
I0924 01:18:48.620632  3501 net.cpp:399] lstm2_unit_1 -> c_1
I0924 01:18:48.620641  3501 net.cpp:399] lstm2_unit_1 -> h_1
I0924 01:18:48.620705  3501 net.cpp:141] Setting up lstm2_unit_1
I0924 01:18:48.620714  3501 net.cpp:148] Top shape: 1 1 1000 (1000)
I0924 01:18:48.620719  3501 net.cpp:148] Top shape: 1 1 1000 (1000)
I0924 01:18:48.620724  3501 net.cpp:156] Memory required for data: 90020
I0924 01:18:48.620728  3501 layer_factory.hpp:77] Creating layer lstm2_
I0924 01:18:48.620736  3501 net.cpp:91] Creating Layer lstm2_
I0924 01:18:48.620741  3501 net.cpp:425] lstm2_ <- c_1
I0924 01:18:48.620748  3501 net.cpp:399] lstm2_ -> c_T
I0924 01:18:48.620777  3501 net.cpp:141] Setting up lstm2_
I0924 01:18:48.620785  3501 net.cpp:148] Top shape: 1 1 1000 (1000)
I0924 01:18:48.620790  3501 net.cpp:156] Memory required for data: 94020
I0924 01:18:48.620795  3501 layer_factory.hpp:77] Creating layer lstm2_h_concat
I0924 01:18:48.620806  3501 net.cpp:91] Creating Layer lstm2_h_concat
I0924 01:18:48.620811  3501 net.cpp:425] lstm2_h_concat <- h_1
I0924 01:18:48.620820  3501 net.cpp:399] lstm2_h_concat -> h
I0924 01:18:48.620853  3501 net.cpp:141] Setting up lstm2_h_concat
I0924 01:18:48.620862  3501 net.cpp:148] Top shape: 1 1 1000 (1000)
I0924 01:18:48.620865  3501 net.cpp:156] Memory required for data: 98020
I0924 01:18:48.620869  3501 layer_factory.hpp:77] Creating layer h_pseudoloss
I0924 01:18:48.620882  3501 net.cpp:91] Creating Layer h_pseudoloss
I0924 01:18:48.620887  3501 net.cpp:425] h_pseudoloss <- h
I0924 01:18:48.620893  3501 net.cpp:399] h_pseudoloss -> h_pseudoloss
I0924 01:18:48.620985  3501 net.cpp:141] Setting up h_pseudoloss
I0924 01:18:48.620995  3501 net.cpp:148] Top shape: (1)
I0924 01:18:48.620998  3501 net.cpp:151]     with loss weight 1
I0924 01:18:48.621019  3501 net.cpp:156] Memory required for data: 98024
I0924 01:18:48.621023  3501 net.cpp:217] h_pseudoloss needs backward computation.
I0924 01:18:48.621028  3501 net.cpp:217] lstm2_h_concat needs backward computation.
I0924 01:18:48.621033  3501 net.cpp:219] lstm2_ does not need backward computation.
I0924 01:18:48.621037  3501 net.cpp:217] lstm2_unit_1 needs backward computation.
I0924 01:18:48.621042  3501 net.cpp:217] lstm2_gate_input_1 needs backward computation.
I0924 01:18:48.621047  3501 net.cpp:217] lstm2_transform_1 needs backward computation.
I0924 01:18:48.621052  3501 net.cpp:219] lstm2_h_conted_0 does not need backward computation.
I0924 01:18:48.621058  3501 net.cpp:217] lstm2_W_xc_x_slice needs backward computation.
I0924 01:18:48.621062  3501 net.cpp:217] lstm2_x_transform needs backward computation.
I0924 01:18:48.621068  3501 net.cpp:219] cont_1_lstm2_cont_slice_0_split does not need backward computation.
I0924 01:18:48.621073  3501 net.cpp:219] lstm2_cont_slice does not need backward computation.
I0924 01:18:48.621078  3501 net.cpp:219] lstm2_ does not need backward computation.
I0924 01:18:48.621081  3501 net.cpp:219] lstm2_ does not need backward computation.
I0924 01:18:48.621085  3501 net.cpp:261] This network produces output c_T
I0924 01:18:48.621089  3501 net.cpp:261] This network produces output h_pseudoloss
I0924 01:18:48.621106  3501 net.cpp:274] Network initialization done.
I0924 01:18:48.621157  3501 recurrent_layer.cpp:150] Adding parameter 0: W_xc
I0924 01:18:48.621163  3501 recurrent_layer.cpp:150] Adding parameter 1: b_c
I0924 01:18:48.621167  3501 recurrent_layer.cpp:150] Adding parameter 2: W_hc
I0924 01:18:48.621273  3501 net.cpp:141] Setting up lstm2
I0924 01:18:48.621284  3501 net.cpp:148] Top shape: 1 1 1000 (1000)
I0924 01:18:48.621289  3501 net.cpp:156] Memory required for data: 36412
I0924 01:18:48.621302  3501 layer_factory.hpp:77] Creating layer predict
I0924 01:18:48.621315  3501 net.cpp:91] Creating Layer predict
I0924 01:18:48.621321  3501 net.cpp:425] predict <- lstm2
I0924 01:18:48.621330  3501 net.cpp:399] predict -> predict
I0924 01:18:48.708410  3505 net.cpp:141] Setting up lstm2_x_transform
I0924 01:18:48.708468  3505 net.cpp:148] Top shape: 1 1 4000 (4000)
I0924 01:18:48.708477  3505 net.cpp:156] Memory required for data: 30020
I0924 01:18:48.708504  3505 layer_factory.hpp:77] Creating layer lstm2_W_xc_x_slice
I0924 01:18:48.708533  3505 net.cpp:91] Creating Layer lstm2_W_xc_x_slice
I0924 01:18:48.708544  3505 net.cpp:425] lstm2_W_xc_x_slice <- W_xc_x
I0924 01:18:48.708559  3505 net.cpp:399] lstm2_W_xc_x_slice -> W_xc_x_1
I0924 01:18:48.708626  3505 net.cpp:141] Setting up lstm2_W_xc_x_slice
I0924 01:18:48.708642  3505 net.cpp:148] Top shape: 1 1 4000 (4000)
I0924 01:18:48.708648  3505 net.cpp:156] Memory required for data: 46020
I0924 01:18:48.708657  3505 layer_factory.hpp:77] Creating layer lstm2_h_conted_0
I0924 01:18:48.708675  3505 net.cpp:91] Creating Layer lstm2_h_conted_0
I0924 01:18:48.708683  3505 net.cpp:425] lstm2_h_conted_0 <- h_0
I0924 01:18:48.708693  3505 net.cpp:425] lstm2_h_conted_0 <- cont_1_lstm2_cont_slice_0_split_0
I0924 01:18:48.708703  3505 net.cpp:399] lstm2_h_conted_0 -> h_conted_0
I0924 01:18:48.708860  3505 net.cpp:141] Setting up lstm2_h_conted_0
I0924 01:18:48.708878  3505 net.cpp:148] Top shape: 1 1 1000 (1000)
I0924 01:18:48.708885  3505 net.cpp:156] Memory required for data: 50020
I0924 01:18:48.708894  3505 layer_factory.hpp:77] Creating layer lstm2_transform_1
I0924 01:18:48.708916  3505 net.cpp:91] Creating Layer lstm2_transform_1
I0924 01:18:48.708925  3505 net.cpp:425] lstm2_transform_1 <- h_conted_0
I0924 01:18:48.708937  3505 net.cpp:399] lstm2_transform_1 -> W_hc_h_0
I0924 01:18:48.748452  3505 net.cpp:141] Setting up lstm2_transform_1
I0924 01:18:48.748510  3505 net.cpp:148] Top shape: 1 1 4000 (4000)
I0924 01:18:48.748519  3505 net.cpp:156] Memory required for data: 66020
I0924 01:18:48.748545  3505 layer_factory.hpp:77] Creating layer lstm2_gate_input_1
I0924 01:18:48.748572  3505 net.cpp:91] Creating Layer lstm2_gate_input_1
I0924 01:18:48.748584  3505 net.cpp:425] lstm2_gate_input_1 <- W_hc_h_0
I0924 01:18:48.748595  3505 net.cpp:425] lstm2_gate_input_1 <- W_xc_x_1
I0924 01:18:48.748611  3505 net.cpp:399] lstm2_gate_input_1 -> gate_input_1
I0924 01:18:48.748677  3505 net.cpp:141] Setting up lstm2_gate_input_1
I0924 01:18:48.748693  3505 net.cpp:148] Top shape: 1 1 4000 (4000)
I0924 01:18:48.748702  3505 net.cpp:156] Memory required for data: 82020
I0924 01:18:48.748709  3505 layer_factory.hpp:77] Creating layer lstm2_unit_1
I0924 01:18:48.748728  3505 net.cpp:91] Creating Layer lstm2_unit_1
I0924 01:18:48.748736  3505 net.cpp:425] lstm2_unit_1 <- c_0
I0924 01:18:48.748745  3505 net.cpp:425] lstm2_unit_1 <- gate_input_1
I0924 01:18:48.748754  3505 net.cpp:425] lstm2_unit_1 <- cont_1_lstm2_cont_slice_0_split_1
I0924 01:18:48.748764  3505 net.cpp:399] lstm2_unit_1 -> c_1
I0924 01:18:48.748777  3505 net.cpp:399] lstm2_unit_1 -> h_1
I0924 01:18:48.748888  3505 net.cpp:141] Setting up lstm2_unit_1
I0924 01:18:48.748904  3505 net.cpp:148] Top shape: 1 1 1000 (1000)
I0924 01:18:48.748914  3505 net.cpp:148] Top shape: 1 1 1000 (1000)
I0924 01:18:48.748922  3505 net.cpp:156] Memory required for data: 90020
I0924 01:18:48.748930  3505 layer_factory.hpp:77] Creating layer lstm2_
I0924 01:18:48.748944  3505 net.cpp:91] Creating Layer lstm2_
I0924 01:18:48.748953  3505 net.cpp:425] lstm2_ <- c_1
I0924 01:18:48.748970  3505 net.cpp:399] lstm2_ -> c_T
I0924 01:18:48.749024  3505 net.cpp:141] Setting up lstm2_
I0924 01:18:48.749040  3505 net.cpp:148] Top shape: 1 1 1000 (1000)
I0924 01:18:48.749050  3505 net.cpp:156] Memory required for data: 94020
I0924 01:18:48.749059  3505 layer_factory.hpp:77] Creating layer lstm2_h_concat
I0924 01:18:48.749075  3505 net.cpp:91] Creating Layer lstm2_h_concat
I0924 01:18:48.749085  3505 net.cpp:425] lstm2_h_concat <- h_1
I0924 01:18:48.749099  3505 net.cpp:399] lstm2_h_concat -> h
I0924 01:18:48.749164  3505 net.cpp:141] Setting up lstm2_h_concat
I0924 01:18:48.749181  3505 net.cpp:148] Top shape: 1 1 1000 (1000)
I0924 01:18:48.749188  3505 net.cpp:156] Memory required for data: 98020
I0924 01:18:48.749197  3505 layer_factory.hpp:77] Creating layer h_pseudoloss
I0924 01:18:48.749212  3505 net.cpp:91] Creating Layer h_pseudoloss
I0924 01:18:48.749222  3505 net.cpp:425] h_pseudoloss <- h
I0924 01:18:48.749234  3505 net.cpp:399] h_pseudoloss -> h_pseudoloss
I0924 01:18:48.749395  3505 net.cpp:141] Setting up h_pseudoloss
I0924 01:18:48.749418  3505 net.cpp:148] Top shape: (1)
I0924 01:18:48.749428  3505 net.cpp:151]     with loss weight 1
I0924 01:18:48.749457  3505 net.cpp:156] Memory required for data: 98024
I0924 01:18:48.749465  3505 net.cpp:217] h_pseudoloss needs backward computation.
I0924 01:18:48.749474  3505 net.cpp:217] lstm2_h_concat needs backward computation.
I0924 01:18:48.749481  3505 net.cpp:219] lstm2_ does not need backward computation.
I0924 01:18:48.749490  3505 net.cpp:217] lstm2_unit_1 needs backward computation.
I0924 01:18:48.749500  3505 net.cpp:217] lstm2_gate_input_1 needs backward computation.
I0924 01:18:48.749510  3505 net.cpp:217] lstm2_transform_1 needs backward computation.
I0924 01:18:48.749517  3505 net.cpp:219] lstm2_h_conted_0 does not need backward computation.
I0924 01:18:48.749526  3505 net.cpp:217] lstm2_W_xc_x_slice needs backward computation.
I0924 01:18:48.749534  3505 net.cpp:217] lstm2_x_transform needs backward computation.
I0924 01:18:48.749542  3505 net.cpp:219] cont_1_lstm2_cont_slice_0_split does not need backward computation.
I0924 01:18:48.749552  3505 net.cpp:219] lstm2_cont_slice does not need backward computation.
I0924 01:18:48.749563  3505 net.cpp:219] lstm2_ does not need backward computation.
I0924 01:18:48.749572  3505 net.cpp:219] lstm2_ does not need backward computation.
I0924 01:18:48.749579  3505 net.cpp:261] This network produces output c_T
I0924 01:18:48.749588  3505 net.cpp:261] This network produces output h_pseudoloss
I0924 01:18:48.749613  3505 net.cpp:274] Network initialization done.
I0924 01:18:48.749686  3505 recurrent_layer.cpp:150] Adding parameter 0: W_xc
I0924 01:18:48.749699  3505 recurrent_layer.cpp:150] Adding parameter 1: b_c
I0924 01:18:48.749708  3505 recurrent_layer.cpp:150] Adding parameter 2: W_hc
I0924 01:18:48.749877  3505 net.cpp:141] Setting up lstm2
I0924 01:18:48.749897  3505 net.cpp:148] Top shape: 1 1 1000 (1000)
I0924 01:18:48.749905  3505 net.cpp:156] Memory required for data: 36412
I0924 01:18:48.749930  3505 layer_factory.hpp:77] Creating layer predict
I0924 01:18:48.749953  3505 net.cpp:91] Creating Layer predict
I0924 01:18:48.749965  3505 net.cpp:425] predict <- lstm2
I0924 01:18:48.749979  3505 net.cpp:399] predict -> predict
I0924 01:18:48.910637  3511 upgrade_proto.cpp:43] Attempting to upgrade input file specified using deprecated transformation parameters: /home/peifeng/work/run/storm102/data/workers/39c1f664-9df6-433a-b365-321874c185a6/tmp/cvld1642261132602082078/bvlc_reference_caffenet.caffemodel
I0924 01:18:48.910678  3511 upgrade_proto.cpp:46] Successfully upgraded file specified using deprecated data transformation parameters.
W0924 01:18:48.910684  3511 upgrade_proto.cpp:48] Note that future Caffe releases will only support transform_param messages for transformation fields.
I0924 01:18:48.910689  3511 upgrade_proto.cpp:52] Attempting to upgrade input file specified using deprecated V1LayerParameter: /home/peifeng/work/run/storm102/data/workers/39c1f664-9df6-433a-b365-321874c185a6/tmp/cvld1642261132602082078/bvlc_reference_caffenet.caffemodel
I0924 01:18:49.071074  3501 net.cpp:141] Setting up predict
I0924 01:18:49.071125  3501 net.cpp:148] Top shape: 1 1 46168 (46168)
I0924 01:18:49.071132  3501 net.cpp:156] Memory required for data: 221084
I0924 01:18:49.071147  3501 layer_factory.hpp:77] Creating layer probs
I0924 01:18:49.071166  3501 net.cpp:91] Creating Layer probs
I0924 01:18:49.071176  3501 net.cpp:425] probs <- predict
I0924 01:18:49.071185  3501 net.cpp:399] probs -> probs
I0924 01:18:49.071945  3501 net.cpp:141] Setting up probs
I0924 01:18:49.071960  3501 net.cpp:148] Top shape: 1 1 46168 (46168)
I0924 01:18:49.071964  3501 net.cpp:156] Memory required for data: 405756
I0924 01:18:49.071970  3501 net.cpp:219] probs does not need backward computation.
I0924 01:18:49.071975  3501 net.cpp:219] predict does not need backward computation.
I0924 01:18:49.071981  3501 net.cpp:219] lstm2 does not need backward computation.
I0924 01:18:49.071987  3501 net.cpp:219] concat does not need backward computation.
I0924 01:18:49.071992  3501 net.cpp:219] lstm1 does not need backward computation.
I0924 01:18:49.072000  3501 net.cpp:219] embedding does not need backward computation.
I0924 01:18:49.072005  3501 net.cpp:219] reshape_stage_indicator does not need backward computation.
I0924 01:18:49.072010  3501 net.cpp:219] reshape_frames does not need backward computation.
I0924 01:18:49.072015  3501 net.cpp:219] embed_encoder does not need backward computation.
I0924 01:18:49.072019  3501 net.cpp:219] cont_sentence_input_1_split does not need backward computation.
I0924 01:18:49.072026  3501 net.cpp:219] input does not need backward computation.
I0924 01:18:49.072028  3501 net.cpp:261] This network produces output probs
I0924 01:18:49.072043  3501 net.cpp:274] Network initialization done.
I0924 01:18:49.184132  3505 net.cpp:141] Setting up predict
I0924 01:18:49.184183  3505 net.cpp:148] Top shape: 1 1 46168 (46168)
I0924 01:18:49.184192  3505 net.cpp:156] Memory required for data: 221084
I0924 01:18:49.184211  3505 layer_factory.hpp:77] Creating layer probs
I0924 01:18:49.184233  3505 net.cpp:91] Creating Layer probs
I0924 01:18:49.184243  3505 net.cpp:425] probs <- predict
I0924 01:18:49.184259  3505 net.cpp:399] probs -> probs
I0924 01:18:49.184960  3505 net.cpp:141] Setting up probs
I0924 01:18:49.184979  3505 net.cpp:148] Top shape: 1 1 46168 (46168)
I0924 01:18:49.184989  3505 net.cpp:156] Memory required for data: 405756
I0924 01:18:49.184999  3505 net.cpp:219] probs does not need backward computation.
I0924 01:18:49.185009  3505 net.cpp:219] predict does not need backward computation.
I0924 01:18:49.185019  3505 net.cpp:219] lstm2 does not need backward computation.
I0924 01:18:49.185029  3505 net.cpp:219] concat does not need backward computation.
I0924 01:18:49.185040  3505 net.cpp:219] lstm1 does not need backward computation.
I0924 01:18:49.185051  3505 net.cpp:219] embedding does not need backward computation.
I0924 01:18:49.185062  3505 net.cpp:219] reshape_stage_indicator does not need backward computation.
I0924 01:18:49.185071  3505 net.cpp:219] reshape_frames does not need backward computation.
I0924 01:18:49.185081  3505 net.cpp:219] embed_encoder does not need backward computation.
I0924 01:18:49.185091  3505 net.cpp:219] cont_sentence_input_1_split does not need backward computation.
I0924 01:18:49.185101  3505 net.cpp:219] input does not need backward computation.
I0924 01:18:49.185111  3505 net.cpp:261] This network produces output probs
I0924 01:18:49.185135  3505 net.cpp:274] Network initialization done.
I0924 01:18:49.276823  3511 upgrade_proto.cpp:60] Successfully upgraded file specified using deprecated V1LayerParameter
I0924 01:18:49.326711  3511 net.cpp:752] Ignoring source layer loss
Loading the model + trained: 10042.2ms
Using cv::Size and some other stuff: 0.184ms
I0924 01:18:49.403786  3501 net.cpp:752] Ignoring source layer data
I0924 01:18:49.403825  3501 net.cpp:752] Ignoring source layer cont_sentence_data_0_split
I0924 01:18:49.403830  3501 net.cpp:752] Ignoring source layer reshape_stg_indicator
I0924 01:18:49.480092  3501 net.cpp:752] Ignoring source layer cross_entropy_loss
I0924 01:18:49.509863  3505 net.cpp:752] Ignoring source layer data
I0924 01:18:49.509902  3505 net.cpp:752] Ignoring source layer cont_sentence_data_0_split
I0924 01:18:49.509907  3505 net.cpp:752] Ignoring source layer reshape_stg_indicator
I0924 01:18:49.592188  3505 net.cpp:752] Ignoring source layer cross_entropy_loss
Loading the mean file: 19159.8ms
TIMERTIMER 304819663
TIMERTIMER 247825601
TIMERTIMER 286323217
TIMERTIMER 238394232
TIMERTIMER 222149272
TIMERTIMER 255595330
TIMERTIMER 227365763
TIMERTIMER 232482485
TIMERTIMER 237123848
TIMERTIMER 237501807
TIMERTIMER 233077438
TIMERTIMER 231202775
TIMERTIMER 248176927
TIMERTIMER 223811992
TIMERTIMER 225425889
TIMERTIMER 233693371
TIMERTIMER 241479762
TIMERTIMER 238812725
TIMERTIMER 237191065
TIMERTIMER 244363302
TIMERTIMER 234530175
TIMERTIMER 241234082
TIMERTIMER 200295954
TIMERTIMER 208422394
TIMERTIMER 220750735
TIMERTIMER 220661667
TIMERTIMER 215207358
TIMERTIMER 222247938
TIMERTIMER 215178325
TIMERTIMER 183832207
TIMERTIMER 214136802
TIMERTIMER 218670825
TIMERTIMER 219637671
TIMERTIMER 207594196
TIMERTIMER 218677146
TIMERTIMER 218140644
TIMERTIMER 224661325
TIMERTIMER 226549231
TIMERTIMER 217570770
TIMERTIMER 225365716
TIMERTIMER 219735644
TIMERTIMER 212574450
TIMERTIMER 211438397
TIMERTIMER 206368206
TIMERTIMER 218625212
TIMERTIMER 206765222
TIMERTIMER 224278718
TIMERTIMER 224558951
TIMERTIMER 207817103
TIMERTIMER 218512963
TIMERTIMER 219535638
TIMERTIMER 236900296
TIMERTIMER 219273688
TIMERTIMER 219832753
TIMERTIMER 195860722
TIMERTIMER 220225983
TIMERTIMER 220099272
TIMERTIMER 236567374
TIMERTIMER 218930057
TIMERTIMER 213919805
TIMERTIMER 220752275
