SLF4J: Class path contains multiple SLF4J bindings.
SLF4J: Found binding in [jar:file:/home/peifeng/tools/storm102/lib/log4j-slf4j-impl-2.1.jar!/org/slf4j/impl/StaticLoggerBinder.class]
SLF4J: Found binding in [jar:file:/home/peifeng/work/run/storm102/data/supervisor/stormdist/captioning-1-1474694731/stormjar.jar!/org/slf4j/impl/StaticLoggerBinder.class]
SLF4J: See http://www.slf4j.org/codes.html#multiple_bindings for an explanation.
SLF4J: Actual binding is of type [org.apache.logging.slf4j.Log4jLoggerFactory]
Java HotSpot(TM) 64-Bit Server VM warning: You have loaded library /home/peifeng/work/run/storm102/data/workers/8135ba74-0242-4df8-8e84-383e9f2cd66c/tmp/cvld1367715099143057366/libopencv_java310.xine1.so which might have disabled stack guard. The VM will try to fix the stack guard now.
It's highly recommended that you fix the library with 'execstack -c <libfile>', or link it with '-z noexecstack'.
WARNING: Logging before InitGoogleLogging() is written to STDERR
I0924 01:26:16.487923  7428 upgrade_proto.cpp:66] Attempting to upgrade input file specified using deprecated input fields: /home/peifeng/work/run/storm102/data/workers/8135ba74-0242-4df8-8e84-383e9f2cd66c/tmp/cvld1367715099143057366/s2vt.words_to_preds.prototxt
I0924 01:26:16.487998  7424 upgrade_proto.cpp:66] Attempting to upgrade input file specified using deprecated input fields: /home/peifeng/work/run/storm102/data/workers/8135ba74-0242-4df8-8e84-383e9f2cd66c/tmp/cvld1367715099143057366/s2vt.words_to_preds.prototxt
I0924 01:26:16.488041  7428 upgrade_proto.cpp:69] Successfully upgraded file specified using deprecated input fields.
W0924 01:26:16.488059  7428 upgrade_proto.cpp:71] Note that future Caffe releases will only support input layers and not input fields.
I0924 01:26:16.488042  7424 upgrade_proto.cpp:69] Successfully upgraded file specified using deprecated input fields.
W0924 01:26:16.488081  7424 upgrade_proto.cpp:71] Note that future Caffe releases will only support input layers and not input fields.
I0924 01:26:16.488231  7434 net.cpp:49] Initializing net from parameters: 
name: "CaffeNet"
state {
  phase: TEST
}
layer {
  name: "data"
  type: "Input"
  top: "data"
  input_param {
    shape {
      dim: 10
      dim: 3
      dim: 227
      dim: 227
    }
  }
}
layer {
  name: "conv1"
  type: "Convolution"
  bottom: "data"
  top: "conv1"
  convolution_param {
    num_output: 96
    kernel_size: 11
    stride: 4
  }
}
layer {
  name: "relu1"
  type: "ReLU"
  bottom: "conv1"
  top: "conv1"
}
layer {
  name: "pool1"
  type: "Pooling"
  bottom: "conv1"
  top: "pool1"
  pooling_param {
    pool: MAX
    kernel_size: 3
    stride: 2
  }
}
layer {
  name: "norm1"
  type: "LRN"
  bottom: "pool1"
  top: "norm1"
  lrn_param {
    local_size: 5
    alpha: 0.0001
    beta: 0.75
  }
}
layer {
  name: "conv2"
  type: "Convolution"
  bottom: "norm1"
  top: "conv2"
  convolution_param {
    num_output: 256
    pad: 2
    kernel_size: 5
    group: 2
  }
}
layer {
  name: "relu2"
  type: "ReLU"
  bottom: "conv2"
  top: "conv2"
}
layer {
  name: "pool2"
  type: "Pooling"
  bottom: "conv2"
  top: "pool2"
  pooling_param {
    pool: MAX
    kernel_size: 3
    stride: 2
  }
}
layer {
  name: "norm2"
  type: "LRN"
  bottom: "pool2"
  top: "norm2"
  lrn_param {
    local_size: 5
    alpha: 0.0001
    beta: 0.75
  }
}
layer {
  name: "conv3"
  type: "Convolution"
  bottom: "norm2"
  top: "conv3"
  convolution_param {
    num_output: 384
    pad: 1
    kernel_size: 3
  }
}
layer {
  name: "relu3"
  type: "ReLU"
  bottom: "conv3"
  top: "conv3"
}
layer {
  name: "conv4"
  type: "Convolution"
  bottom: "conv3"
  top: "conv4"
  convolution_param {
    num_output: 384
    pad: 1
    kernel_size: 3
    group: 2
  }
}
layer {
  name: "relu4"
  type: "ReLU"
  bottom: "conv4"
  top: "conv4"
}
layer {
  name: "conv5"
  type: "Convolution"
  bottom: "conv4"
  top: "conv5"
  convolution_param {
    num_output: 256
    pad: 1
    kernel_size: 3
    group: 2
  }
}
layer {
  name: "relu5"
  type: "ReLU"
  bottom: "conv5"
  top: "conv5"
}
layer {
  name: "pool5"
  type: "Pooling"
  bottom: "conv5"
  top: "pool5"
  pooling_param {
    pool: MAX
    kernel_size: 3
    stride: 2
  }
}
layer {
  name: "fc6"
  type: "InnerProduct"
  bottom: "pool5"
  top: "fc6"
  inner_product_param {
    num_output: 4096
  }
}
layer {
  name: "relu6"
  type: "ReLU"
  bottom: "fc6"
  top: "fc6"
}
layer {
  name: "drop6"
  type: "Dropout"
  bottom: "fc6"
  top: "fc6"
  dropout_param {
    dropout_ratio: 0.5
  }
}
layer {
  name: "fc7"
  type: "InnerProduct"
  bottom: "fc6"
  top: "fc7"
  inner_product_param {
    num_output: 4096
  }
}
layer {
  name: "relu7"
  type: "ReLU"
  bottom: "fc7"
  top: "fc7"
}
layer {
  name: "drop7"
  type: "Dropout"
  bottom: "fc7"
  top: "fc7"
  dropout_param {
    dropout_ratio: 0.5
  }
}
layer {
  name: "fc8"
  type: "InnerProduct"
  bottom: "fc7"
  top: "fc8"
  inner_product_param {
    num_output: 1000
  }
}
layer {
  name: "prob"
  type: "Softmax"
  bottom: "fc8"
  top: "prob"
}
I0924 01:26:16.488363  7434 layer_factory.hpp:77] Creating layer data
I0924 01:26:16.488364  7428 net.cpp:49] Initializing net from parameters: 
name: "s2vt:features_to_lstm"
state {
  phase: TEST
}
layer {
  name: "input"
  type: "Input"
  top: "frames_fc7"
  top: "cont_sentence"
  top: "input_sentence"
  top: "stage_indicator"
  input_param {
    shape {
      dim: 1
      dim: 4096
    }
    shape {
      dim: 1
      dim: 1
    }
    shape {
      dim: 1
      dim: 1
    }
    shape {
      dim: 1
      dim: 1
    }
  }
}
layer {
  name: "embed_encoder"
  type: "InnerProduct"
  bottom: "frames_fc7"
  top: "embedded_in_frames"
  param {
    lr_mult: 1
    decay_mult: 1
  }
  param {
    lr_mult: 2
    decay_mult: 0
  }
  inner_product_param {
    num_output: 500
    weight_filler {
      type: "xavier"
    }
    bias_filler {
      type: "constant"
      value: 0.2
    }
  }
}
layer {
  name: "reshape_frames"
  type: "Reshape"
  bottom: "embedded_in_frames"
  top: "embedded_input_frames"
  reshape_param {
    shape {
      dim: 1
      dim: 1
      dim: 500
    }
  }
}
layer {
  name: "reshape_stage_indicator"
  type: "Reshape"
  bottom: "stage_indicator"
  top: "reshaped_stage_indicator"
  reshape_param {
    shape {
      dim: 1
      dim: 1
      dim: 1
    }
  }
}
layer {
  name: "embedding"
  type: "Embed"
  bottom: "input_sentence"
  top: "embedded_input_sentence"
  param {
    lr_mult: 1
  }
  embed_param {
    num_output: 500
    input_dim: 46168
    bias_term: false
    weight_filler {
      type: "uniform"
      min: -0.08
      max: 0.08
    }
  }
}
layer {
  name: "lstm1"
  type: "LSTM"
  bottom: "embedded_input_frames"
  bottom: "cont_sentence"
  top: "lstm1"
  recurrent_param {
    num_output: 1000
    weight_filler {
      type: "uniform"
      min: -0.08
      max: 0.08
    }
    bias_filler {
      type: "constant"
      value: 0
    }
  }
}
layer {
  name: "concat"
  type: "Concat"
  bottom: "lstm1"
  bottom: "embedded_input_sentence"
  bottom: "reshaped_stage_indicator"
  top: "lstm1_video_sequence"
  concat_param {
    concat_dim: 2
  }
}
layer {
  name: "lstm2"
  type: "LSTM"
  bottom: "lstm1_video_sequence"
  bottom: "cont_sentence"
  top: "lstm2"
  recurrent_param {
    num_output: 1000
    weight_filler {
      type: "uniform"
      min: -0.08
      max: 0.08
    }
    bias_filler {
      type: "constant"
      value: 0
    }
  }
}
layer {
  name: "predict"
  type: "InnerProduct"
  bottom: "lstm2"
  top: "predict"
  param {
    lr_mult: 1
    decay_mult: 1
  }
  param {
    lr_mult: 2
    decay_mult: 0
  }
  inner_product_param {
    num_output: 46168
    weight_filler {
      type: "uniform"
      min: -0.08
      max: 0.08
    }
    bias_filler {
      type: "constant"
      value: 0
    }
    axis: 2
  }
}
layer {
  name: "probs"
  type: "Softmax"
  bottom: "predict"
  top: "probs"
  softmax_param {
    axis: 2
  }
}
I0924 01:26:16.488394  7434 net.cpp:91] Creating Layer data
I0924 01:26:16.488404  7434 net.cpp:399] data -> data
I0924 01:26:16.488453  7424 net.cpp:49] Initializing net from parameters: 
name: "s2vt:features_to_lstm"
state {
  phase: TEST
}
layer {
  name: "input"
  type: "Input"
  top: "frames_fc7"
  top: "cont_sentence"
  top: "input_sentence"
  top: "stage_indicator"
  input_param {
    shape {
      dim: 1
      dim: 4096
    }
    shape {
      dim: 1
      dim: 1
    }
    shape {
      dim: 1
      dim: 1
    }
    shape {
      dim: 1
      dim: 1
    }
  }
}
layer {
  name: "embed_encoder"
  type: "InnerProduct"
  bottom: "frames_fc7"
  top: "embedded_in_frames"
  param {
    lr_mult: 1
    decay_mult: 1
  }
  param {
    lr_mult: 2
    decay_mult: 0
  }
  inner_product_param {
    num_output: 500
    weight_filler {
      type: "xavier"
    }
    bias_filler {
      type: "constant"
      value: 0.2
    }
  }
}
layer {
  name: "reshape_frames"
  type: "Reshape"
  bottom: "embedded_in_frames"
  top: "embedded_input_frames"
  reshape_param {
    shape {
      dim: 1
      dim: 1
      dim: 500
    }
  }
}
layer {
  name: "reshape_stage_indicator"
  type: "Reshape"
  bottom: "stage_indicator"
  top: "reshaped_stage_indicator"
  reshape_param {
    shape {
      dim: 1
      dim: 1
      dim: 1
    }
  }
}
layer {
  name: "embedding"
  type: "Embed"
  bottom: "input_sentence"
  top: "embedded_input_sentence"
  param {
    lr_mult: 1
  }
  embed_param {
    num_output: 500
    input_dim: 46168
    bias_term: false
    weight_filler {
      type: "uniform"
      min: -0.08
      max: 0.08
    }
  }
}
layer {
  name: "lstm1"
  type: "LSTM"
  bottom: "embedded_input_frames"
  bottom: "cont_sentence"
  top: "lstm1"
  recurrent_param {
    num_output: 1000
    weight_filler {
      type: "uniform"
      min: -0.08
      max: 0.08
    }
    bias_filler {
      type: "constant"
      value: 0
    }
  }
}
layer {
  name: "concat"
  type: "Concat"
  bottom: "lstm1"
  bottom: "embedded_input_sentence"
  bottom: "reshaped_stage_indicator"
  top: "lstm1_video_sequence"
  concat_param {
    concat_dim: 2
  }
}
layer {
  name: "lstm2"
  type: "LSTM"
  bottom: "lstm1_video_sequence"
  bottom: "cont_sentence"
  top: "lstm2"
  recurrent_param {
    num_output: 1000
    weight_filler {
      type: "uniform"
      min: -0.08
      max: 0.08
    }
    bias_filler {
      type: "constant"
      value: 0
    }
  }
}
layer {
  name: "predict"
  type: "InnerProduct"
  bottom: "lstm2"
  top: "predict"
  param {
    lr_mult: 1
    decay_mult: 1
  }
  param {
    lr_mult: 2
    decay_mult: 0
  }
  inner_product_param {
    num_output: 46168
    weight_filler {
      type: "uniform"
      min: -0.08
      max: 0.08
    }
    bias_filler {
      type: "constant"
      value: 0
    }
    axis: 2
  }
}
layer {
  name: "probs"
  type: "Softmax"
  bottom: "predict"
  top: "probs"
  softmax_param {
    axis: 2
  }
}
I0924 01:26:16.488519  7428 layer_factory.hpp:77] Creating layer input
I0924 01:26:16.488536  7428 net.cpp:91] Creating Layer input
I0924 01:26:16.488545  7428 net.cpp:399] input -> frames_fc7
I0924 01:26:16.488559  7428 net.cpp:399] input -> cont_sentence
I0924 01:26:16.488584  7428 net.cpp:399] input -> input_sentence
I0924 01:26:16.488590  7424 layer_factory.hpp:77] Creating layer input
I0924 01:26:16.488596  7428 net.cpp:399] input -> stage_indicator
I0924 01:26:16.488611  7424 net.cpp:91] Creating Layer input
I0924 01:26:16.488626  7424 net.cpp:399] input -> frames_fc7
I0924 01:26:16.488647  7424 net.cpp:399] input -> cont_sentence
I0924 01:26:16.488664  7424 net.cpp:399] input -> input_sentence
I0924 01:26:16.488679  7424 net.cpp:399] input -> stage_indicator
I0924 01:26:17.051627  7434 net.cpp:141] Setting up data
I0924 01:26:17.051713  7434 net.cpp:148] Top shape: 10 3 227 227 (1545870)
I0924 01:26:17.051722  7434 net.cpp:156] Memory required for data: 6183480
I0924 01:26:17.051746  7434 layer_factory.hpp:77] Creating layer conv1
I0924 01:26:17.051785  7434 net.cpp:91] Creating Layer conv1
I0924 01:26:17.051796  7434 net.cpp:425] conv1 <- data
I0924 01:26:17.051812  7434 net.cpp:399] conv1 -> conv1
I0924 01:26:17.051872  7424 net.cpp:141] Setting up input
I0924 01:26:17.051892  7424 net.cpp:148] Top shape: 1 4096 (4096)
I0924 01:26:17.051899  7424 net.cpp:148] Top shape: 1 1 (1)
I0924 01:26:17.051905  7424 net.cpp:148] Top shape: 1 1 (1)
I0924 01:26:17.051910  7424 net.cpp:148] Top shape: 1 1 (1)
I0924 01:26:17.051915  7424 net.cpp:156] Memory required for data: 16396
I0924 01:26:17.051923  7424 layer_factory.hpp:77] Creating layer cont_sentence_input_1_split
I0924 01:26:17.051944  7424 net.cpp:91] Creating Layer cont_sentence_input_1_split
I0924 01:26:17.051950  7424 net.cpp:425] cont_sentence_input_1_split <- cont_sentence
I0924 01:26:17.051975  7424 net.cpp:399] cont_sentence_input_1_split -> cont_sentence_input_1_split_0
I0924 01:26:17.051987  7424 net.cpp:399] cont_sentence_input_1_split -> cont_sentence_input_1_split_1
I0924 01:26:17.052176  7428 net.cpp:141] Setting up input
I0924 01:26:17.052227  7424 net.cpp:141] Setting up cont_sentence_input_1_split
I0924 01:26:17.052229  7428 net.cpp:148] Top shape: 1 4096 (4096)
I0924 01:26:17.052242  7424 net.cpp:148] Top shape: 1 1 (1)
I0924 01:26:17.052249  7424 net.cpp:148] Top shape: 1 1 (1)
I0924 01:26:17.052250  7428 net.cpp:148] Top shape: 1 1 (1)
I0924 01:26:17.052255  7424 net.cpp:156] Memory required for data: 16404
I0924 01:26:17.052273  7424 layer_factory.hpp:77] Creating layer embed_encoder
I0924 01:26:17.052271  7428 net.cpp:148] Top shape: 1 1 (1)
I0924 01:26:17.052287  7428 net.cpp:148] Top shape: 1 1 (1)
I0924 01:26:17.052297  7428 net.cpp:156] Memory required for data: 16396
I0924 01:26:17.052299  7424 net.cpp:91] Creating Layer embed_encoder
I0924 01:26:17.052317  7424 net.cpp:425] embed_encoder <- frames_fc7
I0924 01:26:17.052317  7428 layer_factory.hpp:77] Creating layer cont_sentence_input_1_split
I0924 01:26:17.052328  7424 net.cpp:399] embed_encoder -> embedded_in_frames
I0924 01:26:17.052347  7428 net.cpp:91] Creating Layer cont_sentence_input_1_split
I0924 01:26:17.052361  7428 net.cpp:425] cont_sentence_input_1_split <- cont_sentence
I0924 01:26:17.052397  7428 net.cpp:399] cont_sentence_input_1_split -> cont_sentence_input_1_split_0
I0924 01:26:17.052423  7428 net.cpp:399] cont_sentence_input_1_split -> cont_sentence_input_1_split_1
I0924 01:26:17.057107  7428 net.cpp:141] Setting up cont_sentence_input_1_split
I0924 01:26:17.057149  7428 net.cpp:148] Top shape: 1 1 (1)
I0924 01:26:17.057163  7428 net.cpp:148] Top shape: 1 1 (1)
I0924 01:26:17.057171  7428 net.cpp:156] Memory required for data: 16404
I0924 01:26:17.057181  7428 layer_factory.hpp:77] Creating layer embed_encoder
I0924 01:26:17.057206  7428 net.cpp:91] Creating Layer embed_encoder
I0924 01:26:17.057219  7428 net.cpp:425] embed_encoder <- frames_fc7
I0924 01:26:17.057250  7428 net.cpp:399] embed_encoder -> embedded_in_frames
I0924 01:26:17.078483  7424 net.cpp:141] Setting up embed_encoder
I0924 01:26:17.078536  7424 net.cpp:148] Top shape: 1 500 (500)
I0924 01:26:17.078544  7424 net.cpp:156] Memory required for data: 18404
I0924 01:26:17.078574  7424 layer_factory.hpp:77] Creating layer reshape_frames
I0924 01:26:17.078619  7424 net.cpp:91] Creating Layer reshape_frames
I0924 01:26:17.078629  7424 net.cpp:425] reshape_frames <- embedded_in_frames
I0924 01:26:17.078642  7424 net.cpp:399] reshape_frames -> embedded_input_frames
I0924 01:26:17.078719  7424 net.cpp:141] Setting up reshape_frames
I0924 01:26:17.078732  7424 net.cpp:148] Top shape: 1 1 500 (500)
I0924 01:26:17.078735  7424 net.cpp:156] Memory required for data: 20404
I0924 01:26:17.078742  7424 layer_factory.hpp:77] Creating layer reshape_stage_indicator
I0924 01:26:17.078755  7424 net.cpp:91] Creating Layer reshape_stage_indicator
I0924 01:26:17.078761  7424 net.cpp:425] reshape_stage_indicator <- stage_indicator
I0924 01:26:17.078770  7424 net.cpp:399] reshape_stage_indicator -> reshaped_stage_indicator
I0924 01:26:17.083787  7424 net.cpp:141] Setting up reshape_stage_indicator
I0924 01:26:17.083822  7424 net.cpp:148] Top shape: 1 1 1 (1)
I0924 01:26:17.083827  7424 net.cpp:156] Memory required for data: 20408
I0924 01:26:17.083834  7424 layer_factory.hpp:77] Creating layer embedding
I0924 01:26:17.083859  7424 net.cpp:91] Creating Layer embedding
I0924 01:26:17.083866  7424 net.cpp:425] embedding <- input_sentence
I0924 01:26:17.083878  7424 net.cpp:399] embedding -> embedded_input_sentence
I0924 01:26:17.083956  7428 net.cpp:141] Setting up embed_encoder
I0924 01:26:17.083991  7428 net.cpp:148] Top shape: 1 500 (500)
I0924 01:26:17.083997  7428 net.cpp:156] Memory required for data: 18404
I0924 01:26:17.084028  7428 layer_factory.hpp:77] Creating layer reshape_frames
I0924 01:26:17.084048  7428 net.cpp:91] Creating Layer reshape_frames
I0924 01:26:17.084058  7428 net.cpp:425] reshape_frames <- embedded_in_frames
I0924 01:26:17.084079  7428 net.cpp:399] reshape_frames -> embedded_input_frames
I0924 01:26:17.126543  7428 net.cpp:141] Setting up reshape_frames
I0924 01:26:17.126610  7428 net.cpp:148] Top shape: 1 1 500 (500)
I0924 01:26:17.126618  7428 net.cpp:156] Memory required for data: 20404
I0924 01:26:17.126628  7428 layer_factory.hpp:77] Creating layer reshape_stage_indicator
I0924 01:26:17.126685  7428 net.cpp:91] Creating Layer reshape_stage_indicator
I0924 01:26:17.126698  7428 net.cpp:425] reshape_stage_indicator <- stage_indicator
I0924 01:26:17.126711  7428 net.cpp:399] reshape_stage_indicator -> reshaped_stage_indicator
I0924 01:26:17.137140  7428 net.cpp:141] Setting up reshape_stage_indicator
I0924 01:26:17.137164  7428 net.cpp:148] Top shape: 1 1 1 (1)
I0924 01:26:17.137171  7428 net.cpp:156] Memory required for data: 20408
I0924 01:26:17.137177  7428 layer_factory.hpp:77] Creating layer embedding
I0924 01:26:17.137212  7428 net.cpp:91] Creating Layer embedding
I0924 01:26:17.137220  7428 net.cpp:425] embedding <- input_sentence
I0924 01:26:17.137230  7428 net.cpp:399] embedding -> embedded_input_sentence
I0924 01:26:17.305745  7424 net.cpp:141] Setting up embedding
I0924 01:26:17.305799  7424 net.cpp:148] Top shape: 1 1 500 (500)
I0924 01:26:17.305806  7424 net.cpp:156] Memory required for data: 22408
I0924 01:26:17.305830  7424 layer_factory.hpp:77] Creating layer lstm1
I0924 01:26:17.305858  7424 net.cpp:91] Creating Layer lstm1
I0924 01:26:17.305866  7424 net.cpp:425] lstm1 <- embedded_input_frames
I0924 01:26:17.305876  7424 net.cpp:425] lstm1 <- cont_sentence_input_1_split_0
I0924 01:26:17.305888  7424 net.cpp:399] lstm1 -> lstm1
I0924 01:26:17.305930  7424 recurrent_layer.cpp:20] Initializing recurrent layer: assuming input batch contains 1 timesteps of 1 independent streams.
I0924 01:26:17.306354  7424 net.cpp:49] Initializing net from parameters: 
layer {
  name: "lstm1_"
  type: "Input"
  top: "x"
  top: "cont"
  input_param {
    shape {
      dim: 1
      dim: 1
      dim: 500
    }
    shape {
      dim: 1
      dim: 1
    }
  }
}
layer {
  name: "lstm1_"
  type: "Input"
  top: "c_0"
  top: "h_0"
  input_param {
    shape {
      dim: 1
      dim: 1
      dim: 1000
    }
    shape {
      dim: 1
      dim: 1
      dim: 1000
    }
  }
}
layer {
  name: "lstm1_cont_slice"
  type: "Slice"
  bottom: "cont"
  top: "cont_1"
  slice_param {
    axis: 0
  }
}
layer {
  name: "lstm1_x_transform"
  type: "InnerProduct"
  bottom: "x"
  top: "W_xc_x"
  param {
    name: "W_xc"
  }
  param {
    name: "b_c"
  }
  propagate_down: true
  inner_product_param {
    num_output: 4000
    bias_term: true
    weight_filler {
      type: "uniform"
      min: -0.08
      max: 0.08
    }
    bias_filler {
      type: "constant"
      value: 0
    }
    axis: 2
  }
}
layer {
  name: "lstm1_W_xc_x_slice"
  type: "Slice"
  bottom: "W_xc_x"
  top: "W_xc_x_1"
  slice_param {
    axis: 0
  }
}
layer {
  name: "lstm1_h_conted_0"
  type: "Scale"
  bottom: "h_0"
  bottom: "cont_1"
  top: "h_conted_0"
  scale_param {
    axis: 0
  }
}
layer {
  name: "lstm1_transform_1"
  type: "InnerProduct"
  bottom: "h_conted_0"
  top: "W_hc_h_0"
  param {
    name: "W_hc"
  }
  inner_product_param {
    num_output: 4000
    bias_term: false
    weight_filler {
      type: "uniform"
      min: -0.08
      max: 0.08
    }
    axis: 2
  }
}
layer {
  name: "lstm1_gate_input_1"
  type: "Eltwise"
  bottom: "W_hc_h_0"
  bottom: "W_xc_x_1"
  top: "gate_input_1"
  eltwise_param {
    operation: SUM
  }
}
layer {
  name: "lstm1_unit_1"
  type: "LSTMUnit"
  bottom: "c_0"
  bottom: "gate_input_1"
  bottom: "cont_1"
  top: "c_1"
  top: "h_1"
}
layer {
  name: "lstm1_"
  type: "Split"
  bottom: "c_1"
  top: "c_T"
}
layer {
  name: "lstm1_h_concat"
  type: "Concat"
  bottom: "h_1"
  top: "h"
  concat_param {
    axis: 0
  }
}
layer {
  name: "h_pseudoloss"
  type: "Reduction"
  bottom: "h"
  top: "h_pseudoloss"
  loss_weight: 1
}
I0924 01:26:17.306454  7424 layer_factory.hpp:77] Creating layer lstm1_
I0924 01:26:17.306468  7424 net.cpp:91] Creating Layer lstm1_
I0924 01:26:17.306474  7424 net.cpp:399] lstm1_ -> x
I0924 01:26:17.306486  7424 net.cpp:399] lstm1_ -> cont
I0924 01:26:17.309355  7424 net.cpp:141] Setting up lstm1_
I0924 01:26:17.309373  7424 net.cpp:148] Top shape: 1 1 500 (500)
I0924 01:26:17.309381  7424 net.cpp:148] Top shape: 1 1 (1)
I0924 01:26:17.309384  7424 net.cpp:156] Memory required for data: 2004
I0924 01:26:17.309391  7424 layer_factory.hpp:77] Creating layer lstm1_
I0924 01:26:17.309401  7424 net.cpp:91] Creating Layer lstm1_
I0924 01:26:17.309411  7424 net.cpp:399] lstm1_ -> c_0
I0924 01:26:17.309422  7424 net.cpp:399] lstm1_ -> h_0
I0924 01:26:17.310572  7424 net.cpp:141] Setting up lstm1_
I0924 01:26:17.310590  7424 net.cpp:148] Top shape: 1 1 1000 (1000)
I0924 01:26:17.310608  7424 net.cpp:148] Top shape: 1 1 1000 (1000)
I0924 01:26:17.310613  7424 net.cpp:156] Memory required for data: 10004
I0924 01:26:17.310618  7424 layer_factory.hpp:77] Creating layer lstm1_cont_slice
I0924 01:26:17.310631  7424 net.cpp:91] Creating Layer lstm1_cont_slice
I0924 01:26:17.310636  7424 net.cpp:425] lstm1_cont_slice <- cont
I0924 01:26:17.310643  7424 net.cpp:399] lstm1_cont_slice -> cont_1
I0924 01:26:17.310770  7424 net.cpp:141] Setting up lstm1_cont_slice
I0924 01:26:17.310781  7424 net.cpp:148] Top shape: 1 1 (1)
I0924 01:26:17.310786  7424 net.cpp:156] Memory required for data: 10008
I0924 01:26:17.310791  7424 layer_factory.hpp:77] Creating layer cont_1_lstm1_cont_slice_0_split
I0924 01:26:17.310802  7424 net.cpp:91] Creating Layer cont_1_lstm1_cont_slice_0_split
I0924 01:26:17.310807  7424 net.cpp:425] cont_1_lstm1_cont_slice_0_split <- cont_1
I0924 01:26:17.310814  7424 net.cpp:399] cont_1_lstm1_cont_slice_0_split -> cont_1_lstm1_cont_slice_0_split_0
I0924 01:26:17.310822  7424 net.cpp:399] cont_1_lstm1_cont_slice_0_split -> cont_1_lstm1_cont_slice_0_split_1
I0924 01:26:17.318701  7424 net.cpp:141] Setting up cont_1_lstm1_cont_slice_0_split
I0924 01:26:17.318722  7424 net.cpp:148] Top shape: 1 1 (1)
I0924 01:26:17.318728  7424 net.cpp:148] Top shape: 1 1 (1)
I0924 01:26:17.318733  7424 net.cpp:156] Memory required for data: 10016
I0924 01:26:17.318739  7424 layer_factory.hpp:77] Creating layer lstm1_x_transform
I0924 01:26:17.318756  7424 net.cpp:91] Creating Layer lstm1_x_transform
I0924 01:26:17.318763  7424 net.cpp:425] lstm1_x_transform <- x
I0924 01:26:17.318775  7424 net.cpp:399] lstm1_x_transform -> W_xc_x
I0924 01:26:17.340903  7424 net.cpp:141] Setting up lstm1_x_transform
I0924 01:26:17.340965  7424 net.cpp:148] Top shape: 1 1 4000 (4000)
I0924 01:26:17.340975  7424 net.cpp:156] Memory required for data: 26016
I0924 01:26:17.341006  7424 layer_factory.hpp:77] Creating layer lstm1_W_xc_x_slice
I0924 01:26:17.341034  7424 net.cpp:91] Creating Layer lstm1_W_xc_x_slice
I0924 01:26:17.341044  7424 net.cpp:425] lstm1_W_xc_x_slice <- W_xc_x
I0924 01:26:17.341059  7424 net.cpp:399] lstm1_W_xc_x_slice -> W_xc_x_1
I0924 01:26:17.342453  7424 net.cpp:141] Setting up lstm1_W_xc_x_slice
I0924 01:26:17.342475  7424 net.cpp:148] Top shape: 1 1 4000 (4000)
I0924 01:26:17.342483  7424 net.cpp:156] Memory required for data: 42016
I0924 01:26:17.342492  7424 layer_factory.hpp:77] Creating layer lstm1_h_conted_0
I0924 01:26:17.342512  7424 net.cpp:91] Creating Layer lstm1_h_conted_0
I0924 01:26:17.342522  7424 net.cpp:425] lstm1_h_conted_0 <- h_0
I0924 01:26:17.342532  7424 net.cpp:425] lstm1_h_conted_0 <- cont_1_lstm1_cont_slice_0_split_0
I0924 01:26:17.342545  7424 net.cpp:399] lstm1_h_conted_0 -> h_conted_0
I0924 01:26:17.347146  7424 net.cpp:141] Setting up lstm1_h_conted_0
I0924 01:26:17.347168  7424 net.cpp:148] Top shape: 1 1 1000 (1000)
I0924 01:26:17.347177  7424 net.cpp:156] Memory required for data: 46016
I0924 01:26:17.347184  7424 layer_factory.hpp:77] Creating layer lstm1_transform_1
I0924 01:26:17.347206  7424 net.cpp:91] Creating Layer lstm1_transform_1
I0924 01:26:17.347215  7424 net.cpp:425] lstm1_transform_1 <- h_conted_0
I0924 01:26:17.347229  7424 net.cpp:399] lstm1_transform_1 -> W_hc_h_0
I0924 01:26:17.359582  7434 net.cpp:141] Setting up conv1
I0924 01:26:17.359634  7434 net.cpp:148] Top shape: 10 96 55 55 (2904000)
I0924 01:26:17.359642  7434 net.cpp:156] Memory required for data: 17799480
I0924 01:26:17.359665  7434 layer_factory.hpp:77] Creating layer relu1
I0924 01:26:17.359685  7434 net.cpp:91] Creating Layer relu1
I0924 01:26:17.359693  7434 net.cpp:425] relu1 <- conv1
I0924 01:26:17.359702  7434 net.cpp:386] relu1 -> conv1 (in-place)
I0924 01:26:17.360144  7434 net.cpp:141] Setting up relu1
I0924 01:26:17.360160  7434 net.cpp:148] Top shape: 10 96 55 55 (2904000)
I0924 01:26:17.360167  7434 net.cpp:156] Memory required for data: 29415480
I0924 01:26:17.360173  7434 layer_factory.hpp:77] Creating layer pool1
I0924 01:26:17.360188  7434 net.cpp:91] Creating Layer pool1
I0924 01:26:17.360193  7434 net.cpp:425] pool1 <- conv1
I0924 01:26:17.360203  7434 net.cpp:399] pool1 -> pool1
I0924 01:26:17.360287  7434 net.cpp:141] Setting up pool1
I0924 01:26:17.360299  7434 net.cpp:148] Top shape: 10 96 27 27 (699840)
I0924 01:26:17.360306  7434 net.cpp:156] Memory required for data: 32214840
I0924 01:26:17.360311  7434 layer_factory.hpp:77] Creating layer norm1
I0924 01:26:17.360330  7434 net.cpp:91] Creating Layer norm1
I0924 01:26:17.360337  7434 net.cpp:425] norm1 <- pool1
I0924 01:26:17.360345  7434 net.cpp:399] norm1 -> norm1
I0924 01:26:17.360637  7434 net.cpp:141] Setting up norm1
I0924 01:26:17.360651  7434 net.cpp:148] Top shape: 10 96 27 27 (699840)
I0924 01:26:17.360657  7434 net.cpp:156] Memory required for data: 35014200
I0924 01:26:17.360663  7434 layer_factory.hpp:77] Creating layer conv2
I0924 01:26:17.360679  7434 net.cpp:91] Creating Layer conv2
I0924 01:26:17.360687  7434 net.cpp:425] conv2 <- norm1
I0924 01:26:17.360695  7434 net.cpp:399] conv2 -> conv2
I0924 01:26:17.364290  7434 net.cpp:141] Setting up conv2
I0924 01:26:17.364313  7434 net.cpp:148] Top shape: 10 256 27 27 (1866240)
I0924 01:26:17.364323  7434 net.cpp:156] Memory required for data: 42479160
I0924 01:26:17.364338  7434 layer_factory.hpp:77] Creating layer relu2
I0924 01:26:17.364349  7434 net.cpp:91] Creating Layer relu2
I0924 01:26:17.364356  7434 net.cpp:425] relu2 <- conv2
I0924 01:26:17.364363  7434 net.cpp:386] relu2 -> conv2 (in-place)
I0924 01:26:17.364804  7434 net.cpp:141] Setting up relu2
I0924 01:26:17.364820  7434 net.cpp:148] Top shape: 10 256 27 27 (1866240)
I0924 01:26:17.364825  7434 net.cpp:156] Memory required for data: 49944120
I0924 01:26:17.364831  7434 layer_factory.hpp:77] Creating layer pool2
I0924 01:26:17.364841  7434 net.cpp:91] Creating Layer pool2
I0924 01:26:17.364847  7434 net.cpp:425] pool2 <- conv2
I0924 01:26:17.364856  7434 net.cpp:399] pool2 -> pool2
I0924 01:26:17.364923  7434 net.cpp:141] Setting up pool2
I0924 01:26:17.364933  7434 net.cpp:148] Top shape: 10 256 13 13 (432640)
I0924 01:26:17.364938  7434 net.cpp:156] Memory required for data: 51674680
I0924 01:26:17.364944  7434 layer_factory.hpp:77] Creating layer norm2
I0924 01:26:17.364959  7434 net.cpp:91] Creating Layer norm2
I0924 01:26:17.364965  7434 net.cpp:425] norm2 <- pool2
I0924 01:26:17.364975  7434 net.cpp:399] norm2 -> norm2
I0924 01:26:17.365272  7434 net.cpp:141] Setting up norm2
I0924 01:26:17.365284  7434 net.cpp:148] Top shape: 10 256 13 13 (432640)
I0924 01:26:17.365290  7434 net.cpp:156] Memory required for data: 53405240
I0924 01:26:17.365296  7434 layer_factory.hpp:77] Creating layer conv3
I0924 01:26:17.365311  7434 net.cpp:91] Creating Layer conv3
I0924 01:26:17.365319  7434 net.cpp:425] conv3 <- norm2
I0924 01:26:17.365326  7434 net.cpp:399] conv3 -> conv3
I0924 01:26:17.369283  7434 net.cpp:141] Setting up conv3
I0924 01:26:17.369307  7434 net.cpp:148] Top shape: 10 384 13 13 (648960)
I0924 01:26:17.369313  7434 net.cpp:156] Memory required for data: 56001080
I0924 01:26:17.369329  7434 layer_factory.hpp:77] Creating layer relu3
I0924 01:26:17.369344  7434 net.cpp:91] Creating Layer relu3
I0924 01:26:17.369351  7434 net.cpp:425] relu3 <- conv3
I0924 01:26:17.369359  7434 net.cpp:386] relu3 -> conv3 (in-place)
I0924 01:26:17.369618  7434 net.cpp:141] Setting up relu3
I0924 01:26:17.369632  7434 net.cpp:148] Top shape: 10 384 13 13 (648960)
I0924 01:26:17.369637  7434 net.cpp:156] Memory required for data: 58596920
I0924 01:26:17.369643  7434 layer_factory.hpp:77] Creating layer conv4
I0924 01:26:17.369658  7434 net.cpp:91] Creating Layer conv4
I0924 01:26:17.369665  7434 net.cpp:425] conv4 <- conv3
I0924 01:26:17.369674  7434 net.cpp:399] conv4 -> conv4
I0924 01:26:17.374140  7434 net.cpp:141] Setting up conv4
I0924 01:26:17.374164  7434 net.cpp:148] Top shape: 10 384 13 13 (648960)
I0924 01:26:17.374171  7434 net.cpp:156] Memory required for data: 61192760
I0924 01:26:17.374181  7434 layer_factory.hpp:77] Creating layer relu4
I0924 01:26:17.374199  7434 net.cpp:91] Creating Layer relu4
I0924 01:26:17.374205  7434 net.cpp:425] relu4 <- conv4
I0924 01:26:17.374217  7434 net.cpp:386] relu4 -> conv4 (in-place)
I0924 01:26:17.374665  7434 net.cpp:141] Setting up relu4
I0924 01:26:17.374681  7434 net.cpp:148] Top shape: 10 384 13 13 (648960)
I0924 01:26:17.374687  7434 net.cpp:156] Memory required for data: 63788600
I0924 01:26:17.374693  7434 layer_factory.hpp:77] Creating layer conv5
I0924 01:26:17.374708  7434 net.cpp:91] Creating Layer conv5
I0924 01:26:17.374716  7434 net.cpp:425] conv5 <- conv4
I0924 01:26:17.374723  7434 net.cpp:399] conv5 -> conv5
I0924 01:26:17.378677  7434 net.cpp:141] Setting up conv5
I0924 01:26:17.378712  7434 net.cpp:148] Top shape: 10 256 13 13 (432640)
I0924 01:26:17.378720  7434 net.cpp:156] Memory required for data: 65519160
I0924 01:26:17.378741  7434 layer_factory.hpp:77] Creating layer relu5
I0924 01:26:17.378756  7434 net.cpp:91] Creating Layer relu5
I0924 01:26:17.378762  7434 net.cpp:425] relu5 <- conv5
I0924 01:26:17.378770  7434 net.cpp:386] relu5 -> conv5 (in-place)
I0924 01:26:17.379217  7434 net.cpp:141] Setting up relu5
I0924 01:26:17.379235  7434 net.cpp:148] Top shape: 10 256 13 13 (432640)
I0924 01:26:17.379241  7434 net.cpp:156] Memory required for data: 67249720
I0924 01:26:17.379247  7434 layer_factory.hpp:77] Creating layer pool5
I0924 01:26:17.379261  7434 net.cpp:91] Creating Layer pool5
I0924 01:26:17.379266  7434 net.cpp:425] pool5 <- conv5
I0924 01:26:17.379274  7434 net.cpp:399] pool5 -> pool5
I0924 01:26:17.379351  7434 net.cpp:141] Setting up pool5
I0924 01:26:17.379362  7434 net.cpp:148] Top shape: 10 256 6 6 (92160)
I0924 01:26:17.379369  7434 net.cpp:156] Memory required for data: 67618360
I0924 01:26:17.379374  7434 layer_factory.hpp:77] Creating layer fc6
I0924 01:26:17.379393  7434 net.cpp:91] Creating Layer fc6
I0924 01:26:17.379400  7434 net.cpp:425] fc6 <- pool5
I0924 01:26:17.379412  7434 net.cpp:399] fc6 -> fc6
I0924 01:26:17.452708  7428 net.cpp:141] Setting up embedding
I0924 01:26:17.452764  7428 net.cpp:148] Top shape: 1 1 500 (500)
I0924 01:26:17.452771  7428 net.cpp:156] Memory required for data: 22408
I0924 01:26:17.452769  7424 net.cpp:141] Setting up lstm1_transform_1
I0924 01:26:17.452806  7428 layer_factory.hpp:77] Creating layer lstm1
I0924 01:26:17.452812  7424 net.cpp:148] Top shape: 1 1 4000 (4000)
I0924 01:26:17.452818  7424 net.cpp:156] Memory required for data: 62016
I0924 01:26:17.452841  7424 layer_factory.hpp:77] Creating layer lstm1_gate_input_1
I0924 01:26:17.452841  7428 net.cpp:91] Creating Layer lstm1
I0924 01:26:17.452853  7428 net.cpp:425] lstm1 <- embedded_input_frames
I0924 01:26:17.452863  7428 net.cpp:425] lstm1 <- cont_sentence_input_1_split_0
I0924 01:26:17.452864  7424 net.cpp:91] Creating Layer lstm1_gate_input_1
I0924 01:26:17.452875  7424 net.cpp:425] lstm1_gate_input_1 <- W_hc_h_0
I0924 01:26:17.452884  7424 net.cpp:425] lstm1_gate_input_1 <- W_xc_x_1
I0924 01:26:17.452888  7428 net.cpp:399] lstm1 -> lstm1
I0924 01:26:17.452893  7424 net.cpp:399] lstm1_gate_input_1 -> gate_input_1
I0924 01:26:17.452911  7428 recurrent_layer.cpp:20] Initializing recurrent layer: assuming input batch contains 1 timesteps of 1 independent streams.
I0924 01:26:17.452962  7424 net.cpp:141] Setting up lstm1_gate_input_1
I0924 01:26:17.452973  7424 net.cpp:148] Top shape: 1 1 4000 (4000)
I0924 01:26:17.452978  7424 net.cpp:156] Memory required for data: 78016
I0924 01:26:17.452983  7424 layer_factory.hpp:77] Creating layer lstm1_unit_1
I0924 01:26:17.452997  7424 net.cpp:91] Creating Layer lstm1_unit_1
I0924 01:26:17.453002  7424 net.cpp:425] lstm1_unit_1 <- c_0
I0924 01:26:17.453008  7424 net.cpp:425] lstm1_unit_1 <- gate_input_1
I0924 01:26:17.453014  7424 net.cpp:425] lstm1_unit_1 <- cont_1_lstm1_cont_slice_0_split_1
I0924 01:26:17.453022  7424 net.cpp:399] lstm1_unit_1 -> c_1
I0924 01:26:17.453032  7424 net.cpp:399] lstm1_unit_1 -> h_1
I0924 01:26:17.453102  7424 net.cpp:141] Setting up lstm1_unit_1
I0924 01:26:17.453111  7424 net.cpp:148] Top shape: 1 1 1000 (1000)
I0924 01:26:17.453117  7424 net.cpp:148] Top shape: 1 1 1000 (1000)
I0924 01:26:17.453122  7424 net.cpp:156] Memory required for data: 86016
I0924 01:26:17.453127  7424 layer_factory.hpp:77] Creating layer lstm1_
I0924 01:26:17.453136  7424 net.cpp:91] Creating Layer lstm1_
I0924 01:26:17.453141  7424 net.cpp:425] lstm1_ <- c_1
I0924 01:26:17.453150  7424 net.cpp:399] lstm1_ -> c_T
I0924 01:26:17.453182  7424 net.cpp:141] Setting up lstm1_
I0924 01:26:17.453191  7424 net.cpp:148] Top shape: 1 1 1000 (1000)
I0924 01:26:17.453196  7424 net.cpp:156] Memory required for data: 90016
I0924 01:26:17.453200  7424 layer_factory.hpp:77] Creating layer lstm1_h_concat
I0924 01:26:17.453210  7424 net.cpp:91] Creating Layer lstm1_h_concat
I0924 01:26:17.453215  7424 net.cpp:425] lstm1_h_concat <- h_1
I0924 01:26:17.453222  7424 net.cpp:399] lstm1_h_concat -> h
I0924 01:26:17.453227  7428 net.cpp:49] Initializing net from parameters: 
layer {
  name: "lstm1_"
  type: "Input"
  top: "x"
  top: "cont"
  input_param {
    shape {
      dim: 1
      dim: 1
      dim: 500
    }
    shape {
      dim: 1
      dim: 1
    }
  }
}
layer {
  name: "lstm1_"
  type: "Input"
  top: "c_0"
  top: "h_0"
  input_param {
    shape {
      dim: 1
      dim: 1
      dim: 1000
    }
    shape {
      dim: 1
      dim: 1
      dim: 1000
    }
  }
}
layer {
  name: "lstm1_cont_slice"
  type: "Slice"
  bottom: "cont"
  top: "cont_1"
  slice_param {
    axis: 0
  }
}
layer {
  name: "lstm1_x_transform"
  type: "InnerProduct"
  bottom: "x"
  top: "W_xc_x"
  param {
    name: "W_xc"
  }
  param {
    name: "b_c"
  }
  propagate_down: true
  inner_product_param {
    num_output: 4000
    bias_term: true
    weight_filler {
      type: "uniform"
      min: -0.08
      max: 0.08
    }
    bias_filler {
      type: "constant"
      value: 0
    }
    axis: 2
  }
}
layer {
  name: "lstm1_W_xc_x_slice"
  type: "Slice"
  bottom: "W_xc_x"
  top: "W_xc_x_1"
  slice_param {
    axis: 0
  }
}
layer {
  name: "lstm1_h_conted_0"
  type: "Scale"
  bottom: "h_0"
  bottom: "cont_1"
  top: "h_conted_0"
  scale_param {
    axis: 0
  }
}
layer {
  name: "lstm1_transform_1"
  type: "InnerProduct"
  bottom: "h_conted_0"
  top: "W_hc_h_0"
  param {
    name: "W_hc"
  }
  inner_product_param {
    num_output: 4000
    bias_term: false
    weight_filler {
      type: "uniform"
      min: -0.08
      max: 0.08
    }
    axis: 2
  }
}
layer {
  name: "lstm1_gate_input_1"
  type: "Eltwise"
  bottom: "W_hc_h_0"
  bottom: "W_xc_x_1"
  top: "gate_input_1"
  eltwise_param {
    operation: SUM
  }
}
layer {
  name: "lstm1_unit_1"
  type: "LSTMUnit"
  bottom: "c_0"
  bottom: "gate_input_1"
  bottom: "cont_1"
  top: "c_1"
  top: "h_1"
}
layer {
  name: "lstm1_"
  type: "Split"
  bottom: "c_1"
  top: "c_T"
}
layer {
  name: "lstm1_h_concat"
  type: "Concat"
  bottom: "h_1"
  top: "h"
  concat_param {
    axis: 0
  }
}
layer {
  name: "h_pseudoloss"
  type: "Reduction"
  bottom: "h"
  top: "h_pseudoloss"
  loss_weight: 1
}
I0924 01:26:17.453272  7424 net.cpp:141] Setting up lstm1_h_concat
I0924 01:26:17.453281  7424 net.cpp:148] Top shape: 1 1 1000 (1000)
I0924 01:26:17.453286  7424 net.cpp:156] Memory required for data: 94016
I0924 01:26:17.453291  7424 layer_factory.hpp:77] Creating layer h_pseudoloss
I0924 01:26:17.453307  7424 net.cpp:91] Creating Layer h_pseudoloss
I0924 01:26:17.453313  7424 net.cpp:425] h_pseudoloss <- h
I0924 01:26:17.453320  7424 net.cpp:399] h_pseudoloss -> h_pseudoloss
I0924 01:26:17.453338  7428 layer_factory.hpp:77] Creating layer lstm1_
I0924 01:26:17.453353  7428 net.cpp:91] Creating Layer lstm1_
I0924 01:26:17.453361  7428 net.cpp:399] lstm1_ -> x
I0924 01:26:17.453374  7428 net.cpp:399] lstm1_ -> cont
I0924 01:26:17.453413  7424 net.cpp:141] Setting up h_pseudoloss
I0924 01:26:17.453423  7424 net.cpp:148] Top shape: (1)
I0924 01:26:17.453428  7424 net.cpp:151]     with loss weight 1
I0924 01:26:17.453460  7424 net.cpp:156] Memory required for data: 94020
I0924 01:26:17.453466  7424 net.cpp:217] h_pseudoloss needs backward computation.
I0924 01:26:17.453472  7424 net.cpp:217] lstm1_h_concat needs backward computation.
I0924 01:26:17.453476  7424 net.cpp:219] lstm1_ does not need backward computation.
I0924 01:26:17.453481  7424 net.cpp:217] lstm1_unit_1 needs backward computation.
I0924 01:26:17.453490  7424 net.cpp:217] lstm1_gate_input_1 needs backward computation.
I0924 01:26:17.453496  7424 net.cpp:217] lstm1_transform_1 needs backward computation.
I0924 01:26:17.453495  7428 net.cpp:141] Setting up lstm1_
I0924 01:26:17.453503  7424 net.cpp:219] lstm1_h_conted_0 does not need backward computation.
I0924 01:26:17.453510  7428 net.cpp:148] Top shape: 1 1 500 (500)
I0924 01:26:17.453510  7424 net.cpp:217] lstm1_W_xc_x_slice needs backward computation.
I0924 01:26:17.453524  7428 net.cpp:148] Top shape: 1 1 (1)
I0924 01:26:17.453531  7424 net.cpp:217] lstm1_x_transform needs backward computation.
I0924 01:26:17.453543  7424 net.cpp:219] cont_1_lstm1_cont_slice_0_split does not need backward computation.
I0924 01:26:17.453557  7424 net.cpp:219] lstm1_cont_slice does not need backward computation.
I0924 01:26:17.453531  7428 net.cpp:156] Memory required for data: 2004
I0924 01:26:17.453565  7424 net.cpp:219] lstm1_ does not need backward computation.
I0924 01:26:17.453577  7428 layer_factory.hpp:77] Creating layer lstm1_
I0924 01:26:17.453582  7424 net.cpp:219] lstm1_ does not need backward computation.
I0924 01:26:17.453586  7424 net.cpp:261] This network produces output c_T
I0924 01:26:17.453591  7424 net.cpp:261] This network produces output h_pseudoloss
I0924 01:26:17.453594  7428 net.cpp:91] Creating Layer lstm1_
I0924 01:26:17.453608  7428 net.cpp:399] lstm1_ -> c_0
I0924 01:26:17.453609  7424 net.cpp:274] Network initialization done.
I0924 01:26:17.453634  7428 net.cpp:399] lstm1_ -> h_0
I0924 01:26:17.453686  7424 recurrent_layer.cpp:150] Adding parameter 0: W_xc
I0924 01:26:17.453696  7424 recurrent_layer.cpp:150] Adding parameter 1: b_c
I0924 01:26:17.453701  7424 recurrent_layer.cpp:150] Adding parameter 2: W_hc
I0924 01:26:17.453742  7428 net.cpp:141] Setting up lstm1_
I0924 01:26:17.453766  7428 net.cpp:148] Top shape: 1 1 1000 (1000)
I0924 01:26:17.453780  7428 net.cpp:148] Top shape: 1 1 1000 (1000)
I0924 01:26:17.453788  7428 net.cpp:156] Memory required for data: 10004
I0924 01:26:17.453799  7428 layer_factory.hpp:77] Creating layer lstm1_cont_slice
I0924 01:26:17.453819  7428 net.cpp:91] Creating Layer lstm1_cont_slice
I0924 01:26:17.453830  7428 net.cpp:425] lstm1_cont_slice <- cont
I0924 01:26:17.453841  7428 net.cpp:399] lstm1_cont_slice -> cont_1
I0924 01:26:17.453878  7424 net.cpp:141] Setting up lstm1
I0924 01:26:17.453891  7424 net.cpp:148] Top shape: 1 1 1000 (1000)
I0924 01:26:17.453896  7424 net.cpp:156] Memory required for data: 26408
I0924 01:26:17.453912  7424 layer_factory.hpp:77] Creating layer concat
I0924 01:26:17.453922  7424 net.cpp:91] Creating Layer concat
I0924 01:26:17.453930  7424 net.cpp:425] concat <- lstm1
I0924 01:26:17.453938  7424 net.cpp:425] concat <- embedded_input_sentence
I0924 01:26:17.453945  7424 net.cpp:425] concat <- reshaped_stage_indicator
I0924 01:26:17.453945  7428 net.cpp:141] Setting up lstm1_cont_slice
I0924 01:26:17.453953  7424 net.cpp:399] concat -> lstm1_video_sequence
I0924 01:26:17.453972  7428 net.cpp:148] Top shape: 1 1 (1)
I0924 01:26:17.453982  7428 net.cpp:156] Memory required for data: 10008
I0924 01:26:17.453991  7428 layer_factory.hpp:77] Creating layer cont_1_lstm1_cont_slice_0_split
I0924 01:26:17.454005  7428 net.cpp:91] Creating Layer cont_1_lstm1_cont_slice_0_split
I0924 01:26:17.454013  7428 net.cpp:425] cont_1_lstm1_cont_slice_0_split <- cont_1
I0924 01:26:17.454025  7424 net.cpp:141] Setting up concat
I0924 01:26:17.454031  7428 net.cpp:399] cont_1_lstm1_cont_slice_0_split -> cont_1_lstm1_cont_slice_0_split_0
I0924 01:26:17.454037  7424 net.cpp:148] Top shape: 1 1 1501 (1501)
I0924 01:26:17.454043  7424 net.cpp:156] Memory required for data: 32412
I0924 01:26:17.454048  7424 layer_factory.hpp:77] Creating layer lstm2
I0924 01:26:17.454051  7428 net.cpp:399] cont_1_lstm1_cont_slice_0_split -> cont_1_lstm1_cont_slice_0_split_1
I0924 01:26:17.454062  7424 net.cpp:91] Creating Layer lstm2
I0924 01:26:17.454071  7424 net.cpp:425] lstm2 <- lstm1_video_sequence
I0924 01:26:17.454077  7424 net.cpp:425] lstm2 <- cont_sentence_input_1_split_1
I0924 01:26:17.454084  7424 net.cpp:399] lstm2 -> lstm2
I0924 01:26:17.454097  7424 recurrent_layer.cpp:20] Initializing recurrent layer: assuming input batch contains 1 timesteps of 1 independent streams.
I0924 01:26:17.454169  7428 net.cpp:141] Setting up cont_1_lstm1_cont_slice_0_split
I0924 01:26:17.454190  7428 net.cpp:148] Top shape: 1 1 (1)
I0924 01:26:17.454205  7428 net.cpp:148] Top shape: 1 1 (1)
I0924 01:26:17.454213  7428 net.cpp:156] Memory required for data: 10016
I0924 01:26:17.454223  7428 layer_factory.hpp:77] Creating layer lstm1_x_transform
I0924 01:26:17.454243  7428 net.cpp:91] Creating Layer lstm1_x_transform
I0924 01:26:17.454255  7428 net.cpp:425] lstm1_x_transform <- x
I0924 01:26:17.454277  7428 net.cpp:399] lstm1_x_transform -> W_xc_x
I0924 01:26:17.454341  7424 net.cpp:49] Initializing net from parameters: 
layer {
  name: "lstm2_"
  type: "Input"
  top: "x"
  top: "cont"
  input_param {
    shape {
      dim: 1
      dim: 1
      dim: 1501
    }
    shape {
      dim: 1
      dim: 1
    }
  }
}
layer {
  name: "lstm2_"
  type: "Input"
  top: "c_0"
  top: "h_0"
  input_param {
    shape {
      dim: 1
      dim: 1
      dim: 1000
    }
    shape {
      dim: 1
      dim: 1
      dim: 1000
    }
  }
}
layer {
  name: "lstm2_cont_slice"
  type: "Slice"
  bottom: "cont"
  top: "cont_1"
  slice_param {
    axis: 0
  }
}
layer {
  name: "lstm2_x_transform"
  type: "InnerProduct"
  bottom: "x"
  top: "W_xc_x"
  param {
    name: "W_xc"
  }
  param {
    name: "b_c"
  }
  propagate_down: true
  inner_product_param {
    num_output: 4000
    bias_term: true
    weight_filler {
      type: "uniform"
      min: -0.08
      max: 0.08
    }
    bias_filler {
      type: "constant"
      value: 0
    }
    axis: 2
  }
}
layer {
  name: "lstm2_W_xc_x_slice"
  type: "Slice"
  bottom: "W_xc_x"
  top: "W_xc_x_1"
  slice_param {
    axis: 0
  }
}
layer {
  name: "lstm2_h_conted_0"
  type: "Scale"
  bottom: "h_0"
  bottom: "cont_1"
  top: "h_conted_0"
  scale_param {
    axis: 0
  }
}
layer {
  name: "lstm2_transform_1"
  type: "InnerProduct"
  bottom: "h_conted_0"
  top: "W_hc_h_0"
  param {
    name: "W_hc"
  }
  inner_product_param {
    num_output: 4000
    bias_term: false
    weight_filler {
      type: "uniform"
      min: -0.08
      max: 0.08
    }
    axis: 2
  }
}
layer {
  name: "lstm2_gate_input_1"
  type: "Eltwise"
  bottom: "W_hc_h_0"
  bottom: "W_xc_x_1"
  top: "gate_input_1"
  eltwise_param {
    operation: SUM
  }
}
layer {
  name: "lstm2_unit_1"
  type: "LSTMUnit"
  bottom: "c_0"
  bottom: "gate_input_1"
  bottom: "cont_1"
  top: "c_1"
  top: "h_1"
}
layer {
  name: "lstm2_"
  type: "Split"
  bottom: "c_1"
  top: "c_T"
}
layer {
  name: "lstm2_h_concat"
  type: "Concat"
  bottom: "h_1"
  top: "h"
  concat_param {
    axis: 0
  }
}
layer {
  name: "h_pseudoloss"
  type: "Reduction"
  bottom: "h"
  top: "h_pseudoloss"
  loss_weight: 1
}
I0924 01:26:17.454462  7424 layer_factory.hpp:77] Creating layer lstm2_
I0924 01:26:17.454476  7424 net.cpp:91] Creating Layer lstm2_
I0924 01:26:17.454483  7424 net.cpp:399] lstm2_ -> x
I0924 01:26:17.454494  7424 net.cpp:399] lstm2_ -> cont
I0924 01:26:17.459746  7424 net.cpp:141] Setting up lstm2_
I0924 01:26:17.459765  7424 net.cpp:148] Top shape: 1 1 1501 (1501)
I0924 01:26:17.459772  7424 net.cpp:148] Top shape: 1 1 (1)
I0924 01:26:17.459777  7424 net.cpp:156] Memory required for data: 6008
I0924 01:26:17.459784  7424 layer_factory.hpp:77] Creating layer lstm2_
I0924 01:26:17.459800  7424 net.cpp:91] Creating Layer lstm2_
I0924 01:26:17.459806  7424 net.cpp:399] lstm2_ -> c_0
I0924 01:26:17.459818  7424 net.cpp:399] lstm2_ -> h_0
I0924 01:26:17.459870  7424 net.cpp:141] Setting up lstm2_
I0924 01:26:17.459880  7424 net.cpp:148] Top shape: 1 1 1000 (1000)
I0924 01:26:17.459887  7424 net.cpp:148] Top shape: 1 1 1000 (1000)
I0924 01:26:17.459890  7424 net.cpp:156] Memory required for data: 14008
I0924 01:26:17.459897  7424 layer_factory.hpp:77] Creating layer lstm2_cont_slice
I0924 01:26:17.459905  7424 net.cpp:91] Creating Layer lstm2_cont_slice
I0924 01:26:17.459911  7424 net.cpp:425] lstm2_cont_slice <- cont
I0924 01:26:17.459918  7424 net.cpp:399] lstm2_cont_slice -> cont_1
I0924 01:26:17.459957  7424 net.cpp:141] Setting up lstm2_cont_slice
I0924 01:26:17.459966  7424 net.cpp:148] Top shape: 1 1 (1)
I0924 01:26:17.459971  7424 net.cpp:156] Memory required for data: 14012
I0924 01:26:17.459976  7424 layer_factory.hpp:77] Creating layer cont_1_lstm2_cont_slice_0_split
I0924 01:26:17.459983  7424 net.cpp:91] Creating Layer cont_1_lstm2_cont_slice_0_split
I0924 01:26:17.459988  7424 net.cpp:425] cont_1_lstm2_cont_slice_0_split <- cont_1
I0924 01:26:17.459998  7424 net.cpp:399] cont_1_lstm2_cont_slice_0_split -> cont_1_lstm2_cont_slice_0_split_0
I0924 01:26:17.460006  7424 net.cpp:399] cont_1_lstm2_cont_slice_0_split -> cont_1_lstm2_cont_slice_0_split_1
I0924 01:26:17.460053  7424 net.cpp:141] Setting up cont_1_lstm2_cont_slice_0_split
I0924 01:26:17.460062  7424 net.cpp:148] Top shape: 1 1 (1)
I0924 01:26:17.460067  7424 net.cpp:148] Top shape: 1 1 (1)
I0924 01:26:17.460072  7424 net.cpp:156] Memory required for data: 14020
I0924 01:26:17.460077  7424 layer_factory.hpp:77] Creating layer lstm2_x_transform
I0924 01:26:17.460089  7424 net.cpp:91] Creating Layer lstm2_x_transform
I0924 01:26:17.460095  7424 net.cpp:425] lstm2_x_transform <- x
I0924 01:26:17.460104  7424 net.cpp:399] lstm2_x_transform -> W_xc_x
I0924 01:26:17.477433  7428 net.cpp:141] Setting up lstm1_x_transform
I0924 01:26:17.477481  7428 net.cpp:148] Top shape: 1 1 4000 (4000)
I0924 01:26:17.477488  7428 net.cpp:156] Memory required for data: 26016
I0924 01:26:17.477512  7428 layer_factory.hpp:77] Creating layer lstm1_W_xc_x_slice
I0924 01:26:17.477531  7428 net.cpp:91] Creating Layer lstm1_W_xc_x_slice
I0924 01:26:17.477540  7428 net.cpp:425] lstm1_W_xc_x_slice <- W_xc_x
I0924 01:26:17.477550  7428 net.cpp:399] lstm1_W_xc_x_slice -> W_xc_x_1
I0924 01:26:17.477605  7428 net.cpp:141] Setting up lstm1_W_xc_x_slice
I0924 01:26:17.477617  7428 net.cpp:148] Top shape: 1 1 4000 (4000)
I0924 01:26:17.477622  7428 net.cpp:156] Memory required for data: 42016
I0924 01:26:17.477628  7428 layer_factory.hpp:77] Creating layer lstm1_h_conted_0
I0924 01:26:17.477640  7428 net.cpp:91] Creating Layer lstm1_h_conted_0
I0924 01:26:17.477646  7428 net.cpp:425] lstm1_h_conted_0 <- h_0
I0924 01:26:17.477654  7428 net.cpp:425] lstm1_h_conted_0 <- cont_1_lstm1_cont_slice_0_split_0
I0924 01:26:17.477663  7428 net.cpp:399] lstm1_h_conted_0 -> h_conted_0
I0924 01:26:17.477772  7428 net.cpp:141] Setting up lstm1_h_conted_0
I0924 01:26:17.477783  7428 net.cpp:148] Top shape: 1 1 1000 (1000)
I0924 01:26:17.477788  7428 net.cpp:156] Memory required for data: 46016
I0924 01:26:17.477794  7428 layer_factory.hpp:77] Creating layer lstm1_transform_1
I0924 01:26:17.477809  7428 net.cpp:91] Creating Layer lstm1_transform_1
I0924 01:26:17.477815  7428 net.cpp:425] lstm1_transform_1 <- h_conted_0
I0924 01:26:17.477824  7428 net.cpp:399] lstm1_transform_1 -> W_hc_h_0
I0924 01:26:17.494554  7434 net.cpp:141] Setting up fc6
I0924 01:26:17.494611  7434 net.cpp:148] Top shape: 10 4096 (40960)
I0924 01:26:17.494617  7434 net.cpp:156] Memory required for data: 67782200
I0924 01:26:17.494632  7434 layer_factory.hpp:77] Creating layer relu6
I0924 01:26:17.494649  7434 net.cpp:91] Creating Layer relu6
I0924 01:26:17.494657  7434 net.cpp:425] relu6 <- fc6
I0924 01:26:17.494665  7434 net.cpp:386] relu6 -> fc6 (in-place)
I0924 01:26:17.495077  7434 net.cpp:141] Setting up relu6
I0924 01:26:17.495091  7434 net.cpp:148] Top shape: 10 4096 (40960)
I0924 01:26:17.495097  7434 net.cpp:156] Memory required for data: 67946040
I0924 01:26:17.495103  7434 layer_factory.hpp:77] Creating layer drop6
I0924 01:26:17.495115  7434 net.cpp:91] Creating Layer drop6
I0924 01:26:17.495124  7434 net.cpp:425] drop6 <- fc6
I0924 01:26:17.495132  7434 net.cpp:386] drop6 -> fc6 (in-place)
I0924 01:26:17.495187  7434 net.cpp:141] Setting up drop6
I0924 01:26:17.495196  7434 net.cpp:148] Top shape: 10 4096 (40960)
I0924 01:26:17.495203  7434 net.cpp:156] Memory required for data: 68109880
I0924 01:26:17.495208  7434 layer_factory.hpp:77] Creating layer fc7
I0924 01:26:17.495224  7434 net.cpp:91] Creating Layer fc7
I0924 01:26:17.495230  7434 net.cpp:425] fc7 <- fc6
I0924 01:26:17.495241  7434 net.cpp:399] fc7 -> fc7
I0924 01:26:17.527437  7428 net.cpp:141] Setting up lstm1_transform_1
I0924 01:26:17.527504  7428 net.cpp:148] Top shape: 1 1 4000 (4000)
I0924 01:26:17.527519  7428 net.cpp:156] Memory required for data: 62016
I0924 01:26:17.527547  7428 layer_factory.hpp:77] Creating layer lstm1_gate_input_1
I0924 01:26:17.527539  7424 net.cpp:141] Setting up lstm2_x_transform
I0924 01:26:17.527572  7428 net.cpp:91] Creating Layer lstm1_gate_input_1
I0924 01:26:17.527577  7424 net.cpp:148] Top shape: 1 1 4000 (4000)
I0924 01:26:17.527581  7428 net.cpp:425] lstm1_gate_input_1 <- W_hc_h_0
I0924 01:26:17.527585  7424 net.cpp:156] Memory required for data: 30020
I0924 01:26:17.527591  7428 net.cpp:425] lstm1_gate_input_1 <- W_xc_x_1
I0924 01:26:17.527601  7428 net.cpp:399] lstm1_gate_input_1 -> gate_input_1
I0924 01:26:17.527606  7424 layer_factory.hpp:77] Creating layer lstm2_W_xc_x_slice
I0924 01:26:17.527623  7424 net.cpp:91] Creating Layer lstm2_W_xc_x_slice
I0924 01:26:17.527631  7424 net.cpp:425] lstm2_W_xc_x_slice <- W_xc_x
I0924 01:26:17.527640  7424 net.cpp:399] lstm2_W_xc_x_slice -> W_xc_x_1
I0924 01:26:17.527683  7428 net.cpp:141] Setting up lstm1_gate_input_1
I0924 01:26:17.527695  7428 net.cpp:148] Top shape: 1 1 4000 (4000)
I0924 01:26:17.527700  7428 net.cpp:156] Memory required for data: 78016
I0924 01:26:17.527706  7428 layer_factory.hpp:77] Creating layer lstm1_unit_1
I0924 01:26:17.527719  7428 net.cpp:91] Creating Layer lstm1_unit_1
I0924 01:26:17.527725  7428 net.cpp:425] lstm1_unit_1 <- c_0
I0924 01:26:17.527734  7428 net.cpp:425] lstm1_unit_1 <- gate_input_1
I0924 01:26:17.527731  7424 net.cpp:141] Setting up lstm2_W_xc_x_slice
I0924 01:26:17.527745  7428 net.cpp:425] lstm1_unit_1 <- cont_1_lstm1_cont_slice_0_split_1
I0924 01:26:17.527761  7424 net.cpp:148] Top shape: 1 1 4000 (4000)
I0924 01:26:17.527767  7424 net.cpp:156] Memory required for data: 46020
I0924 01:26:17.527770  7428 net.cpp:399] lstm1_unit_1 -> c_1
I0924 01:26:17.527772  7424 layer_factory.hpp:77] Creating layer lstm2_h_conted_0
I0924 01:26:17.527781  7428 net.cpp:399] lstm1_unit_1 -> h_1
I0924 01:26:17.527786  7424 net.cpp:91] Creating Layer lstm2_h_conted_0
I0924 01:26:17.527791  7424 net.cpp:425] lstm2_h_conted_0 <- h_0
I0924 01:26:17.527798  7424 net.cpp:425] lstm2_h_conted_0 <- cont_1_lstm2_cont_slice_0_split_0
I0924 01:26:17.527806  7424 net.cpp:399] lstm2_h_conted_0 -> h_conted_0
I0924 01:26:17.527891  7428 net.cpp:141] Setting up lstm1_unit_1
I0924 01:26:17.527904  7428 net.cpp:148] Top shape: 1 1 1000 (1000)
I0924 01:26:17.527911  7428 net.cpp:148] Top shape: 1 1 1000 (1000)
I0924 01:26:17.527916  7428 net.cpp:156] Memory required for data: 86016
I0924 01:26:17.527922  7428 layer_factory.hpp:77] Creating layer lstm1_
I0924 01:26:17.527932  7428 net.cpp:91] Creating Layer lstm1_
I0924 01:26:17.527937  7428 net.cpp:425] lstm1_ <- c_1
I0924 01:26:17.527945  7428 net.cpp:399] lstm1_ -> c_T
I0924 01:26:17.528010  7424 net.cpp:141] Setting up lstm2_h_conted_0
I0924 01:26:17.528023  7424 net.cpp:148] Top shape: 1 1 1000 (1000)
I0924 01:26:17.528028  7424 net.cpp:156] Memory required for data: 50020
I0924 01:26:17.528033  7424 layer_factory.hpp:77] Creating layer lstm2_transform_1
I0924 01:26:17.528046  7424 net.cpp:91] Creating Layer lstm2_transform_1
I0924 01:26:17.528053  7424 net.cpp:425] lstm2_transform_1 <- h_conted_0
I0924 01:26:17.528056  7428 net.cpp:141] Setting up lstm1_
I0924 01:26:17.528060  7424 net.cpp:399] lstm2_transform_1 -> W_hc_h_0
I0924 01:26:17.528074  7428 net.cpp:148] Top shape: 1 1 1000 (1000)
I0924 01:26:17.528079  7428 net.cpp:156] Memory required for data: 90016
I0924 01:26:17.528085  7428 layer_factory.hpp:77] Creating layer lstm1_h_concat
I0924 01:26:17.528100  7428 net.cpp:91] Creating Layer lstm1_h_concat
I0924 01:26:17.528106  7428 net.cpp:425] lstm1_h_concat <- h_1
I0924 01:26:17.528115  7428 net.cpp:399] lstm1_h_concat -> h
I0924 01:26:17.535373  7428 net.cpp:141] Setting up lstm1_h_concat
I0924 01:26:17.535434  7428 net.cpp:148] Top shape: 1 1 1000 (1000)
I0924 01:26:17.535441  7428 net.cpp:156] Memory required for data: 94016
I0924 01:26:17.535452  7428 layer_factory.hpp:77] Creating layer h_pseudoloss
I0924 01:26:17.535471  7428 net.cpp:91] Creating Layer h_pseudoloss
I0924 01:26:17.535480  7428 net.cpp:425] h_pseudoloss <- h
I0924 01:26:17.535496  7428 net.cpp:399] h_pseudoloss -> h_pseudoloss
I0924 01:26:17.535641  7428 net.cpp:141] Setting up h_pseudoloss
I0924 01:26:17.535656  7428 net.cpp:148] Top shape: (1)
I0924 01:26:17.535662  7428 net.cpp:151]     with loss weight 1
I0924 01:26:17.535687  7428 net.cpp:156] Memory required for data: 94020
I0924 01:26:17.535693  7428 net.cpp:217] h_pseudoloss needs backward computation.
I0924 01:26:17.535699  7428 net.cpp:217] lstm1_h_concat needs backward computation.
I0924 01:26:17.535704  7428 net.cpp:219] lstm1_ does not need backward computation.
I0924 01:26:17.535711  7428 net.cpp:217] lstm1_unit_1 needs backward computation.
I0924 01:26:17.535718  7428 net.cpp:217] lstm1_gate_input_1 needs backward computation.
I0924 01:26:17.535724  7428 net.cpp:217] lstm1_transform_1 needs backward computation.
I0924 01:26:17.535730  7428 net.cpp:219] lstm1_h_conted_0 does not need backward computation.
I0924 01:26:17.535737  7428 net.cpp:217] lstm1_W_xc_x_slice needs backward computation.
I0924 01:26:17.535743  7428 net.cpp:217] lstm1_x_transform needs backward computation.
I0924 01:26:17.535749  7428 net.cpp:219] cont_1_lstm1_cont_slice_0_split does not need backward computation.
I0924 01:26:17.535755  7428 net.cpp:219] lstm1_cont_slice does not need backward computation.
I0924 01:26:17.535763  7428 net.cpp:219] lstm1_ does not need backward computation.
I0924 01:26:17.535768  7428 net.cpp:219] lstm1_ does not need backward computation.
I0924 01:26:17.535771  7428 net.cpp:261] This network produces output c_T
I0924 01:26:17.535776  7428 net.cpp:261] This network produces output h_pseudoloss
I0924 01:26:17.535797  7428 net.cpp:274] Network initialization done.
I0924 01:26:17.535856  7428 recurrent_layer.cpp:150] Adding parameter 0: W_xc
I0924 01:26:17.535863  7428 recurrent_layer.cpp:150] Adding parameter 1: b_c
I0924 01:26:17.535868  7428 recurrent_layer.cpp:150] Adding parameter 2: W_hc
I0924 01:26:17.535995  7428 net.cpp:141] Setting up lstm1
I0924 01:26:17.536008  7428 net.cpp:148] Top shape: 1 1 1000 (1000)
I0924 01:26:17.536013  7428 net.cpp:156] Memory required for data: 26408
I0924 01:26:17.536031  7428 layer_factory.hpp:77] Creating layer concat
I0924 01:26:17.536043  7428 net.cpp:91] Creating Layer concat
I0924 01:26:17.536051  7428 net.cpp:425] concat <- lstm1
I0924 01:26:17.536057  7428 net.cpp:425] concat <- embedded_input_sentence
I0924 01:26:17.536064  7428 net.cpp:425] concat <- reshaped_stage_indicator
I0924 01:26:17.536072  7428 net.cpp:399] concat -> lstm1_video_sequence
I0924 01:26:17.536113  7428 net.cpp:141] Setting up concat
I0924 01:26:17.536123  7428 net.cpp:148] Top shape: 1 1 1501 (1501)
I0924 01:26:17.536128  7428 net.cpp:156] Memory required for data: 32412
I0924 01:26:17.536134  7428 layer_factory.hpp:77] Creating layer lstm2
I0924 01:26:17.536149  7428 net.cpp:91] Creating Layer lstm2
I0924 01:26:17.536154  7428 net.cpp:425] lstm2 <- lstm1_video_sequence
I0924 01:26:17.536161  7428 net.cpp:425] lstm2 <- cont_sentence_input_1_split_1
I0924 01:26:17.536170  7428 net.cpp:399] lstm2 -> lstm2
I0924 01:26:17.536182  7428 recurrent_layer.cpp:20] Initializing recurrent layer: assuming input batch contains 1 timesteps of 1 independent streams.
I0924 01:26:17.536461  7428 net.cpp:49] Initializing net from parameters: 
layer {
  name: "lstm2_"
  type: "Input"
  top: "x"
  top: "cont"
  input_param {
    shape {
      dim: 1
      dim: 1
      dim: 1501
    }
    shape {
      dim: 1
      dim: 1
    }
  }
}
layer {
  name: "lstm2_"
  type: "Input"
  top: "c_0"
  top: "h_0"
  input_param {
    shape {
      dim: 1
      dim: 1
      dim: 1000
    }
    shape {
      dim: 1
      dim: 1
      dim: 1000
    }
  }
}
layer {
  name: "lstm2_cont_slice"
  type: "Slice"
  bottom: "cont"
  top: "cont_1"
  slice_param {
    axis: 0
  }
}
layer {
  name: "lstm2_x_transform"
  type: "InnerProduct"
  bottom: "x"
  top: "W_xc_x"
  param {
    name: "W_xc"
  }
  param {
    name: "b_c"
  }
  propagate_down: true
  inner_product_param {
    num_output: 4000
    bias_term: true
    weight_filler {
      type: "uniform"
      min: -0.08
      max: 0.08
    }
    bias_filler {
      type: "constant"
      value: 0
    }
    axis: 2
  }
}
layer {
  name: "lstm2_W_xc_x_slice"
  type: "Slice"
  bottom: "W_xc_x"
  top: "W_xc_x_1"
  slice_param {
    axis: 0
  }
}
layer {
  name: "lstm2_h_conted_0"
  type: "Scale"
  bottom: "h_0"
  bottom: "cont_1"
  top: "h_conted_0"
  scale_param {
    axis: 0
  }
}
layer {
  name: "lstm2_transform_1"
  type: "InnerProduct"
  bottom: "h_conted_0"
  top: "W_hc_h_0"
  param {
    name: "W_hc"
  }
  inner_product_param {
    num_output: 4000
    bias_term: false
    weight_filler {
      type: "uniform"
      min: -0.08
      max: 0.08
    }
    axis: 2
  }
}
layer {
  name: "lstm2_gate_input_1"
  type: "Eltwise"
  bottom: "W_hc_h_0"
  bottom: "W_xc_x_1"
  top: "gate_input_1"
  eltwise_param {
    operation: SUM
  }
}
layer {
  name: "lstm2_unit_1"
  type: "LSTMUnit"
  bottom: "c_0"
  bottom: "gate_input_1"
  bottom: "cont_1"
  top: "c_1"
  top: "h_1"
}
layer {
  name: "lstm2_"
  type: "Split"
  bottom: "c_1"
  top: "c_T"
}
layer {
  name: "lstm2_h_concat"
  type: "Concat"
  bottom: "h_1"
  top: "h"
  concat_param {
    axis: 0
  }
}
layer {
  name: "h_pseudoloss"
  type: "Reduction"
  bottom: "h"
  top: "h_pseudoloss"
  loss_weight: 1
}
I0924 01:26:17.536563  7428 layer_factory.hpp:77] Creating layer lstm2_
I0924 01:26:17.536577  7428 net.cpp:91] Creating Layer lstm2_
I0924 01:26:17.536584  7428 net.cpp:399] lstm2_ -> x
I0924 01:26:17.536597  7428 net.cpp:399] lstm2_ -> cont
I0924 01:26:17.536661  7428 net.cpp:141] Setting up lstm2_
I0924 01:26:17.536672  7428 net.cpp:148] Top shape: 1 1 1501 (1501)
I0924 01:26:17.536679  7428 net.cpp:148] Top shape: 1 1 (1)
I0924 01:26:17.536684  7428 net.cpp:156] Memory required for data: 6008
I0924 01:26:17.536690  7428 layer_factory.hpp:77] Creating layer lstm2_
I0924 01:26:17.536700  7428 net.cpp:91] Creating Layer lstm2_
I0924 01:26:17.536706  7428 net.cpp:399] lstm2_ -> c_0
I0924 01:26:17.536718  7428 net.cpp:399] lstm2_ -> h_0
I0924 01:26:17.536777  7428 net.cpp:141] Setting up lstm2_
I0924 01:26:17.536788  7428 net.cpp:148] Top shape: 1 1 1000 (1000)
I0924 01:26:17.536795  7428 net.cpp:148] Top shape: 1 1 1000 (1000)
I0924 01:26:17.536799  7428 net.cpp:156] Memory required for data: 14008
I0924 01:26:17.536805  7428 layer_factory.hpp:77] Creating layer lstm2_cont_slice
I0924 01:26:17.536814  7428 net.cpp:91] Creating Layer lstm2_cont_slice
I0924 01:26:17.536820  7428 net.cpp:425] lstm2_cont_slice <- cont
I0924 01:26:17.536831  7428 net.cpp:399] lstm2_cont_slice -> cont_1
I0924 01:26:17.536870  7428 net.cpp:141] Setting up lstm2_cont_slice
I0924 01:26:17.536880  7428 net.cpp:148] Top shape: 1 1 (1)
I0924 01:26:17.536885  7428 net.cpp:156] Memory required for data: 14012
I0924 01:26:17.536891  7428 layer_factory.hpp:77] Creating layer cont_1_lstm2_cont_slice_0_split
I0924 01:26:17.536900  7428 net.cpp:91] Creating Layer cont_1_lstm2_cont_slice_0_split
I0924 01:26:17.536906  7428 net.cpp:425] cont_1_lstm2_cont_slice_0_split <- cont_1
I0924 01:26:17.536912  7428 net.cpp:399] cont_1_lstm2_cont_slice_0_split -> cont_1_lstm2_cont_slice_0_split_0
I0924 01:26:17.536921  7428 net.cpp:399] cont_1_lstm2_cont_slice_0_split -> cont_1_lstm2_cont_slice_0_split_1
I0924 01:26:17.536978  7428 net.cpp:141] Setting up cont_1_lstm2_cont_slice_0_split
I0924 01:26:17.536988  7428 net.cpp:148] Top shape: 1 1 (1)
I0924 01:26:17.536994  7428 net.cpp:148] Top shape: 1 1 (1)
I0924 01:26:17.536999  7428 net.cpp:156] Memory required for data: 14020
I0924 01:26:17.537004  7428 layer_factory.hpp:77] Creating layer lstm2_x_transform
I0924 01:26:17.537019  7428 net.cpp:91] Creating Layer lstm2_x_transform
I0924 01:26:17.537024  7428 net.cpp:425] lstm2_x_transform <- x
I0924 01:26:17.537034  7428 net.cpp:399] lstm2_x_transform -> W_xc_x
I0924 01:26:17.549790  7434 net.cpp:141] Setting up fc7
I0924 01:26:17.549834  7434 net.cpp:148] Top shape: 10 4096 (40960)
I0924 01:26:17.549841  7434 net.cpp:156] Memory required for data: 68273720
I0924 01:26:17.549856  7434 layer_factory.hpp:77] Creating layer relu7
I0924 01:26:17.549875  7434 net.cpp:91] Creating Layer relu7
I0924 01:26:17.549882  7434 net.cpp:425] relu7 <- fc7
I0924 01:26:17.549896  7434 net.cpp:386] relu7 -> fc7 (in-place)
I0924 01:26:17.550520  7434 net.cpp:141] Setting up relu7
I0924 01:26:17.550536  7434 net.cpp:148] Top shape: 10 4096 (40960)
I0924 01:26:17.550542  7434 net.cpp:156] Memory required for data: 68437560
I0924 01:26:17.550549  7434 layer_factory.hpp:77] Creating layer drop7
I0924 01:26:17.550560  7434 net.cpp:91] Creating Layer drop7
I0924 01:26:17.550566  7434 net.cpp:425] drop7 <- fc7
I0924 01:26:17.550578  7434 net.cpp:386] drop7 -> fc7 (in-place)
I0924 01:26:17.550650  7434 net.cpp:141] Setting up drop7
I0924 01:26:17.550663  7434 net.cpp:148] Top shape: 10 4096 (40960)
I0924 01:26:17.550668  7434 net.cpp:156] Memory required for data: 68601400
I0924 01:26:17.550674  7434 layer_factory.hpp:77] Creating layer fc8
I0924 01:26:17.550686  7434 net.cpp:91] Creating Layer fc8
I0924 01:26:17.550691  7434 net.cpp:425] fc8 <- fc7
I0924 01:26:17.550700  7434 net.cpp:399] fc8 -> fc8
I0924 01:26:17.563904  7434 net.cpp:141] Setting up fc8
I0924 01:26:17.563953  7434 net.cpp:148] Top shape: 10 1000 (10000)
I0924 01:26:17.563961  7434 net.cpp:156] Memory required for data: 68641400
I0924 01:26:17.563976  7434 layer_factory.hpp:77] Creating layer prob
I0924 01:26:17.563995  7434 net.cpp:91] Creating Layer prob
I0924 01:26:17.564003  7434 net.cpp:425] prob <- fc8
I0924 01:26:17.564014  7434 net.cpp:399] prob -> prob
I0924 01:26:17.564507  7434 net.cpp:141] Setting up prob
I0924 01:26:17.564520  7434 net.cpp:148] Top shape: 10 1000 (10000)
I0924 01:26:17.564527  7434 net.cpp:156] Memory required for data: 68681400
I0924 01:26:17.564533  7434 net.cpp:219] prob does not need backward computation.
I0924 01:26:17.564539  7434 net.cpp:219] fc8 does not need backward computation.
I0924 01:26:17.564545  7434 net.cpp:219] drop7 does not need backward computation.
I0924 01:26:17.564550  7434 net.cpp:219] relu7 does not need backward computation.
I0924 01:26:17.564555  7434 net.cpp:219] fc7 does not need backward computation.
I0924 01:26:17.564561  7434 net.cpp:219] drop6 does not need backward computation.
I0924 01:26:17.564566  7434 net.cpp:219] relu6 does not need backward computation.
I0924 01:26:17.564573  7434 net.cpp:219] fc6 does not need backward computation.
I0924 01:26:17.564577  7434 net.cpp:219] pool5 does not need backward computation.
I0924 01:26:17.564584  7434 net.cpp:219] relu5 does not need backward computation.
I0924 01:26:17.564589  7434 net.cpp:219] conv5 does not need backward computation.
I0924 01:26:17.564594  7434 net.cpp:219] relu4 does not need backward computation.
I0924 01:26:17.564599  7434 net.cpp:219] conv4 does not need backward computation.
I0924 01:26:17.564604  7434 net.cpp:219] relu3 does not need backward computation.
I0924 01:26:17.564610  7434 net.cpp:219] conv3 does not need backward computation.
I0924 01:26:17.564615  7434 net.cpp:219] norm2 does not need backward computation.
I0924 01:26:17.564620  7434 net.cpp:219] pool2 does not need backward computation.
I0924 01:26:17.564626  7434 net.cpp:219] relu2 does not need backward computation.
I0924 01:26:17.564631  7434 net.cpp:219] conv2 does not need backward computation.
I0924 01:26:17.564636  7434 net.cpp:219] norm1 does not need backward computation.
I0924 01:26:17.564642  7434 net.cpp:219] pool1 does not need backward computation.
I0924 01:26:17.564647  7434 net.cpp:219] relu1 does not need backward computation.
I0924 01:26:17.564653  7434 net.cpp:219] conv1 does not need backward computation.
I0924 01:26:17.564658  7434 net.cpp:219] data does not need backward computation.
I0924 01:26:17.564663  7434 net.cpp:261] This network produces output prob
I0924 01:26:17.564687  7434 net.cpp:274] Network initialization done.
I0924 01:26:17.566043  7424 net.cpp:141] Setting up lstm2_transform_1
I0924 01:26:17.566081  7424 net.cpp:148] Top shape: 1 1 4000 (4000)
I0924 01:26:17.566087  7424 net.cpp:156] Memory required for data: 66020
I0924 01:26:17.566105  7424 layer_factory.hpp:77] Creating layer lstm2_gate_input_1
I0924 01:26:17.566128  7424 net.cpp:91] Creating Layer lstm2_gate_input_1
I0924 01:26:17.566135  7424 net.cpp:425] lstm2_gate_input_1 <- W_hc_h_0
I0924 01:26:17.566143  7424 net.cpp:425] lstm2_gate_input_1 <- W_xc_x_1
I0924 01:26:17.566151  7424 net.cpp:399] lstm2_gate_input_1 -> gate_input_1
I0924 01:26:17.566205  7424 net.cpp:141] Setting up lstm2_gate_input_1
I0924 01:26:17.566215  7424 net.cpp:148] Top shape: 1 1 4000 (4000)
I0924 01:26:17.566220  7424 net.cpp:156] Memory required for data: 82020
I0924 01:26:17.566225  7424 layer_factory.hpp:77] Creating layer lstm2_unit_1
I0924 01:26:17.566234  7424 net.cpp:91] Creating Layer lstm2_unit_1
I0924 01:26:17.566239  7424 net.cpp:425] lstm2_unit_1 <- c_0
I0924 01:26:17.566246  7424 net.cpp:425] lstm2_unit_1 <- gate_input_1
I0924 01:26:17.566251  7424 net.cpp:425] lstm2_unit_1 <- cont_1_lstm2_cont_slice_0_split_1
I0924 01:26:17.566260  7424 net.cpp:399] lstm2_unit_1 -> c_1
I0924 01:26:17.566269  7424 net.cpp:399] lstm2_unit_1 -> h_1
I0924 01:26:17.566336  7424 net.cpp:141] Setting up lstm2_unit_1
I0924 01:26:17.566345  7424 net.cpp:148] Top shape: 1 1 1000 (1000)
I0924 01:26:17.566351  7424 net.cpp:148] Top shape: 1 1 1000 (1000)
I0924 01:26:17.566355  7424 net.cpp:156] Memory required for data: 90020
I0924 01:26:17.566360  7424 layer_factory.hpp:77] Creating layer lstm2_
I0924 01:26:17.566371  7424 net.cpp:91] Creating Layer lstm2_
I0924 01:26:17.566377  7424 net.cpp:425] lstm2_ <- c_1
I0924 01:26:17.566385  7424 net.cpp:399] lstm2_ -> c_T
I0924 01:26:17.566417  7424 net.cpp:141] Setting up lstm2_
I0924 01:26:17.566426  7424 net.cpp:148] Top shape: 1 1 1000 (1000)
I0924 01:26:17.566431  7424 net.cpp:156] Memory required for data: 94020
I0924 01:26:17.566436  7424 layer_factory.hpp:77] Creating layer lstm2_h_concat
I0924 01:26:17.566444  7424 net.cpp:91] Creating Layer lstm2_h_concat
I0924 01:26:17.566449  7424 net.cpp:425] lstm2_h_concat <- h_1
I0924 01:26:17.566475  7424 net.cpp:399] lstm2_h_concat -> h
I0924 01:26:17.566519  7424 net.cpp:141] Setting up lstm2_h_concat
I0924 01:26:17.566527  7424 net.cpp:148] Top shape: 1 1 1000 (1000)
I0924 01:26:17.566531  7424 net.cpp:156] Memory required for data: 98020
I0924 01:26:17.566536  7424 layer_factory.hpp:77] Creating layer h_pseudoloss
I0924 01:26:17.566546  7424 net.cpp:91] Creating Layer h_pseudoloss
I0924 01:26:17.566551  7424 net.cpp:425] h_pseudoloss <- h
I0924 01:26:17.566558  7424 net.cpp:399] h_pseudoloss -> h_pseudoloss
I0924 01:26:17.566676  7424 net.cpp:141] Setting up h_pseudoloss
I0924 01:26:17.566689  7424 net.cpp:148] Top shape: (1)
I0924 01:26:17.566694  7424 net.cpp:151]     with loss weight 1
I0924 01:26:17.566712  7424 net.cpp:156] Memory required for data: 98024
I0924 01:26:17.566717  7424 net.cpp:217] h_pseudoloss needs backward computation.
I0924 01:26:17.566722  7424 net.cpp:217] lstm2_h_concat needs backward computation.
I0924 01:26:17.566727  7424 net.cpp:219] lstm2_ does not need backward computation.
I0924 01:26:17.566732  7424 net.cpp:217] lstm2_unit_1 needs backward computation.
I0924 01:26:17.566738  7424 net.cpp:217] lstm2_gate_input_1 needs backward computation.
I0924 01:26:17.566743  7424 net.cpp:217] lstm2_transform_1 needs backward computation.
I0924 01:26:17.566748  7424 net.cpp:219] lstm2_h_conted_0 does not need backward computation.
I0924 01:26:17.566754  7424 net.cpp:217] lstm2_W_xc_x_slice needs backward computation.
I0924 01:26:17.566758  7424 net.cpp:217] lstm2_x_transform needs backward computation.
I0924 01:26:17.566763  7424 net.cpp:219] cont_1_lstm2_cont_slice_0_split does not need backward computation.
I0924 01:26:17.566769  7424 net.cpp:219] lstm2_cont_slice does not need backward computation.
I0924 01:26:17.566774  7424 net.cpp:219] lstm2_ does not need backward computation.
I0924 01:26:17.566782  7424 net.cpp:219] lstm2_ does not need backward computation.
I0924 01:26:17.566790  7424 net.cpp:261] This network produces output c_T
I0924 01:26:17.566795  7424 net.cpp:261] This network produces output h_pseudoloss
I0924 01:26:17.566810  7424 net.cpp:274] Network initialization done.
I0924 01:26:17.566859  7424 recurrent_layer.cpp:150] Adding parameter 0: W_xc
I0924 01:26:17.566866  7424 recurrent_layer.cpp:150] Adding parameter 1: b_c
I0924 01:26:17.566871  7424 recurrent_layer.cpp:150] Adding parameter 2: W_hc
I0924 01:26:17.566977  7424 net.cpp:141] Setting up lstm2
I0924 01:26:17.566989  7424 net.cpp:148] Top shape: 1 1 1000 (1000)
I0924 01:26:17.566994  7424 net.cpp:156] Memory required for data: 36412
I0924 01:26:17.567010  7424 layer_factory.hpp:77] Creating layer predict
I0924 01:26:17.567024  7424 net.cpp:91] Creating Layer predict
I0924 01:26:17.567031  7424 net.cpp:425] predict <- lstm2
I0924 01:26:17.567039  7424 net.cpp:399] predict -> predict
I0924 01:26:17.647346  7428 net.cpp:141] Setting up lstm2_x_transform
I0924 01:26:17.647399  7428 net.cpp:148] Top shape: 1 1 4000 (4000)
I0924 01:26:17.647406  7428 net.cpp:156] Memory required for data: 30020
I0924 01:26:17.647430  7428 layer_factory.hpp:77] Creating layer lstm2_W_xc_x_slice
I0924 01:26:17.647446  7428 net.cpp:91] Creating Layer lstm2_W_xc_x_slice
I0924 01:26:17.647454  7428 net.cpp:425] lstm2_W_xc_x_slice <- W_xc_x
I0924 01:26:17.647469  7428 net.cpp:399] lstm2_W_xc_x_slice -> W_xc_x_1
I0924 01:26:17.647521  7428 net.cpp:141] Setting up lstm2_W_xc_x_slice
I0924 01:26:17.647531  7428 net.cpp:148] Top shape: 1 1 4000 (4000)
I0924 01:26:17.647537  7428 net.cpp:156] Memory required for data: 46020
I0924 01:26:17.647542  7428 layer_factory.hpp:77] Creating layer lstm2_h_conted_0
I0924 01:26:17.647553  7428 net.cpp:91] Creating Layer lstm2_h_conted_0
I0924 01:26:17.647559  7428 net.cpp:425] lstm2_h_conted_0 <- h_0
I0924 01:26:17.647567  7428 net.cpp:425] lstm2_h_conted_0 <- cont_1_lstm2_cont_slice_0_split_0
I0924 01:26:17.647578  7428 net.cpp:399] lstm2_h_conted_0 -> h_conted_0
I0924 01:26:17.647693  7428 net.cpp:141] Setting up lstm2_h_conted_0
I0924 01:26:17.647704  7428 net.cpp:148] Top shape: 1 1 1000 (1000)
I0924 01:26:17.647709  7428 net.cpp:156] Memory required for data: 50020
I0924 01:26:17.647716  7428 layer_factory.hpp:77] Creating layer lstm2_transform_1
I0924 01:26:17.647728  7428 net.cpp:91] Creating Layer lstm2_transform_1
I0924 01:26:17.647735  7428 net.cpp:425] lstm2_transform_1 <- h_conted_0
I0924 01:26:17.647747  7428 net.cpp:399] lstm2_transform_1 -> W_hc_h_0
I0924 01:26:17.690769  7428 net.cpp:141] Setting up lstm2_transform_1
I0924 01:26:17.690824  7428 net.cpp:148] Top shape: 1 1 4000 (4000)
I0924 01:26:17.690830  7428 net.cpp:156] Memory required for data: 66020
I0924 01:26:17.690850  7428 layer_factory.hpp:77] Creating layer lstm2_gate_input_1
I0924 01:26:17.690874  7428 net.cpp:91] Creating Layer lstm2_gate_input_1
I0924 01:26:17.690882  7428 net.cpp:425] lstm2_gate_input_1 <- W_hc_h_0
I0924 01:26:17.690891  7428 net.cpp:425] lstm2_gate_input_1 <- W_xc_x_1
I0924 01:26:17.690899  7428 net.cpp:399] lstm2_gate_input_1 -> gate_input_1
I0924 01:26:17.690958  7428 net.cpp:141] Setting up lstm2_gate_input_1
I0924 01:26:17.690969  7428 net.cpp:148] Top shape: 1 1 4000 (4000)
I0924 01:26:17.690974  7428 net.cpp:156] Memory required for data: 82020
I0924 01:26:17.690980  7428 layer_factory.hpp:77] Creating layer lstm2_unit_1
I0924 01:26:17.690989  7428 net.cpp:91] Creating Layer lstm2_unit_1
I0924 01:26:17.690995  7428 net.cpp:425] lstm2_unit_1 <- c_0
I0924 01:26:17.691002  7428 net.cpp:425] lstm2_unit_1 <- gate_input_1
I0924 01:26:17.691009  7428 net.cpp:425] lstm2_unit_1 <- cont_1_lstm2_cont_slice_0_split_1
I0924 01:26:17.691020  7428 net.cpp:399] lstm2_unit_1 -> c_1
I0924 01:26:17.691030  7428 net.cpp:399] lstm2_unit_1 -> h_1
I0924 01:26:17.691105  7428 net.cpp:141] Setting up lstm2_unit_1
I0924 01:26:17.691115  7428 net.cpp:148] Top shape: 1 1 1000 (1000)
I0924 01:26:17.691123  7428 net.cpp:148] Top shape: 1 1 1000 (1000)
I0924 01:26:17.691128  7428 net.cpp:156] Memory required for data: 90020
I0924 01:26:17.691134  7428 layer_factory.hpp:77] Creating layer lstm2_
I0924 01:26:17.691143  7428 net.cpp:91] Creating Layer lstm2_
I0924 01:26:17.691149  7428 net.cpp:425] lstm2_ <- c_1
I0924 01:26:17.691157  7428 net.cpp:399] lstm2_ -> c_T
I0924 01:26:17.691198  7428 net.cpp:141] Setting up lstm2_
I0924 01:26:17.691208  7428 net.cpp:148] Top shape: 1 1 1000 (1000)
I0924 01:26:17.691215  7428 net.cpp:156] Memory required for data: 94020
I0924 01:26:17.691220  7428 layer_factory.hpp:77] Creating layer lstm2_h_concat
I0924 01:26:17.691229  7428 net.cpp:91] Creating Layer lstm2_h_concat
I0924 01:26:17.691236  7428 net.cpp:425] lstm2_h_concat <- h_1
I0924 01:26:17.691243  7428 net.cpp:399] lstm2_h_concat -> h
I0924 01:26:17.691287  7428 net.cpp:141] Setting up lstm2_h_concat
I0924 01:26:17.691298  7428 net.cpp:148] Top shape: 1 1 1000 (1000)
I0924 01:26:17.691303  7428 net.cpp:156] Memory required for data: 98020
I0924 01:26:17.691308  7428 layer_factory.hpp:77] Creating layer h_pseudoloss
I0924 01:26:17.691318  7428 net.cpp:91] Creating Layer h_pseudoloss
I0924 01:26:17.691324  7428 net.cpp:425] h_pseudoloss <- h
I0924 01:26:17.691331  7428 net.cpp:399] h_pseudoloss -> h_pseudoloss
I0924 01:26:17.691438  7428 net.cpp:141] Setting up h_pseudoloss
I0924 01:26:17.691449  7428 net.cpp:148] Top shape: (1)
I0924 01:26:17.691455  7428 net.cpp:151]     with loss weight 1
I0924 01:26:17.691478  7428 net.cpp:156] Memory required for data: 98024
I0924 01:26:17.691484  7428 net.cpp:217] h_pseudoloss needs backward computation.
I0924 01:26:17.691490  7428 net.cpp:217] lstm2_h_concat needs backward computation.
I0924 01:26:17.691495  7428 net.cpp:219] lstm2_ does not need backward computation.
I0924 01:26:17.691501  7428 net.cpp:217] lstm2_unit_1 needs backward computation.
I0924 01:26:17.691507  7428 net.cpp:217] lstm2_gate_input_1 needs backward computation.
I0924 01:26:17.691514  7428 net.cpp:217] lstm2_transform_1 needs backward computation.
I0924 01:26:17.691519  7428 net.cpp:219] lstm2_h_conted_0 does not need backward computation.
I0924 01:26:17.691525  7428 net.cpp:217] lstm2_W_xc_x_slice needs backward computation.
I0924 01:26:17.691531  7428 net.cpp:217] lstm2_x_transform needs backward computation.
I0924 01:26:17.691537  7428 net.cpp:219] cont_1_lstm2_cont_slice_0_split does not need backward computation.
I0924 01:26:17.691546  7428 net.cpp:219] lstm2_cont_slice does not need backward computation.
I0924 01:26:17.691553  7428 net.cpp:219] lstm2_ does not need backward computation.
I0924 01:26:17.691558  7428 net.cpp:219] lstm2_ does not need backward computation.
I0924 01:26:17.691562  7428 net.cpp:261] This network produces output c_T
I0924 01:26:17.691568  7428 net.cpp:261] This network produces output h_pseudoloss
I0924 01:26:17.691584  7428 net.cpp:274] Network initialization done.
I0924 01:26:17.691637  7428 recurrent_layer.cpp:150] Adding parameter 0: W_xc
I0924 01:26:17.691644  7428 recurrent_layer.cpp:150] Adding parameter 1: b_c
I0924 01:26:17.691650  7428 recurrent_layer.cpp:150] Adding parameter 2: W_hc
I0924 01:26:17.691766  7428 net.cpp:141] Setting up lstm2
I0924 01:26:17.691779  7428 net.cpp:148] Top shape: 1 1 1000 (1000)
I0924 01:26:17.691786  7428 net.cpp:156] Memory required for data: 36412
I0924 01:26:17.691802  7428 layer_factory.hpp:77] Creating layer predict
I0924 01:26:17.691815  7428 net.cpp:91] Creating Layer predict
I0924 01:26:17.691823  7428 net.cpp:425] predict <- lstm2
I0924 01:26:17.691831  7428 net.cpp:399] predict -> predict
I0924 01:26:17.885368  7434 upgrade_proto.cpp:43] Attempting to upgrade input file specified using deprecated transformation parameters: /home/peifeng/work/run/storm102/data/workers/8135ba74-0242-4df8-8e84-383e9f2cd66c/tmp/cvld1367715099143057366/bvlc_reference_caffenet.caffemodel
I0924 01:26:17.885416  7434 upgrade_proto.cpp:46] Successfully upgraded file specified using deprecated data transformation parameters.
W0924 01:26:17.885423  7434 upgrade_proto.cpp:48] Note that future Caffe releases will only support transform_param messages for transformation fields.
I0924 01:26:17.885429  7434 upgrade_proto.cpp:52] Attempting to upgrade input file specified using deprecated V1LayerParameter: /home/peifeng/work/run/storm102/data/workers/8135ba74-0242-4df8-8e84-383e9f2cd66c/tmp/cvld1367715099143057366/bvlc_reference_caffenet.caffemodel
I0924 01:26:18.003294  7424 net.cpp:141] Setting up predict
I0924 01:26:18.003362  7424 net.cpp:148] Top shape: 1 1 46168 (46168)
I0924 01:26:18.003374  7424 net.cpp:156] Memory required for data: 221084
I0924 01:26:18.003399  7424 layer_factory.hpp:77] Creating layer probs
I0924 01:26:18.003427  7424 net.cpp:91] Creating Layer probs
I0924 01:26:18.003440  7424 net.cpp:425] probs <- predict
I0924 01:26:18.003458  7424 net.cpp:399] probs -> probs
I0924 01:26:18.004300  7424 net.cpp:141] Setting up probs
I0924 01:26:18.004315  7424 net.cpp:148] Top shape: 1 1 46168 (46168)
I0924 01:26:18.004320  7424 net.cpp:156] Memory required for data: 405756
I0924 01:26:18.004326  7424 net.cpp:219] probs does not need backward computation.
I0924 01:26:18.004333  7424 net.cpp:219] predict does not need backward computation.
I0924 01:26:18.004338  7424 net.cpp:219] lstm2 does not need backward computation.
I0924 01:26:18.004343  7424 net.cpp:219] concat does not need backward computation.
I0924 01:26:18.004350  7424 net.cpp:219] lstm1 does not need backward computation.
I0924 01:26:18.004356  7424 net.cpp:219] embedding does not need backward computation.
I0924 01:26:18.004362  7424 net.cpp:219] reshape_stage_indicator does not need backward computation.
I0924 01:26:18.004367  7424 net.cpp:219] reshape_frames does not need backward computation.
I0924 01:26:18.004372  7424 net.cpp:219] embed_encoder does not need backward computation.
I0924 01:26:18.004379  7424 net.cpp:219] cont_sentence_input_1_split does not need backward computation.
I0924 01:26:18.004384  7424 net.cpp:219] input does not need backward computation.
I0924 01:26:18.004389  7424 net.cpp:261] This network produces output probs
I0924 01:26:18.004406  7424 net.cpp:274] Network initialization done.
I0924 01:26:18.190140  7428 net.cpp:141] Setting up predict
I0924 01:26:18.190191  7428 net.cpp:148] Top shape: 1 1 46168 (46168)
I0924 01:26:18.190198  7428 net.cpp:156] Memory required for data: 221084
I0924 01:26:18.190214  7428 layer_factory.hpp:77] Creating layer probs
I0924 01:26:18.190232  7428 net.cpp:91] Creating Layer probs
I0924 01:26:18.190242  7428 net.cpp:425] probs <- predict
I0924 01:26:18.190253  7428 net.cpp:399] probs -> probs
I0924 01:26:18.190801  7428 net.cpp:141] Setting up probs
I0924 01:26:18.190816  7428 net.cpp:148] Top shape: 1 1 46168 (46168)
I0924 01:26:18.190822  7428 net.cpp:156] Memory required for data: 405756
I0924 01:26:18.190829  7428 net.cpp:219] probs does not need backward computation.
I0924 01:26:18.190834  7428 net.cpp:219] predict does not need backward computation.
I0924 01:26:18.190841  7428 net.cpp:219] lstm2 does not need backward computation.
I0924 01:26:18.190847  7428 net.cpp:219] concat does not need backward computation.
I0924 01:26:18.190855  7428 net.cpp:219] lstm1 does not need backward computation.
I0924 01:26:18.190862  7428 net.cpp:219] embedding does not need backward computation.
I0924 01:26:18.190868  7428 net.cpp:219] reshape_stage_indicator does not need backward computation.
I0924 01:26:18.190873  7428 net.cpp:219] reshape_frames does not need backward computation.
I0924 01:26:18.190879  7428 net.cpp:219] embed_encoder does not need backward computation.
I0924 01:26:18.190886  7428 net.cpp:219] cont_sentence_input_1_split does not need backward computation.
I0924 01:26:18.190891  7428 net.cpp:219] input does not need backward computation.
I0924 01:26:18.190896  7428 net.cpp:261] This network produces output probs
I0924 01:26:18.190912  7428 net.cpp:274] Network initialization done.
I0924 01:26:18.286854  7434 upgrade_proto.cpp:60] Successfully upgraded file specified using deprecated V1LayerParameter
I0924 01:26:18.325196  7424 net.cpp:752] Ignoring source layer data
I0924 01:26:18.325245  7424 net.cpp:752] Ignoring source layer cont_sentence_data_0_split
I0924 01:26:18.325253  7424 net.cpp:752] Ignoring source layer reshape_stg_indicator
I0924 01:26:18.342330  7434 net.cpp:752] Ignoring source layer loss
Loading the model + trained: 11015.9ms
Using cv::Size and some other stuff: 0.148ms
I0924 01:26:18.394037  7424 net.cpp:752] Ignoring source layer cross_entropy_loss
I0924 01:26:18.549221  7428 net.cpp:752] Ignoring source layer data
I0924 01:26:18.549260  7428 net.cpp:752] Ignoring source layer cont_sentence_data_0_split
I0924 01:26:18.549266  7428 net.cpp:752] Ignoring source layer reshape_stg_indicator
I0924 01:26:18.623039  7428 net.cpp:752] Ignoring source layer cross_entropy_loss
Loading the mean file: 21047.6ms
TIMERTIMER 299525568
TIMERTIMER 235175039
TIMERTIMER 238159209
TIMERTIMER 231243079
TIMERTIMER 222464975
TIMERTIMER 230745594
TIMERTIMER 232392399
TIMERTIMER 230457697
TIMERTIMER 235815271
TIMERTIMER 200812086
TIMERTIMER 215909402
TIMERTIMER 219519205
TIMERTIMER 235302896
TIMERTIMER 237597619
TIMERTIMER 223650992
TIMERTIMER 234963623
TIMERTIMER 226001478
TIMERTIMER 225529008
TIMERTIMER 234351721
TIMERTIMER 220979107
TIMERTIMER 214486527
TIMERTIMER 229176184
TIMERTIMER 226535919
TIMERTIMER 225054666
TIMERTIMER 237500885
TIMERTIMER 238603656
TIMERTIMER 238530998
TIMERTIMER 220388492
TIMERTIMER 225527519
TIMERTIMER 218139006
TIMERTIMER 219967080
TIMERTIMER 217327117
TIMERTIMER 214202643
TIMERTIMER 252965744
TIMERTIMER 230551965
TIMERTIMER 232372083
TIMERTIMER 210603947
TIMERTIMER 226433289
TIMERTIMER 230272241
TIMERTIMER 223492632
TIMERTIMER 219179973
TIMERTIMER 214676727
TIMERTIMER 205960033
TIMERTIMER 227698524
TIMERTIMER 206034672
TIMERTIMER 224115661
TIMERTIMER 219509893
TIMERTIMER 217944453
TIMERTIMER 213101475
TIMERTIMER 212914428
TIMERTIMER 219636644
TIMERTIMER 214555290
TIMERTIMER 207317324
TIMERTIMER 219462691
TIMERTIMER 224685077
TIMERTIMER 210212095
TIMERTIMER 218797994
TIMERTIMER 214392422
TIMERTIMER 215636709
TIMERTIMER 214265599
TIMERTIMER 211801103
TIMERTIMER 218974566
TIMERTIMER 231928219
TIMERTIMER 218484544
TIMERTIMER 225937628
TIMERTIMER 223568178
TIMERTIMER 226175079
TIMERTIMER 223291836
TIMERTIMER 236896055
TIMERTIMER 231046770
