2016-04-21 00:29:09.638 STDERR [INFO] SLF4J: Class path contains multiple SLF4J bindings.
2016-04-21 00:29:09.642 STDERR [INFO] SLF4J: Found binding in [jar:file:/home/peifeng/storm-0.10.0/lib/log4j-slf4j-impl-2.1.jar!/org/slf4j/impl/StaticLoggerBinder.class]
2016-04-21 00:29:09.642 STDERR [INFO] SLF4J: Found binding in [jar:file:/home/peifeng/storm-0.10.0/data/supervisor/stormdist/spout_only-1-1461212939/stormjar.jar!/org/slf4j/impl/StaticLoggerBinder.class]
2016-04-21 00:29:09.643 STDERR [INFO] SLF4J: See http://www.slf4j.org/codes.html#multiple_bindings for an explanation.
2016-04-21 00:29:09.643 STDERR [INFO] SLF4J: Actual binding is of type [org.apache.logging.slf4j.Log4jLoggerFactory]
2016-04-21 00:29:10.001 b.s.u.Utils [INFO] Using defaults.yaml from resources
2016-04-21 00:29:10.078 b.s.u.Utils [INFO] Using storm.yaml from resources
2016-04-21 00:29:10.721 o.a.s.s.o.a.z.ZooKeeper [INFO] Client environment:zookeeper.version=3.4.6-1569965, built on 02/20/2014 09:09 GMT
2016-04-21 00:29:10.721 o.a.s.s.o.a.z.ZooKeeper [INFO] Client environment:host.name=clarity26
2016-04-21 00:29:10.721 o.a.s.s.o.a.z.ZooKeeper [INFO] Client environment:java.version=1.7.0_95
2016-04-21 00:29:10.722 o.a.s.s.o.a.z.ZooKeeper [INFO] Client environment:java.vendor=Oracle Corporation
2016-04-21 00:29:10.722 o.a.s.s.o.a.z.ZooKeeper [INFO] Client environment:java.home=/usr/lib/jvm/java-7-openjdk-amd64/jre
2016-04-21 00:29:10.722 o.a.s.s.o.a.z.ZooKeeper [INFO] Client environment:java.class.path=/home/peifeng/storm-0.10.0/lib/kryo-2.21.jar:/home/peifeng/storm-0.10.0/lib/minlog-1.2.jar:/home/peifeng/storm-0.10.0/lib/disruptor-2.10.4.jar:/home/peifeng/storm-0.10.0/lib/log4j-slf4j-impl-2.1.jar:/home/peifeng/storm-0.10.0/lib/servlet-api-2.5.jar:/home/peifeng/storm-0.10.0/lib/log4j-api-2.1.jar:/home/peifeng/storm-0.10.0/lib/hadoop-auth-2.4.0.jar:/home/peifeng/storm-0.10.0/lib/reflectasm-1.07-shaded.jar:/home/peifeng/storm-0.10.0/lib/storm-core-0.10.0.jar:/home/peifeng/storm-0.10.0/lib/asm-4.0.jar:/home/peifeng/storm-0.10.0/lib/storm-graphite-0.2.4-SNAPSHOT-all.jar:/home/peifeng/storm-0.10.0/lib/slf4j-api-1.7.7.jar:/home/peifeng/storm-0.10.0/lib/clojure-1.6.0.jar:/home/peifeng/storm-0.10.0/lib/log4j-over-slf4j-1.6.6.jar:/home/peifeng/storm-0.10.0/lib/log4j-core-2.1.jar:/home/peifeng/storm-0.10.0/conf:/home/peifeng/storm-0.10.0/data/supervisor/stormdist/spout_only-1-1461212939/stormjar.jar
2016-04-21 00:29:10.722 o.a.s.s.o.a.z.ZooKeeper [INFO] Client environment:java.library.path=/home/peifeng/storm-0.10.0/data/supervisor/stormdist/spout_only-1-1461212939/resources/Linux-amd64:/home/peifeng/storm-0.10.0/data/supervisor/stormdist/spout_only-1-1461212939/resources:/usr/lib/jvm/java-7-openjdk-amd64/
2016-04-21 00:29:10.722 o.a.s.s.o.a.z.ZooKeeper [INFO] Client environment:java.io.tmpdir=/tmp
2016-04-21 00:29:10.722 o.a.s.s.o.a.z.ZooKeeper [INFO] Client environment:java.compiler=<NA>
2016-04-21 00:29:10.722 o.a.s.s.o.a.z.ZooKeeper [INFO] Client environment:os.name=Linux
2016-04-21 00:29:10.722 o.a.s.s.o.a.z.ZooKeeper [INFO] Client environment:os.arch=amd64
2016-04-21 00:29:10.722 o.a.s.s.o.a.z.ZooKeeper [INFO] Client environment:os.version=3.19.0-56-generic
2016-04-21 00:29:10.722 o.a.s.s.o.a.z.ZooKeeper [INFO] Client environment:user.name=peifeng
2016-04-21 00:29:10.723 o.a.s.s.o.a.z.ZooKeeper [INFO] Client environment:user.home=/home/peifeng
2016-04-21 00:29:10.723 o.a.s.s.o.a.z.ZooKeeper [INFO] Client environment:user.dir=/home/peifeng/storm-0.10.0/data/workers/9e1fb31d-13b1-4841-85b8-949c35cd069f
2016-04-21 00:29:10.730 o.a.s.s.o.a.z.s.ZooKeeperServer [INFO] Server environment:zookeeper.version=3.4.6-1569965, built on 02/20/2014 09:09 GMT
2016-04-21 00:29:10.730 o.a.s.s.o.a.z.s.ZooKeeperServer [INFO] Server environment:host.name=clarity26
2016-04-21 00:29:10.730 o.a.s.s.o.a.z.s.ZooKeeperServer [INFO] Server environment:java.version=1.7.0_95
2016-04-21 00:29:10.730 o.a.s.s.o.a.z.s.ZooKeeperServer [INFO] Server environment:java.vendor=Oracle Corporation
2016-04-21 00:29:10.731 o.a.s.s.o.a.z.s.ZooKeeperServer [INFO] Server environment:java.home=/usr/lib/jvm/java-7-openjdk-amd64/jre
2016-04-21 00:29:10.731 o.a.s.s.o.a.z.s.ZooKeeperServer [INFO] Server environment:java.class.path=/home/peifeng/storm-0.10.0/lib/kryo-2.21.jar:/home/peifeng/storm-0.10.0/lib/minlog-1.2.jar:/home/peifeng/storm-0.10.0/lib/disruptor-2.10.4.jar:/home/peifeng/storm-0.10.0/lib/log4j-slf4j-impl-2.1.jar:/home/peifeng/storm-0.10.0/lib/servlet-api-2.5.jar:/home/peifeng/storm-0.10.0/lib/log4j-api-2.1.jar:/home/peifeng/storm-0.10.0/lib/hadoop-auth-2.4.0.jar:/home/peifeng/storm-0.10.0/lib/reflectasm-1.07-shaded.jar:/home/peifeng/storm-0.10.0/lib/storm-core-0.10.0.jar:/home/peifeng/storm-0.10.0/lib/asm-4.0.jar:/home/peifeng/storm-0.10.0/lib/storm-graphite-0.2.4-SNAPSHOT-all.jar:/home/peifeng/storm-0.10.0/lib/slf4j-api-1.7.7.jar:/home/peifeng/storm-0.10.0/lib/clojure-1.6.0.jar:/home/peifeng/storm-0.10.0/lib/log4j-over-slf4j-1.6.6.jar:/home/peifeng/storm-0.10.0/lib/log4j-core-2.1.jar:/home/peifeng/storm-0.10.0/conf:/home/peifeng/storm-0.10.0/data/supervisor/stormdist/spout_only-1-1461212939/stormjar.jar
2016-04-21 00:29:10.731 o.a.s.s.o.a.z.s.ZooKeeperServer [INFO] Server environment:java.library.path=/home/peifeng/storm-0.10.0/data/supervisor/stormdist/spout_only-1-1461212939/resources/Linux-amd64:/home/peifeng/storm-0.10.0/data/supervisor/stormdist/spout_only-1-1461212939/resources:/usr/lib/jvm/java-7-openjdk-amd64/
2016-04-21 00:29:10.731 o.a.s.s.o.a.z.s.ZooKeeperServer [INFO] Server environment:java.io.tmpdir=/tmp
2016-04-21 00:29:10.731 o.a.s.s.o.a.z.s.ZooKeeperServer [INFO] Server environment:java.compiler=<NA>
2016-04-21 00:29:10.731 o.a.s.s.o.a.z.s.ZooKeeperServer [INFO] Server environment:os.name=Linux
2016-04-21 00:29:10.731 o.a.s.s.o.a.z.s.ZooKeeperServer [INFO] Server environment:os.arch=amd64
2016-04-21 00:29:10.731 o.a.s.s.o.a.z.s.ZooKeeperServer [INFO] Server environment:os.version=3.19.0-56-generic
2016-04-21 00:29:10.731 o.a.s.s.o.a.z.s.ZooKeeperServer [INFO] Server environment:user.name=peifeng
2016-04-21 00:29:10.731 o.a.s.s.o.a.z.s.ZooKeeperServer [INFO] Server environment:user.home=/home/peifeng
2016-04-21 00:29:10.732 o.a.s.s.o.a.z.s.ZooKeeperServer [INFO] Server environment:user.dir=/home/peifeng/storm-0.10.0/data/workers/9e1fb31d-13b1-4841-85b8-949c35cd069f
2016-04-21 00:29:10.878 b.s.u.Utils [INFO] Using defaults.yaml from resources
2016-04-21 00:29:10.898 b.s.u.Utils [INFO] Using storm.yaml from resources
2016-04-21 00:29:10.971 b.s.d.worker [INFO] Launching worker for spout_only-1-1461212939 on 23f2962a-8585-4b77-a250-a87c4f6459c5:6720 with id 9e1fb31d-13b1-4841-85b8-949c35cd069f and conf {"topology.builtin.metrics.bucket.size.secs" 10, "nimbus.childopts" "-Xmx1024m", "ui.filter.params" nil, "storm.cluster.mode" "distributed", "storm.messaging.netty.client_worker_threads" 1, "supervisor.run.worker.as.user" false, "topology.max.task.parallelism" nil, "zmq.threads" 1, "storm.group.mapping.service" "backtype.storm.security.auth.ShellBasedGroupsMapping", "transactional.zookeeper.root" "/transactional", "topology.sleep.spout.wait.strategy.time.ms" 1, "drpc.invocations.port" 3773, "topology.multilang.serializer" "backtype.storm.multilang.JsonSerializer", "storm.messaging.netty.server_worker_threads" 1, "topology.max.error.report.per.interval" 5, "storm.thrift.transport" "backtype.storm.security.auth.SimpleTransportPlugin", "zmq.hwm" 0, "storm.principal.tolocal" "backtype.storm.security.auth.DefaultPrincipalToLocal", "supervisor.worker.shutdown.sleep.secs" 1, "storm.zookeeper.retry.times" 5, "ui.actions.enabled" true, "zmq.linger.millis" 5000, "supervisor.enable" true, "topology.stats.sample.rate" 1, "storm.messaging.netty.min_wait_ms" 100, "storm.zookeeper.port" 2181, "supervisor.heartbeat.frequency.secs" 5, "topology.enable.message.timeouts" true, "drpc.worker.threads" 64, "drpc.queue.size" 128, "drpc.https.keystore.password" "", "logviewer.port" 8000, "nimbus.reassign" true, "topology.executor.send.buffer.size" 1024, "topology.spout.wait.strategy" "backtype.storm.spout.SleepSpoutWaitStrategy", "ui.host" "0.0.0.0", "storm.nimbus.retry.interval.millis" 2000, "nimbus.inbox.jar.expiration.secs" 3600, "dev.zookeeper.path" "/tmp/dev-storm-zookeeper", "topology.acker.executors" nil, "topology.fall.back.on.java.serialization" true, "storm.zookeeper.servers" ["clarity26.eecs.umich.edu"], "nimbus.thrift.threads" 64, "logviewer.cleanup.age.mins" 10080, "topology.worker.childopts" nil, "topology.classpath" nil, "supervisor.monitor.frequency.secs" 3, "nimbus.credential.renewers.freq.secs" 600, "topology.skip.missing.kryo.registrations" false, "drpc.authorizer.acl.filename" "drpc-auth-acl.yaml", "storm.group.mapping.service.cache.duration.secs" 120, "topology.testing.always.try.serialize" false, "nimbus.monitor.freq.secs" 10, "supervisor.supervisors" [], "topology.tasks" nil, "topology.bolts.outgoing.overflow.buffer.enable" false, "storm.messaging.netty.socket.backlog" 500, "topology.workers" 1, "storm.local.dir" "/home/peifeng/storm-0.10.0/data", "worker.childopts" "-Xmx768m", "storm.auth.simple-white-list.users" [], "topology.message.timeout.secs" 30, "topology.state.synchronization.timeout.secs" 60, "topology.tuple.serializer" "backtype.storm.serialization.types.ListDelegateSerializer", "supervisor.supervisors.commands" [], "logviewer.childopts" "-Xmx128m", "topology.environment" nil, "topology.debug" false, "storm.messaging.netty.max_retries" 300, "ui.childopts" "-Xmx768m", "storm.zookeeper.session.timeout" 20000, "drpc.childopts" "-Xmx768m", "drpc.http.creds.plugin" "backtype.storm.security.auth.DefaultHttpCredentialsPlugin", "storm.zookeeper.connection.timeout" 15000, "storm.zookeeper.auth.user" nil, "storm.meta.serialization.delegate" "backtype.storm.serialization.GzipThriftSerializationDelegate", "topology.max.spout.pending" nil, "nimbus.supervisor.timeout.secs" 60, "nimbus.task.timeout.secs" 30, "drpc.port" 3772, "storm.zookeeper.retry.intervalceiling.millis" 30000, "nimbus.thrift.port" 6627, "storm.auth.simple-acl.admins" [], "storm.nimbus.retry.times" 5, "supervisor.worker.start.timeout.secs" 120, "storm.zookeeper.retry.interval" 1000, "logs.users" nil, "transactional.zookeeper.port" nil, "drpc.max_buffer_size" 1048576, "task.credentials.poll.secs" 30, "drpc.https.keystore.type" "JKS", "topology.worker.receiver.thread.count" 1, "supervisor.slots.ports" [6700 6701 6702 6703 6704 6705 6706 6707 6708 6709 6710 6711 6712 6713 6714 6715 6716 6717 6718 6719 6720 6721 6722 6723 6724 6725 6726 6727 6728 6729 6730 6731], "topology.transfer.buffer.size" 1024, "topology.worker.shared.thread.pool.size" 4, "drpc.authorizer.acl.strict" false, "nimbus.file.copy.expiration.secs" 600, "topology.executor.receive.buffer.size" 1024, "nimbus.task.launch.secs" 120, "storm.local.mode.zmq" false, "storm.messaging.netty.buffer_size" 5242880, "worker.heartbeat.frequency.secs" 1, "ui.http.creds.plugin" "backtype.storm.security.auth.DefaultHttpCredentialsPlugin", "storm.zookeeper.root" "/storm", "topology.tick.tuple.freq.secs" nil, "drpc.https.port" -1, "task.refresh.poll.secs" 10, "task.heartbeat.frequency.secs" 3, "storm.messaging.netty.max_wait_ms" 1000, "nimbus.impersonation.authorizer" "backtype.storm.security.auth.authorizer.ImpersonationAuthorizer", "drpc.http.port" 3774, "topology.error.throttle.interval.secs" 10, "storm.messaging.transport" "backtype.storm.messaging.netty.Context", "storm.messaging.netty.authentication" false, "topology.kryo.factory" "backtype.storm.serialization.DefaultKryoFactory", "worker.gc.childopts" "", "nimbus.topology.validator" "backtype.storm.nimbus.DefaultTopologyValidator", "nimbus.cleanup.inbox.freq.secs" 600, "ui.users" nil, "transactional.zookeeper.servers" nil, "supervisor.worker.timeout.secs" 30, "storm.zookeeper.auth.password" nil, "supervisor.childopts" "-Xmx256m", "ui.filter" nil, "ui.header.buffer.bytes" 4096, "topology.disruptor.wait.timeout.millis" 1000, "storm.nimbus.retry.intervalceiling.millis" 60000, "topology.trident.batch.emit.interval.millis" 500, "topology.disruptor.wait.strategy" "com.lmax.disruptor.BlockingWaitStrategy", "storm.auth.simple-acl.users" [], "drpc.invocations.threads" 64, "java.library.path" "/usr/lib/jvm/java-7-openjdk-amd64/", "ui.port" 8772, "storm.messaging.netty.transfer.batch.size" 262144, "logviewer.appender.name" "A1", "nimbus.thrift.max_buffer_size" 1048576, "nimbus.host" "clarity26.eecs.umich.edu", "storm.auth.simple-acl.users.commands" [], "drpc.request.timeout.secs" 600}
2016-04-21 00:29:10.992 b.s.u.StormBoundedExponentialBackoffRetry [INFO] The baseSleepTimeMs [1000] the maxSleepTimeMs [30000] the maxRetries [5]
2016-04-21 00:29:11.036 o.a.s.s.o.a.c.f.i.CuratorFrameworkImpl [INFO] Starting
2016-04-21 00:29:11.038 o.a.s.s.o.a.z.ZooKeeper [INFO] Initiating client connection, connectString=clarity26.eecs.umich.edu:2181 sessionTimeout=20000 watcher=org.apache.storm.shade.org.apache.curator.ConnectionState@2e14f5bf
2016-04-21 00:29:11.055 o.a.s.s.o.a.z.ClientCnxn [INFO] Opening socket connection to server clarity26/141.212.106.174:2181. Will not attempt to authenticate using SASL (unknown error)
2016-04-21 00:29:11.060 o.a.s.s.o.a.z.ClientCnxn [INFO] Socket connection established to clarity26/141.212.106.174:2181, initiating session
2016-04-21 00:29:11.077 o.a.s.s.o.a.z.ClientCnxn [INFO] Session establishment complete on server clarity26/141.212.106.174:2181, sessionid = 0x1543713bf400004, negotiated timeout = 20000
2016-04-21 00:29:11.079 o.a.s.s.o.a.c.f.s.ConnectionStateManager [INFO] State change: CONNECTED
2016-04-21 00:29:11.080 b.s.zookeeper [INFO] Zookeeper state update: :connected:none
2016-04-21 00:29:12.100 o.a.s.s.o.a.z.ZooKeeper [INFO] Session: 0x1543713bf400004 closed
2016-04-21 00:29:12.100 o.a.s.s.o.a.z.ClientCnxn [INFO] EventThread shut down
2016-04-21 00:29:12.103 b.s.u.StormBoundedExponentialBackoffRetry [INFO] The baseSleepTimeMs [1000] the maxSleepTimeMs [30000] the maxRetries [5]
2016-04-21 00:29:12.104 o.a.s.s.o.a.c.f.i.CuratorFrameworkImpl [INFO] Starting
2016-04-21 00:29:12.104 o.a.s.s.o.a.z.ZooKeeper [INFO] Initiating client connection, connectString=clarity26.eecs.umich.edu:2181/storm sessionTimeout=20000 watcher=org.apache.storm.shade.org.apache.curator.ConnectionState@2e0e3609
2016-04-21 00:29:12.106 o.a.s.s.o.a.z.ClientCnxn [INFO] Opening socket connection to server clarity26/141.212.106.174:2181. Will not attempt to authenticate using SASL (unknown error)
2016-04-21 00:29:12.106 o.a.s.s.o.a.z.ClientCnxn [INFO] Socket connection established to clarity26/141.212.106.174:2181, initiating session
2016-04-21 00:29:12.117 o.a.s.s.o.a.z.ClientCnxn [INFO] Session establishment complete on server clarity26/141.212.106.174:2181, sessionid = 0x1543713bf400006, negotiated timeout = 20000
2016-04-21 00:29:12.117 o.a.s.s.o.a.c.f.s.ConnectionStateManager [INFO] State change: CONNECTED
2016-04-21 00:29:12.173 b.s.s.a.AuthUtils [INFO] Got AutoCreds []
2016-04-21 00:29:12.175 b.s.d.worker [INFO] Reading Assignments.
2016-04-21 00:29:12.208 b.s.m.TransportFactory [INFO] Storm peer transport plugin:backtype.storm.messaging.netty.Context
2016-04-21 00:29:12.248 b.s.m.n.Server [INFO] Create Netty Server Netty-server-localhost-6720, buffer_size: 5242880, maxWorkers: 1
2016-04-21 00:29:12.329 b.s.d.worker [INFO] Launching receive-thread for 23f2962a-8585-4b77-a250-a87c4f6459c5:6720
2016-04-21 00:29:12.333 b.s.m.loader [INFO] Starting receive-thread: [stormId: spout_only-1-1461212939, port: 6720, thread-id: 0 ]
2016-04-21 00:29:12.352 b.s.m.n.Client [INFO] creating Netty Client, connecting to clarity26:6721, bufferSize: 5242880
2016-04-21 00:29:12.352 o.a.s.s.o.a.c.r.ExponentialBackoffRetry [WARN] maxRetries too large (300). Pinning to 29
2016-04-21 00:29:12.353 b.s.u.StormBoundedExponentialBackoffRetry [INFO] The baseSleepTimeMs [100] the maxSleepTimeMs [1000] the maxRetries [300]
2016-04-21 00:29:12.573 b.s.d.executor [INFO] Loading executor __acker:[2 2]
2016-04-21 00:29:12.584 b.s.d.executor [INFO] Loaded executor tasks __acker:[2 2]
2016-04-21 00:29:12.591 b.s.d.executor [INFO] Timeouts disabled for executor __acker:[2 2]
2016-04-21 00:29:12.591 b.s.d.executor [INFO] Finished loading executor __acker:[2 2]
2016-04-21 00:29:12.600 b.s.d.executor [INFO] Loading executor __system:[-1 -1]
2016-04-21 00:29:12.601 b.s.d.executor [INFO] Loaded executor tasks __system:[-1 -1]
2016-04-21 00:29:12.602 b.s.d.executor [INFO] Finished loading executor __system:[-1 -1]
2016-04-21 00:29:12.610 b.s.d.executor [INFO] Loading executor noop:[4 4]
2016-04-21 00:29:12.615 b.s.d.executor [INFO] Loaded executor tasks noop:[4 4]
2016-04-21 00:29:12.618 b.s.d.executor [INFO] Finished loading executor noop:[4 4]
2016-04-21 00:29:12.642 b.s.d.worker [INFO] Worker has topology config {"topology.builtin.metrics.bucket.size.secs" 10, "nimbus.childopts" "-Xmx1024m", "ui.filter.params" nil, "storm.cluster.mode" "distributed", "storm.messaging.netty.client_worker_threads" 1, "supervisor.run.worker.as.user" false, "topology.max.task.parallelism" nil, "zmq.threads" 1, "storm.group.mapping.service" "backtype.storm.security.auth.ShellBasedGroupsMapping", "transactional.zookeeper.root" "/transactional", "topology.sleep.spout.wait.strategy.time.ms" 1, "drpc.invocations.port" 3773, "topology.multilang.serializer" "backtype.storm.multilang.JsonSerializer", "storm.messaging.netty.server_worker_threads" 1, "topology.max.error.report.per.interval" 5, "storm.thrift.transport" "backtype.storm.security.auth.SimpleTransportPlugin", "zmq.hwm" 0, "storm.principal.tolocal" "backtype.storm.security.auth.DefaultPrincipalToLocal", "supervisor.worker.shutdown.sleep.secs" 1, "storm.zookeeper.retry.times" 5, "ui.actions.enabled" true, "zmq.linger.millis" 5000, "supervisor.enable" true, "topology.stats.sample.rate" 1, "storm.messaging.netty.min_wait_ms" 100, "storm.zookeeper.port" 2181, "supervisor.heartbeat.frequency.secs" 5, "topology.enable.message.timeouts" true, "drpc.worker.threads" 64, "drpc.queue.size" 128, "drpc.https.keystore.password" "", "logviewer.port" 8000, "nimbus.reassign" true, "topology.executor.send.buffer.size" 1024, "topology.spout.wait.strategy" "backtype.storm.spout.SleepSpoutWaitStrategy", "ui.host" "0.0.0.0", "topology.submitter.principal" "", "storm.nimbus.retry.interval.millis" 2000, "nimbus.inbox.jar.expiration.secs" 3600, "dev.zookeeper.path" "/tmp/dev-storm-zookeeper", "topology.acker.executors" nil, "topology.fall.back.on.java.serialization" true, "storm.zookeeper.servers" ["clarity26.eecs.umich.edu"], "nimbus.thrift.threads" 64, "logviewer.cleanup.age.mins" 10080, "topology.worker.childopts" nil, "topology.classpath" nil, "supervisor.monitor.frequency.secs" 3, "nimbus.credential.renewers.freq.secs" 600, "topology.skip.missing.kryo.registrations" false, "drpc.authorizer.acl.filename" "drpc-auth-acl.yaml", "storm.group.mapping.service.cache.duration.secs" 120, "topology.testing.always.try.serialize" false, "nimbus.monitor.freq.secs" 10, "supervisor.supervisors" [], "topology.tasks" nil, "topology.bolts.outgoing.overflow.buffer.enable" false, "storm.messaging.netty.socket.backlog" 500, "topology.workers" 2, "storm.local.dir" "/home/peifeng/storm-0.10.0/data", "worker.childopts" "-Xmx768m", "stormcv.caches.timeout" 30, "storm.auth.simple-white-list.users" [], "topology.message.timeout.secs" 25, "topology.state.synchronization.timeout.secs" 60, "stormcv.log.profiling" true, "topology.tuple.serializer" "backtype.storm.serialization.types.ListDelegateSerializer", "supervisor.supervisors.commands" [], "logviewer.childopts" "-Xmx128m", "topology.environment" nil, "topology.debug" false, "storm.messaging.netty.max_retries" 300, "ui.childopts" "-Xmx768m", "storm.zookeeper.session.timeout" 20000, "drpc.childopts" "-Xmx768m", "drpc.http.creds.plugin" "backtype.storm.security.auth.DefaultHttpCredentialsPlugin", "storm.zookeeper.connection.timeout" 15000, "storm.zookeeper.auth.user" nil, "storm.meta.serialization.delegate" "backtype.storm.serialization.GzipThriftSerializationDelegate", "topology.max.spout.pending" 20000, "nimbus.supervisor.timeout.secs" 60, "nimbus.task.timeout.secs" 30, "storm.zookeeper.superACL" nil, "drpc.port" 3772, "storm.zookeeper.retry.intervalceiling.millis" 30000, "nimbus.thrift.port" 6627, "storm.auth.simple-acl.admins" [], "stormcv.spout.faulttolerant" true, "storm.nimbus.retry.times" 5, "supervisor.worker.start.timeout.secs" 120, "storm.zookeeper.retry.interval" 1000, "logs.users" nil, "transactional.zookeeper.port" nil, "drpc.max_buffer_size" 1048576, "task.credentials.poll.secs" 30, "stormcv.connectors" ["nl.tno.stormcv.util.connector.LocalFileConnector" "nl.tno.stormcv.util.connector.S3Connector" "nl.tno.stormcv.util.connector.FtpConnector" "nl.tno.stormcv.util.connector.ClasspathConnector"], "drpc.https.keystore.type" "JKS", "topology.worker.receiver.thread.count" 1, "supervisor.slots.ports" [6700 6701 6702 6703 6704 6705 6706 6707 6708 6709 6710 6711 6712 6713 6714 6715 6716 6717 6718 6719 6720 6721 6722 6723 6724 6725 6726 6727 6728 6729 6730 6731], "topology.transfer.buffer.size" 2, "topology.worker.shared.thread.pool.size" 4, "drpc.authorizer.acl.strict" false, "nimbus.file.copy.expiration.secs" 600, "topology.executor.receive.buffer.size" 1024, "stormcv.frame.encoding" "jpg", "topology.users" [], "nimbus.task.launch.secs" 120, "storm.local.mode.zmq" false, "storm.messaging.netty.buffer_size" 5242880, "worker.heartbeat.frequency.secs" 1, "ui.http.creds.plugin" "backtype.storm.security.auth.DefaultHttpCredentialsPlugin", "storm.zookeeper.root" "/storm", "topology.submitter.user" "", "topology.tick.tuple.freq.secs" nil, "drpc.https.port" -1, "task.refresh.poll.secs" 10, "task.heartbeat.frequency.secs" 3, "storm.messaging.netty.max_wait_ms" 1000, "nimbus.impersonation.authorizer" "backtype.storm.security.auth.authorizer.ImpersonationAuthorizer", "drpc.http.port" 3774, "topology.error.throttle.interval.secs" 10, "storm.messaging.transport" "backtype.storm.messaging.netty.Context", "storm.messaging.netty.authentication" false, "topology.kryo.factory" "backtype.storm.serialization.DefaultKryoFactory", "topology.kryo.register" {"nl.tno.stormcv.model.GroupOfFrames" "nl.tno.stormcv.model.serializer.GroupOfFramesSerializer", "nl.tno.stormcv.model.VideoChunk" "nl.tno.stormcv.model.serializer.VideoChunkSerializer", "nl.tno.stormcv.model.Descriptor" "nl.tno.stormcv.model.serializer.DescriptorSerializer", "nl.tno.stormcv.model.Feature" "nl.tno.stormcv.model.serializer.FeatureSerializer", "nl.tno.stormcv.model.Frame" "nl.tno.stormcv.model.serializer.FrameSerializer"}, "worker.gc.childopts" "", "nimbus.topology.validator" "backtype.storm.nimbus.DefaultTopologyValidator", "nimbus.cleanup.inbox.freq.secs" 600, "ui.users" nil, "transactional.zookeeper.servers" nil, "supervisor.worker.timeout.secs" 30, "storm.zookeeper.auth.password" nil, "supervisor.childopts" "-Xmx256m", "ui.filter" nil, "ui.header.buffer.bytes" 4096, "topology.disruptor.wait.timeout.millis" 1000, "storm.nimbus.retry.intervalceiling.millis" 60000, "topology.trident.batch.emit.interval.millis" 500, "topology.disruptor.wait.strategy" "com.lmax.disruptor.BlockingWaitStrategy", "storm.auth.simple-acl.users" [], "drpc.invocations.threads" 64, "java.library.path" "/usr/lib/jvm/java-7-openjdk-amd64/", "ui.port" 8772, "topology.kryo.decorators" [], "storm.id" "spout_only-1-1461212939", "topology.name" "spout_only", "storm.messaging.netty.transfer.batch.size" 262144, "logviewer.appender.name" "A1", "nimbus.thrift.max_buffer_size" 1048576, "nimbus.host" "clarity26.eecs.umich.edu", "storm.auth.simple-acl.users.commands" [], "drpc.request.timeout.secs" 600}
2016-04-21 00:29:12.642 b.s.d.worker [INFO] Worker 9e1fb31d-13b1-4841-85b8-949c35cd069f for storm spout_only-1-1461212939 on 23f2962a-8585-4b77-a250-a87c4f6459c5:6720 has finished loading
2016-04-21 00:29:13.303 b.s.d.worker [INFO] All connections are ready for worker 23f2962a-8585-4b77-a250-a87c4f6459c5:6720 with id 9e1fb31d-13b1-4841-85b8-949c35cd069f
2016-04-21 00:29:13.326 b.s.d.executor [INFO] Preparing bolt noop:(4)
2016-04-21 00:29:13.330 b.s.d.executor [INFO] Prepared bolt noop:(4)
2016-04-21 00:29:13.392 b.s.d.executor [INFO] Preparing bolt __acker:(2)
2016-04-21 00:29:13.394 b.s.d.executor [INFO] Prepared bolt __acker:(2)
2016-04-21 00:29:13.403 b.s.d.executor [INFO] Preparing bolt __system:(-1)
2016-04-21 00:29:13.406 b.s.d.executor [INFO] Prepared bolt __system:(-1)
2016-04-21 00:29:23.409 b.s.m.n.Client [INFO] Getting metrics for client connection to Netty-Client-clarity26/141.212.106.174:6721
2016-04-21 00:29:23.410 b.s.m.n.Server [INFO] Getting metrics for server on port 6720
2016-04-21 00:29:33.408 b.s.m.n.Client [INFO] Getting metrics for client connection to Netty-Client-clarity26/141.212.106.174:6721
2016-04-21 00:29:33.409 b.s.m.n.Server [INFO] Getting metrics for server on port 6720
2016-04-21 00:29:43.409 b.s.m.n.Client [INFO] Getting metrics for client connection to Netty-Client-clarity26/141.212.106.174:6721
2016-04-21 00:29:43.409 b.s.m.n.Server [INFO] Getting metrics for server on port 6720
2016-04-21 00:29:53.409 b.s.m.n.Client [INFO] Getting metrics for client connection to Netty-Client-clarity26/141.212.106.174:6721
2016-04-21 00:29:53.409 b.s.m.n.Server [INFO] Getting metrics for server on port 6720
2016-04-21 00:29:57.254 b.s.d.worker [INFO] Shutting down worker spout_only-1-1461212939 23f2962a-8585-4b77-a250-a87c4f6459c5 6720
2016-04-21 00:29:57.255 b.s.m.n.Client [INFO] closing Netty Client Netty-Client-clarity26/141.212.106.174:6721
2016-04-21 00:29:57.255 b.s.m.n.Client [INFO] waiting up to 600000 ms to send 0 pending messages to Netty-Client-clarity26/141.212.106.174:6721
2016-04-21 00:29:57.294 b.s.d.worker [INFO] Shutting down receive thread
2016-04-21 00:29:57.294 b.s.m.loader [INFO] Shutting down receiving-thread: [spout_only-1-1461212939, 6720]
2016-04-21 00:29:57.295 b.s.m.loader [INFO] Waiting for receiving-thread:[spout_only-1-1461212939, 6720] to die
2016-04-21 00:29:57.296 b.s.m.loader [INFO] Shutdown receiving-thread: [spout_only-1-1461212939, 6720]
2016-04-21 00:29:57.296 b.s.d.worker [INFO] Shut down receive thread
2016-04-21 00:29:57.296 b.s.d.worker [INFO] Terminating messaging context
2016-04-21 00:29:57.297 b.s.d.worker [INFO] Shutting down executors
2016-04-21 00:29:57.297 b.s.d.executor [INFO] Shutting down executor __acker:[2 2]
2016-04-21 00:29:57.298 b.s.util [INFO] Async loop interrupted!
2016-04-21 00:29:57.298 b.s.util [INFO] Async loop interrupted!
2016-04-21 00:29:57.300 b.s.d.executor [INFO] Shut down executor __acker:[2 2]
2016-04-21 00:29:57.300 b.s.d.executor [INFO] Shutting down executor __system:[-1 -1]
2016-04-21 00:29:57.301 b.s.util [INFO] Async loop interrupted!
2016-04-21 00:29:57.301 b.s.util [INFO] Async loop interrupted!
2016-04-21 00:29:57.301 b.s.d.executor [INFO] Shut down executor __system:[-1 -1]
2016-04-21 00:29:57.302 b.s.d.executor [INFO] Shutting down executor noop:[4 4]
2016-04-21 00:29:57.302 b.s.util [INFO] Async loop interrupted!
2016-04-21 00:29:57.302 b.s.util [INFO] Async loop interrupted!
2016-04-21 00:29:57.303 b.s.d.executor [INFO] Shut down executor noop:[4 4]
2016-04-21 00:29:57.303 b.s.d.worker [INFO] Shut down executors
2016-04-21 00:29:57.310 b.s.d.worker [INFO] Shutting down transfer thread
2016-04-21 00:29:57.310 b.s.util [INFO] Async loop interrupted!
2016-04-21 00:29:57.310 b.s.d.worker [INFO] Shut down transfer thread
2016-04-21 00:29:57.312 b.s.d.worker [INFO] Shutting down default resources
2016-04-21 00:29:57.313 b.s.d.worker [INFO] Shut down default resources
2016-04-21 00:29:57.356 b.s.d.worker [INFO] Disconnecting from storm cluster state context
2016-04-21 00:29:57.365 b.s.d.worker [INFO] Shut down worker spout_only-1-1461212939 23f2962a-8585-4b77-a250-a87c4f6459c5 6720
